<?xml version="1.0" encoding="UTF-8"?>
<testsuite name="com.example.serverjava.ServiceTests.ProductServiceTest" tests="1" skipped="0" failures="0" errors="0" timestamp="2024-02-12T23:15:30" hostname="DESKTOP-D5705G5" time="0.005">
  <properties/>
  <testcase name="testGetProductById()" classname="com.example.serverjava.ServiceTests.ProductServiceTest" time="0.005"/>
  <system-out><![CDATA[2024-02-13T00:15:29.555+01:00  INFO 29751 --- [    Test worker] t.c.s.AnnotationConfigContextLoaderUtils : Could not detect default configuration classes for test class [com.example.serverjava.ServiceTests.ProductServiceTest]: ProductServiceTest does not declare any static, non-private, non-final, nested classes annotated with @Configuration.
2024-02-13T00:15:29.556+01:00  INFO 29751 --- [    Test worker] .b.t.c.SpringBootTestContextBootstrapper : Found @SpringBootConfiguration com.example.serverjava.ServerJavaApplication for test class com.example.serverjava.ServiceTests.ProductServiceTest

  .   ____          _            __ _ _
 /\\ / ___'_ __ _ _(_)_ __  __ _ \ \ \ \
( ( )\___ | '_ | '_| | '_ \/ _` | \ \ \ \
 \\/  ___)| |_)| | | | | || (_| |  ) ) ) )
  '  |____| .__|_| |_|_| |_\__, | / / / /
 =========|_|==============|___/=/_/_/_/
 :: Spring Boot ::                (v3.1.4)

2024-02-13T00:15:29.567+01:00  INFO 29751 --- [    Test worker] c.e.s.ServiceTests.ProductServiceTest    : Starting ProductServiceTest using Java 17.0.9 with PID 29751 (started by bareldan in /home/bareldan/FOODURA)
2024-02-13T00:15:29.567+01:00  INFO 29751 --- [    Test worker] c.e.s.ServiceTests.ProductServiceTest    : No active profile set, falling back to 1 default profile: "default"
2024-02-13T00:15:29.656+01:00  INFO 29751 --- [    Test worker] .s.d.r.c.RepositoryConfigurationDelegate : Bootstrapping Spring Data JPA repositories in DEFAULT mode.
2024-02-13T00:15:29.664+01:00  INFO 29751 --- [    Test worker] .s.d.r.c.RepositoryConfigurationDelegate : Finished Spring Data repository scanning in 7 ms. Found 3 JPA repository interfaces.
2024-02-13T00:15:29.718+01:00  INFO 29751 --- [    Test worker] o.hibernate.jpa.internal.util.LogHelper  : HHH000204: Processing PersistenceUnitInfo [name: default]
2024-02-13T00:15:29.722+01:00  INFO 29751 --- [    Test worker] o.h.b.i.BytecodeProviderInitiator        : HHH000021: Bytecode provider name : bytebuddy
2024-02-13T00:15:29.722+01:00  INFO 29751 --- [    Test worker] o.s.o.j.p.SpringPersistenceUnitInfo      : No LoadTimeWeaver setup: ignoring JPA class transformer
2024-02-13T00:15:29.722+01:00  INFO 29751 --- [    Test worker] com.zaxxer.hikari.HikariDataSource       : HikariPool-6 - Starting...
2024-02-13T00:15:29.723+01:00  INFO 29751 --- [    Test worker] com.zaxxer.hikari.pool.HikariPool        : HikariPool-6 - Added connection conn61: url=jdbc:h2:mem:testdb user=SA
2024-02-13T00:15:29.724+01:00  INFO 29751 --- [    Test worker] com.zaxxer.hikari.HikariDataSource       : HikariPool-6 - Start completed.
2024-02-13T00:15:29.737+01:00  INFO 29751 --- [    Test worker] o.h.b.i.BytecodeProviderInitiator        : HHH000021: Bytecode provider name : bytebuddy
2024-02-13T00:15:29.776+01:00  INFO 29751 --- [    Test worker] o.h.e.t.j.p.i.JtaPlatformInitiator       : HHH000490: Using JtaPlatform implementation: [org.hibernate.engine.transaction.jta.platform.internal.NoJtaPlatform]
2024-02-13T00:15:29.791+01:00  INFO 29751 --- [    Test worker] j.LocalContainerEntityManagerFactoryBean : Initialized JPA EntityManagerFactory for persistence unit 'default'
2024-02-13T00:15:29.855+01:00  WARN 29751 --- [    Test worker] JpaBaseConfiguration$JpaWebConfiguration : spring.jpa.open-in-view is enabled by default. Therefore, database queries may be performed during view rendering. Explicitly configure spring.jpa.open-in-view to disable this warning
2024-02-13T00:15:29.893+01:00  WARN 29751 --- [    Test worker] .s.s.UserDetailsServiceAutoConfiguration : 

Using generated security password: 00542f52-3c2f-49fd-9431-dd3d290120c5

This generated password is for development use only. Your security configuration must be updated before running your application in production.

2024-02-13T00:15:29.899+01:00  INFO 29751 --- [    Test worker] o.s.s.web.DefaultSecurityFilterChain     : Will secure any request with [org.springframework.security.web.session.DisableEncodeUrlFilter@2f8c59d7, org.springframework.security.web.context.request.async.WebAsyncManagerIntegrationFilter@2a37e02b, org.springframework.security.web.context.SecurityContextHolderFilter@65782175, org.springframework.security.web.header.HeaderWriterFilter@2ad7ac1a, org.springframework.security.web.authentication.logout.LogoutFilter@257d8340, org.springframework.security.web.authentication.www.BasicAuthenticationFilter@6622a1d0, org.springframework.security.web.savedrequest.RequestCacheAwareFilter@1ea555d, org.springframework.security.web.servletapi.SecurityContextHolderAwareRequestFilter@16ca9e06, org.springframework.security.web.authentication.AnonymousAuthenticationFilter@29a1c0b7, org.springframework.security.web.session.SessionManagementFilter@1a61a2c4, org.springframework.security.web.access.ExceptionTranslationFilter@72c2d699, org.springframework.security.web.access.intercept.AuthorizationFilter@3496e06a]
2024-02-13T00:15:29.936+01:00  INFO 29751 --- [    Test worker] c.e.s.ServiceTests.ProductServiceTest    : Started ProductServiceTest in 0.377 seconds (process running for 10.696)
2024-02-13T00:15:29.940+01:00  INFO 29751 --- [    Test worker] c.example.serverjava.Config.AdminConfig  : Creating admin
2024-02-13T00:15:30.269+01:00  INFO 29751 --- [    Test worker] c.e.serverjava.Service.ProductService    : getting product with id 1
]]></system-out>
  <system-err><![CDATA[]]></system-err>
</testsuite>
