<?xml version="1.0" encoding="UTF-8"?>
<testsuite name="com.example.serverjava.ServiceTests.OrderServiceTest" tests="2" skipped="0" failures="0" errors="0" timestamp="2024-01-03T22:50:55" hostname="DESKTOP-D5705G5" time="0.01">
  <properties/>
  <testcase name="testGetOrderById()" classname="com.example.serverjava.ServiceTests.OrderServiceTest" time="0.005"/>
  <testcase name="testGetOrderByUserId()" classname="com.example.serverjava.ServiceTests.OrderServiceTest" time="0.003"/>
  <system-out><![CDATA[2024-01-03T23:50:55.008+01:00  INFO 21446 --- [    Test worker] t.c.s.AnnotationConfigContextLoaderUtils : Could not detect default configuration classes for test class [com.example.serverjava.ServiceTests.OrderServiceTest]: OrderServiceTest does not declare any static, non-private, non-final, nested classes annotated with @Configuration.
2024-01-03T23:50:55.013+01:00  INFO 21446 --- [    Test worker] .b.t.c.SpringBootTestContextBootstrapper : Found @SpringBootConfiguration com.example.serverjava.ServerJavaApplication for test class com.example.serverjava.ServiceTests.OrderServiceTest

  .   ____          _            __ _ _
 /\\ / ___'_ __ _ _(_)_ __  __ _ \ \ \ \
( ( )\___ | '_ | '_| | '_ \/ _` | \ \ \ \
 \\/  ___)| |_)| | | | | || (_| |  ) ) ) )
  '  |____| .__|_| |_|_| |_\__, | / / / /
 =========|_|==============|___/=/_/_/_/
 :: Spring Boot ::                (v3.1.4)

2024-01-03T23:50:55.030+01:00  INFO 21446 --- [    Test worker] c.e.s.ServiceTests.OrderServiceTest      : Starting OrderServiceTest using Java 17.0.9 with PID 21446 (started by bareldan in /home/bareldan/FIT/java-server)
2024-01-03T23:50:55.030+01:00  INFO 21446 --- [    Test worker] c.e.s.ServiceTests.OrderServiceTest      : No active profile set, falling back to 1 default profile: "default"
2024-01-03T23:50:55.128+01:00  INFO 21446 --- [    Test worker] .s.d.r.c.RepositoryConfigurationDelegate : Bootstrapping Spring Data JPA repositories in DEFAULT mode.
2024-01-03T23:50:55.136+01:00  INFO 21446 --- [    Test worker] .s.d.r.c.RepositoryConfigurationDelegate : Finished Spring Data repository scanning in 8 ms. Found 3 JPA repository interfaces.
2024-01-03T23:50:55.201+01:00  INFO 21446 --- [    Test worker] o.hibernate.jpa.internal.util.LogHelper  : HHH000204: Processing PersistenceUnitInfo [name: default]
2024-01-03T23:50:55.205+01:00  INFO 21446 --- [    Test worker] o.h.b.i.BytecodeProviderInitiator        : HHH000021: Bytecode provider name : bytebuddy
2024-01-03T23:50:55.205+01:00  INFO 21446 --- [    Test worker] o.s.o.j.p.SpringPersistenceUnitInfo      : No LoadTimeWeaver setup: ignoring JPA class transformer
2024-01-03T23:50:55.206+01:00  INFO 21446 --- [    Test worker] com.zaxxer.hikari.HikariDataSource       : HikariPool-5 - Starting...
2024-01-03T23:50:55.207+01:00  INFO 21446 --- [    Test worker] com.zaxxer.hikari.pool.HikariPool        : HikariPool-5 - Added connection conn51: url=jdbc:h2:mem:testdb user=SA
2024-01-03T23:50:55.207+01:00  INFO 21446 --- [    Test worker] com.zaxxer.hikari.HikariDataSource       : HikariPool-5 - Start completed.
2024-01-03T23:50:55.231+01:00  INFO 21446 --- [    Test worker] o.h.b.i.BytecodeProviderInitiator        : HHH000021: Bytecode provider name : bytebuddy
2024-01-03T23:50:55.275+01:00  INFO 21446 --- [    Test worker] o.h.e.t.j.p.i.JtaPlatformInitiator       : HHH000490: Using JtaPlatform implementation: [org.hibernate.engine.transaction.jta.platform.internal.NoJtaPlatform]
2024-01-03T23:50:55.289+01:00  INFO 21446 --- [    Test worker] j.LocalContainerEntityManagerFactoryBean : Initialized JPA EntityManagerFactory for persistence unit 'default'
2024-01-03T23:50:55.367+01:00  WARN 21446 --- [    Test worker] JpaBaseConfiguration$JpaWebConfiguration : spring.jpa.open-in-view is enabled by default. Therefore, database queries may be performed during view rendering. Explicitly configure spring.jpa.open-in-view to disable this warning
2024-01-03T23:50:55.418+01:00  WARN 21446 --- [    Test worker] .s.s.UserDetailsServiceAutoConfiguration : 

Using generated security password: 2e50744f-5354-4fbe-9360-73a9de8e7ac2

This generated password is for development use only. Your security configuration must be updated before running your application in production.

2024-01-03T23:50:55.430+01:00  INFO 21446 --- [    Test worker] o.s.s.web.DefaultSecurityFilterChain     : Will secure any request with [org.springframework.security.web.session.DisableEncodeUrlFilter@598ad90e, org.springframework.security.web.context.request.async.WebAsyncManagerIntegrationFilter@772739ee, org.springframework.security.web.context.SecurityContextHolderFilter@7c532e54, org.springframework.security.web.header.HeaderWriterFilter@2b831846, org.springframework.security.web.authentication.logout.LogoutFilter@39a2973d, org.springframework.security.web.authentication.www.BasicAuthenticationFilter@74bca3db, org.springframework.security.web.savedrequest.RequestCacheAwareFilter@17163282, org.springframework.security.web.servletapi.SecurityContextHolderAwareRequestFilter@2464490e, org.springframework.security.web.authentication.AnonymousAuthenticationFilter@f406ea2, org.springframework.security.web.session.SessionManagementFilter@139d7ced, org.springframework.security.web.access.ExceptionTranslationFilter@4605a571, org.springframework.security.web.access.intercept.AuthorizationFilter@19ac267e]
2024-01-03T23:50:55.473+01:00  INFO 21446 --- [    Test worker] c.e.s.ServiceTests.OrderServiceTest      : Started OrderServiceTest in 0.456 seconds (process running for 11.508)
2024-01-03T23:50:55.479+01:00  INFO 21446 --- [    Test worker] c.example.serverjava.Config.AdminConfig  : Creating admin
2024-01-03T23:50:55.821+01:00  INFO 21446 --- [    Test worker] c.e.serverjava.Service.OrderService      : Getting order with id 1 from the database
2024-01-03T23:50:55.826+01:00  INFO 21446 --- [    Test worker] c.e.serverjava.Service.OrderService      : Getting order with user id 1 from the database
]]></system-out>
  <system-err><![CDATA[]]></system-err>
</testsuite>
