<?xml version="1.0" encoding="UTF-8"?>
<testsuite name="com.example.serverjava.ControllerTest.OrderControllerTest" tests="3" skipped="0" failures="0" errors="0" timestamp="2023-12-29T19:51:51" hostname="bar-Latitude-3420" time="0.057">
  <properties/>
  <testcase name="changeOrder()" classname="com.example.serverjava.ControllerTest.OrderControllerTest" time="0.04"/>
  <testcase name="getOrderById()" classname="com.example.serverjava.ControllerTest.OrderControllerTest" time="0.008"/>
  <testcase name="testGetAllOrders()" classname="com.example.serverjava.ControllerTest.OrderControllerTest" time="0.004"/>
  <system-out><![CDATA[20:51:47.312 [Test worker] INFO org.springframework.test.context.support.AnnotationConfigContextLoaderUtils -- Could not detect default configuration classes for test class [com.example.serverjava.ControllerTest.OrderControllerTest]: OrderControllerTest does not declare any static, non-private, non-final, nested classes annotated with @Configuration.
20:51:47.380 [Test worker] INFO org.springframework.boot.test.context.SpringBootTestContextBootstrapper -- Found @SpringBootConfiguration com.example.serverjava.ServerJavaApplication for test class com.example.serverjava.ControllerTest.OrderControllerTest

  .   ____          _            __ _ _
 /\\ / ___'_ __ _ _(_)_ __  __ _ \ \ \ \
( ( )\___ | '_ | '_| | '_ \/ _` | \ \ \ \
 \\/  ___)| |_)| | | | | || (_| |  ) ) ) )
  '  |____| .__|_| |_|_| |_\__, | / / / /
 =========|_|==============|___/=/_/_/_/
 :: Spring Boot ::                (v3.1.4)

2023-12-29T20:51:47.597+01:00  INFO 28648 --- [    Test worker] c.e.s.C.OrderControllerTest              : Starting OrderControllerTest using Java 17.0.9 with PID 28648 (started by bar in /home/bar/FIT/java-server)
2023-12-29T20:51:47.599+01:00  INFO 28648 --- [    Test worker] c.e.s.C.OrderControllerTest              : No active profile set, falling back to 1 default profile: "default"
2023-12-29T20:51:47.983+01:00  INFO 28648 --- [    Test worker] .s.d.r.c.RepositoryConfigurationDelegate : Bootstrapping Spring Data JPA repositories in DEFAULT mode.
2023-12-29T20:51:48.021+01:00  INFO 28648 --- [    Test worker] .s.d.r.c.RepositoryConfigurationDelegate : Finished Spring Data repository scanning in 33 ms. Found 3 JPA repository interfaces.
2023-12-29T20:51:49.179+01:00  INFO 28648 --- [    Test worker] o.hibernate.jpa.internal.util.LogHelper  : HHH000204: Processing PersistenceUnitInfo [name: default]
2023-12-29T20:51:49.223+01:00  INFO 28648 --- [    Test worker] org.hibernate.Version                    : HHH000412: Hibernate ORM core version 6.2.9.Final
2023-12-29T20:51:49.226+01:00  INFO 28648 --- [    Test worker] org.hibernate.cfg.Environment            : HHH000406: Using bytecode reflection optimizer
2023-12-29T20:51:49.357+01:00  INFO 28648 --- [    Test worker] o.h.b.i.BytecodeProviderInitiator        : HHH000021: Bytecode provider name : bytebuddy
2023-12-29T20:51:49.364+01:00  INFO 28648 --- [    Test worker] o.s.o.j.p.SpringPersistenceUnitInfo      : No LoadTimeWeaver setup: ignoring JPA class transformer
2023-12-29T20:51:49.378+01:00  INFO 28648 --- [    Test worker] com.zaxxer.hikari.HikariDataSource       : HikariPool-1 - Starting...
2023-12-29T20:51:49.518+01:00  INFO 28648 --- [    Test worker] com.zaxxer.hikari.pool.HikariPool        : HikariPool-1 - Added connection conn0: url=jdbc:h2:mem:testdb user=SA
2023-12-29T20:51:49.520+01:00  INFO 28648 --- [    Test worker] com.zaxxer.hikari.HikariDataSource       : HikariPool-1 - Start completed.
2023-12-29T20:51:49.754+01:00  INFO 28648 --- [    Test worker] o.h.b.i.BytecodeProviderInitiator        : HHH000021: Bytecode provider name : bytebuddy
2023-12-29T20:51:50.131+01:00  INFO 28648 --- [    Test worker] o.h.e.t.j.p.i.JtaPlatformInitiator       : HHH000490: Using JtaPlatform implementation: [org.hibernate.engine.transaction.jta.platform.internal.NoJtaPlatform]
2023-12-29T20:51:50.167+01:00  INFO 28648 --- [    Test worker] j.LocalContainerEntityManagerFactoryBean : Initialized JPA EntityManagerFactory for persistence unit 'default'
2023-12-29T20:51:50.478+01:00  WARN 28648 --- [    Test worker] JpaBaseConfiguration$JpaWebConfiguration : spring.jpa.open-in-view is enabled by default. Therefore, database queries may be performed during view rendering. Explicitly configure spring.jpa.open-in-view to disable this warning
2023-12-29T20:51:50.678+01:00  WARN 28648 --- [    Test worker] .s.s.UserDetailsServiceAutoConfiguration : 

Using generated security password: 52adb6cc-a086-4aa4-8001-a7354589d46c

This generated password is for development use only. Your security configuration must be updated before running your application in production.

2023-12-29T20:51:50.784+01:00  INFO 28648 --- [    Test worker] o.s.s.web.DefaultSecurityFilterChain     : Will secure any request with [org.springframework.security.web.session.DisableEncodeUrlFilter@78a46d7b, org.springframework.security.web.context.request.async.WebAsyncManagerIntegrationFilter@2726b2f3, org.springframework.security.web.context.SecurityContextHolderFilter@b91e024, org.springframework.security.web.header.HeaderWriterFilter@5d180628, org.springframework.security.web.authentication.logout.LogoutFilter@2e640411, org.springframework.security.web.authentication.www.BasicAuthenticationFilter@4dfbe8c2, org.springframework.security.web.savedrequest.RequestCacheAwareFilter@2db0dd19, org.springframework.security.web.servletapi.SecurityContextHolderAwareRequestFilter@7c9015c6, org.springframework.security.web.authentication.AnonymousAuthenticationFilter@3509f32d, org.springframework.security.web.session.SessionManagementFilter@6b3a1151, org.springframework.security.web.access.ExceptionTranslationFilter@6b58a0f9, org.springframework.security.web.access.intercept.AuthorizationFilter@65cb50dc]
2023-12-29T20:51:50.946+01:00  INFO 28648 --- [    Test worker] c.e.s.C.OrderControllerTest              : Started OrderControllerTest in 3.479 seconds (process running for 4.252)
2023-12-29T20:51:51.043+01:00  INFO 28648 --- [    Test worker] c.example.serverjava.Config.AdminConfig  : Creating admin
]]></system-out>
  <system-err><![CDATA[]]></system-err>
</testsuite>
