<?xml version="1.0" encoding="UTF-8"?>
<<<<<<< HEAD
<testsuite name="com.example.serverjava.FacadeTest.OrderFacadeTest" tests="1" skipped="0" failures="0" errors="0" timestamp="2024-01-13T16:12:25" hostname="DESKTOP-D5705G5" time="0.008">
  <properties/>
  <testcase name="testGetAllOrdersDTO()" classname="com.example.serverjava.FacadeTest.OrderFacadeTest" time="0.008"/>
  <system-out><![CDATA[2024-01-13T17:12:24.384+01:00  INFO 3400 --- [    Test worker] t.c.s.AnnotationConfigContextLoaderUtils : Could not detect default configuration classes for test class [com.example.serverjava.FacadeTest.OrderFacadeTest]: OrderFacadeTest does not declare any static, non-private, non-final, nested classes annotated with @Configuration.
2024-01-13T17:12:24.389+01:00  INFO 3400 --- [    Test worker] .b.t.c.SpringBootTestContextBootstrapper : Found @SpringBootConfiguration com.example.serverjava.ServerJavaApplication for test class com.example.serverjava.FacadeTest.OrderFacadeTest
=======
<testsuite name="com.example.serverjava.FacadeTest.OrderFacadeTest" tests="1" skipped="0" failures="0" errors="0" timestamp="2024-01-07T13:44:47" hostname="bar-Latitude-3420" time="0.036">
  <properties/>
  <testcase name="testGetAllOrdersDTO()" classname="com.example.serverjava.FacadeTest.OrderFacadeTest" time="0.036"/>
  <system-out><![CDATA[14:44:42.660 [Test worker] INFO org.springframework.test.context.support.AnnotationConfigContextLoaderUtils -- Could not detect default configuration classes for test class [com.example.serverjava.FacadeTest.OrderFacadeTest]: OrderFacadeTest does not declare any static, non-private, non-final, nested classes annotated with @Configuration.
14:44:42.727 [Test worker] INFO org.springframework.boot.test.context.SpringBootTestContextBootstrapper -- Found @SpringBootConfiguration com.example.serverjava.ServerJavaApplication for test class com.example.serverjava.FacadeTest.OrderFacadeTest
>>>>>>> 43e7e0ec78c5acca5465a905c7d0915a6e65dab5

  .   ____          _            __ _ _
 /\\ / ___'_ __ _ _(_)_ __  __ _ \ \ \ \
( ( )\___ | '_ | '_| | '_ \/ _` | \ \ \ \
 \\/  ___)| |_)| | | | | || (_| |  ) ) ) )
  '  |____| .__|_| |_|_| |_\__, | / / / /
 =========|_|==============|___/=/_/_/_/
 :: Spring Boot ::                (v3.1.4)

<<<<<<< HEAD
2024-01-13T17:12:24.410+01:00  INFO 3400 --- [    Test worker] c.e.s.FacadeTest.OrderFacadeTest         : Starting OrderFacadeTest using Java 17.0.9 with PID 3400 (started by bareldan in /home/bareldan/FIT/java-server)
2024-01-13T17:12:24.410+01:00  INFO 3400 --- [    Test worker] c.e.s.FacadeTest.OrderFacadeTest         : No active profile set, falling back to 1 default profile: "default"
2024-01-13T17:12:24.534+01:00  INFO 3400 --- [    Test worker] .s.d.r.c.RepositoryConfigurationDelegate : Bootstrapping Spring Data JPA repositories in DEFAULT mode.
2024-01-13T17:12:24.543+01:00  INFO 3400 --- [    Test worker] .s.d.r.c.RepositoryConfigurationDelegate : Finished Spring Data repository scanning in 7 ms. Found 3 JPA repository interfaces.
2024-01-13T17:12:24.630+01:00  INFO 3400 --- [    Test worker] o.hibernate.jpa.internal.util.LogHelper  : HHH000204: Processing PersistenceUnitInfo [name: default]
2024-01-13T17:12:24.636+01:00  INFO 3400 --- [    Test worker] o.h.b.i.BytecodeProviderInitiator        : HHH000021: Bytecode provider name : bytebuddy
2024-01-13T17:12:24.636+01:00  INFO 3400 --- [    Test worker] o.s.o.j.p.SpringPersistenceUnitInfo      : No LoadTimeWeaver setup: ignoring JPA class transformer
2024-01-13T17:12:24.637+01:00  INFO 3400 --- [    Test worker] com.zaxxer.hikari.HikariDataSource       : HikariPool-4 - Starting...
2024-01-13T17:12:24.639+01:00  INFO 3400 --- [    Test worker] com.zaxxer.hikari.pool.HikariPool        : HikariPool-4 - Added connection conn30: url=jdbc:h2:mem:testdb user=SA
2024-01-13T17:12:24.639+01:00  INFO 3400 --- [    Test worker] com.zaxxer.hikari.HikariDataSource       : HikariPool-4 - Start completed.
2024-01-13T17:12:24.661+01:00  INFO 3400 --- [    Test worker] o.h.b.i.BytecodeProviderInitiator        : HHH000021: Bytecode provider name : bytebuddy
2024-01-13T17:12:24.717+01:00  INFO 3400 --- [    Test worker] o.h.e.t.j.p.i.JtaPlatformInitiator       : HHH000490: Using JtaPlatform implementation: [org.hibernate.engine.transaction.jta.platform.internal.NoJtaPlatform]
2024-01-13T17:12:24.740+01:00  INFO 3400 --- [    Test worker] j.LocalContainerEntityManagerFactoryBean : Initialized JPA EntityManagerFactory for persistence unit 'default'
2024-01-13T17:12:24.854+01:00  WARN 3400 --- [    Test worker] JpaBaseConfiguration$JpaWebConfiguration : spring.jpa.open-in-view is enabled by default. Therefore, database queries may be performed during view rendering. Explicitly configure spring.jpa.open-in-view to disable this warning
2024-01-13T17:12:24.920+01:00  WARN 3400 --- [    Test worker] .s.s.UserDetailsServiceAutoConfiguration : 

Using generated security password: c9d79b27-8dba-46ad-a971-b9c6a8e6356f

This generated password is for development use only. Your security configuration must be updated before running your application in production.

2024-01-13T17:12:24.927+01:00  INFO 3400 --- [    Test worker] o.s.s.web.DefaultSecurityFilterChain     : Will secure any request with [org.springframework.security.web.session.DisableEncodeUrlFilter@47585784, org.springframework.security.web.context.request.async.WebAsyncManagerIntegrationFilter@4e5563ef, org.springframework.security.web.context.SecurityContextHolderFilter@39ad5a7d, org.springframework.security.web.header.HeaderWriterFilter@7e1b750e, org.springframework.security.web.authentication.logout.LogoutFilter@6aa09c35, org.springframework.security.web.authentication.www.BasicAuthenticationFilter@297727ab, org.springframework.security.web.savedrequest.RequestCacheAwareFilter@1492c9d, org.springframework.security.web.servletapi.SecurityContextHolderAwareRequestFilter@24df8abf, org.springframework.security.web.authentication.AnonymousAuthenticationFilter@82134e4, org.springframework.security.web.session.SessionManagementFilter@5f385ee9, org.springframework.security.web.access.ExceptionTranslationFilter@737fd68, org.springframework.security.web.access.intercept.AuthorizationFilter@7a9794bd]
2024-01-13T17:12:24.977+01:00  INFO 3400 --- [    Test worker] c.e.s.FacadeTest.OrderFacadeTest         : Started OrderFacadeTest in 0.583 seconds (process running for 11.565)
2024-01-13T17:12:24.984+01:00  INFO 3400 --- [    Test worker] c.example.serverjava.Config.AdminConfig  : Creating admin
=======
2024-01-07T14:44:42.972+01:00  INFO 9789 --- [    Test worker] c.e.s.FacadeTest.OrderFacadeTest         : Starting OrderFacadeTest using Java 17.0.9 with PID 9789 (started by bar in /home/bar/FIT/java-server)
2024-01-07T14:44:42.973+01:00  INFO 9789 --- [    Test worker] c.e.s.FacadeTest.OrderFacadeTest         : No active profile set, falling back to 1 default profile: "default"
2024-01-07T14:44:43.416+01:00  INFO 9789 --- [    Test worker] .s.d.r.c.RepositoryConfigurationDelegate : Bootstrapping Spring Data JPA repositories in DEFAULT mode.
2024-01-07T14:44:43.458+01:00  INFO 9789 --- [    Test worker] .s.d.r.c.RepositoryConfigurationDelegate : Finished Spring Data repository scanning in 36 ms. Found 3 JPA repository interfaces.
2024-01-07T14:44:44.683+01:00  INFO 9789 --- [    Test worker] o.hibernate.jpa.internal.util.LogHelper  : HHH000204: Processing PersistenceUnitInfo [name: default]
2024-01-07T14:44:44.719+01:00  INFO 9789 --- [    Test worker] org.hibernate.Version                    : HHH000412: Hibernate ORM core version 6.2.9.Final
2024-01-07T14:44:44.721+01:00  INFO 9789 --- [    Test worker] org.hibernate.cfg.Environment            : HHH000406: Using bytecode reflection optimizer
2024-01-07T14:44:44.828+01:00  INFO 9789 --- [    Test worker] o.h.b.i.BytecodeProviderInitiator        : HHH000021: Bytecode provider name : bytebuddy
2024-01-07T14:44:44.837+01:00  INFO 9789 --- [    Test worker] o.s.o.j.p.SpringPersistenceUnitInfo      : No LoadTimeWeaver setup: ignoring JPA class transformer
2024-01-07T14:44:44.850+01:00  INFO 9789 --- [    Test worker] com.zaxxer.hikari.HikariDataSource       : HikariPool-1 - Starting...
2024-01-07T14:44:44.983+01:00  INFO 9789 --- [    Test worker] com.zaxxer.hikari.pool.HikariPool        : HikariPool-1 - Added connection conn0: url=jdbc:h2:mem:testdb user=SA
2024-01-07T14:44:44.984+01:00  INFO 9789 --- [    Test worker] com.zaxxer.hikari.HikariDataSource       : HikariPool-1 - Start completed.
2024-01-07T14:44:45.233+01:00  INFO 9789 --- [    Test worker] o.h.b.i.BytecodeProviderInitiator        : HHH000021: Bytecode provider name : bytebuddy
2024-01-07T14:44:45.646+01:00  INFO 9789 --- [    Test worker] o.h.e.t.j.p.i.JtaPlatformInitiator       : HHH000490: Using JtaPlatform implementation: [org.hibernate.engine.transaction.jta.platform.internal.NoJtaPlatform]
2024-01-07T14:44:45.697+01:00  INFO 9789 --- [    Test worker] j.LocalContainerEntityManagerFactoryBean : Initialized JPA EntityManagerFactory for persistence unit 'default'
2024-01-07T14:44:46.003+01:00  INFO 9789 --- [    Test worker] o.s.d.j.r.query.QueryEnhancerFactory     : Hibernate is in classpath; If applicable, HQL parser will be used.
2024-01-07T14:44:46.428+01:00  WARN 9789 --- [    Test worker] JpaBaseConfiguration$JpaWebConfiguration : spring.jpa.open-in-view is enabled by default. Therefore, database queries may be performed during view rendering. Explicitly configure spring.jpa.open-in-view to disable this warning
2024-01-07T14:44:46.647+01:00  WARN 9789 --- [    Test worker] .s.s.UserDetailsServiceAutoConfiguration : 

Using generated security password: d26d5317-0ed5-4265-9d40-16ce118760ac

This generated password is for development use only. Your security configuration must be updated before running your application in production.

2024-01-07T14:44:46.742+01:00  INFO 9789 --- [    Test worker] o.s.s.web.DefaultSecurityFilterChain     : Will secure any request with [org.springframework.security.web.session.DisableEncodeUrlFilter@2a64cb1f, org.springframework.security.web.context.request.async.WebAsyncManagerIntegrationFilter@3644d12a, org.springframework.security.web.context.SecurityContextHolderFilter@5a564a61, org.springframework.security.web.header.HeaderWriterFilter@32f35739, org.springframework.security.web.authentication.logout.LogoutFilter@3ce74930, org.springframework.security.web.authentication.www.BasicAuthenticationFilter@2810d9, org.springframework.security.web.savedrequest.RequestCacheAwareFilter@38d1c7d2, org.springframework.security.web.servletapi.SecurityContextHolderAwareRequestFilter@44bbf5e3, org.springframework.security.web.authentication.AnonymousAuthenticationFilter@76aab1e3, org.springframework.security.web.session.SessionManagementFilter@41843b88, org.springframework.security.web.access.ExceptionTranslationFilter@5c14c284, org.springframework.security.web.access.intercept.AuthorizationFilter@7ae2f5b6]
2024-01-07T14:44:46.913+01:00  INFO 9789 --- [    Test worker] c.e.s.FacadeTest.OrderFacadeTest         : Started OrderFacadeTest in 4.083 seconds (process running for 4.926)
2024-01-07T14:44:46.994+01:00  INFO 9789 --- [    Test worker] c.example.serverjava.Config.AdminConfig  : Creating admin
>>>>>>> 43e7e0ec78c5acca5465a905c7d0915a6e65dab5
]]></system-out>
  <system-err><![CDATA[]]></system-err>
</testsuite>
