<?xml version="1.0" encoding="UTF-8"?>
<testsuite name="com.example.serverjava.ControllerTest.ProductControllerTest" tests="3" skipped="0" failures="0" errors="0" timestamp="2024-01-01T20:15:19" hostname="DESKTOP-D5705G5" time="0.023">
  <properties/>
  <testcase name="testAddNewProduct()" classname="com.example.serverjava.ControllerTest.ProductControllerTest" time="0.01"/>
  <testcase name="testFindById()" classname="com.example.serverjava.ControllerTest.ProductControllerTest" time="0.004"/>
  <testcase name="testGetAllProducts()" classname="com.example.serverjava.ControllerTest.ProductControllerTest" time="0.005"/>
  <system-out><![CDATA[2024-01-01T21:15:18.006+01:00  INFO 27280 --- [    Test worker] t.c.s.AnnotationConfigContextLoaderUtils : Could not detect default configuration classes for test class [com.example.serverjava.ControllerTest.ProductControllerTest]: ProductControllerTest does not declare any static, non-private, non-final, nested classes annotated with @Configuration.
2024-01-01T21:15:18.009+01:00  INFO 27280 --- [    Test worker] .b.t.c.SpringBootTestContextBootstrapper : Found @SpringBootConfiguration com.example.serverjava.ServerJavaApplication for test class com.example.serverjava.ControllerTest.ProductControllerTest

  .   ____          _            __ _ _
 /\\ / ___'_ __ _ _(_)_ __  __ _ \ \ \ \
( ( )\___ | '_ | '_| | '_ \/ _` | \ \ \ \
 \\/  ___)| |_)| | | | | || (_| |  ) ) ) )
  '  |____| .__|_| |_|_| |_\__, | / / / /
 =========|_|==============|___/=/_/_/_/
 :: Spring Boot ::                (v3.1.4)

2024-01-01T21:15:18.038+01:00  INFO 27280 --- [    Test worker] c.e.s.C.ProductControllerTest            : Starting ProductControllerTest using Java 17.0.9 with PID 27280 (started by bareldan in /home/bareldan/FIT/java-server)
2024-01-01T21:15:18.039+01:00  INFO 27280 --- [    Test worker] c.e.s.C.ProductControllerTest            : No active profile set, falling back to 1 default profile: "default"
2024-01-01T21:15:18.209+01:00  INFO 27280 --- [    Test worker] .s.d.r.c.RepositoryConfigurationDelegate : Bootstrapping Spring Data JPA repositories in DEFAULT mode.
2024-01-01T21:15:18.225+01:00  INFO 27280 --- [    Test worker] .s.d.r.c.RepositoryConfigurationDelegate : Finished Spring Data repository scanning in 15 ms. Found 3 JPA repository interfaces.
2024-01-01T21:15:18.452+01:00  INFO 27280 --- [    Test worker] o.hibernate.jpa.internal.util.LogHelper  : HHH000204: Processing PersistenceUnitInfo [name: default]
2024-01-01T21:15:18.456+01:00  INFO 27280 --- [    Test worker] o.h.b.i.BytecodeProviderInitiator        : HHH000021: Bytecode provider name : bytebuddy
2024-01-01T21:15:18.457+01:00  INFO 27280 --- [    Test worker] o.s.o.j.p.SpringPersistenceUnitInfo      : No LoadTimeWeaver setup: ignoring JPA class transformer
2024-01-01T21:15:18.458+01:00  INFO 27280 --- [    Test worker] com.zaxxer.hikari.HikariDataSource       : HikariPool-2 - Starting...
2024-01-01T21:15:18.459+01:00  INFO 27280 --- [    Test worker] com.zaxxer.hikari.pool.HikariPool        : HikariPool-2 - Added connection conn10: url=jdbc:h2:mem:testdb user=SA
2024-01-01T21:15:18.459+01:00  INFO 27280 --- [    Test worker] com.zaxxer.hikari.HikariDataSource       : HikariPool-2 - Start completed.
2024-01-01T21:15:18.480+01:00  INFO 27280 --- [    Test worker] o.h.b.i.BytecodeProviderInitiator        : HHH000021: Bytecode provider name : bytebuddy
2024-01-01T21:15:18.549+01:00  INFO 27280 --- [    Test worker] o.h.e.t.j.p.i.JtaPlatformInitiator       : HHH000490: Using JtaPlatform implementation: [org.hibernate.engine.transaction.jta.platform.internal.NoJtaPlatform]
2024-01-01T21:15:18.569+01:00  INFO 27280 --- [    Test worker] j.LocalContainerEntityManagerFactoryBean : Initialized JPA EntityManagerFactory for persistence unit 'default'
2024-01-01T21:15:18.657+01:00  INFO 27280 --- [    Test worker] o.s.d.j.r.query.QueryEnhancerFactory     : Hibernate is in classpath; If applicable, HQL parser will be used.
2024-01-01T21:15:18.898+01:00  WARN 27280 --- [    Test worker] JpaBaseConfiguration$JpaWebConfiguration : spring.jpa.open-in-view is enabled by default. Therefore, database queries may be performed during view rendering. Explicitly configure spring.jpa.open-in-view to disable this warning
2024-01-01T21:15:18.974+01:00  WARN 27280 --- [    Test worker] .s.s.UserDetailsServiceAutoConfiguration : 

Using generated security password: fa73f508-3d62-4549-a3b3-eda9ccb8502e

This generated password is for development use only. Your security configuration must be updated before running your application in production.

2024-01-01T21:15:18.991+01:00  INFO 27280 --- [    Test worker] o.s.s.web.DefaultSecurityFilterChain     : Will secure any request with [org.springframework.security.web.session.DisableEncodeUrlFilter@9a88a92, org.springframework.security.web.context.request.async.WebAsyncManagerIntegrationFilter@784fb189, org.springframework.security.web.context.SecurityContextHolderFilter@323a47fe, org.springframework.security.web.header.HeaderWriterFilter@76c1ede3, org.springframework.security.web.authentication.logout.LogoutFilter@7b7695f, org.springframework.security.web.authentication.www.BasicAuthenticationFilter@3569f0f1, org.springframework.security.web.savedrequest.RequestCacheAwareFilter@eb9b76c, org.springframework.security.web.servletapi.SecurityContextHolderAwareRequestFilter@776eedad, org.springframework.security.web.authentication.AnonymousAuthenticationFilter@15c25cb6, org.springframework.security.web.session.SessionManagementFilter@59e938a4, org.springframework.security.web.access.ExceptionTranslationFilter@21f3a99c, org.springframework.security.web.access.intercept.AuthorizationFilter@447522b4]
2024-01-01T21:15:19.074+01:00  INFO 27280 --- [    Test worker] c.e.s.C.ProductControllerTest            : Started ProductControllerTest in 1.061 seconds (process running for 6.834)
2024-01-01T21:15:19.081+01:00  INFO 27280 --- [    Test worker] c.example.serverjava.Config.AdminConfig  : Creating admin
]]></system-out>
  <system-err><![CDATA[]]></system-err>
</testsuite>
