<?xml version="1.0" encoding="UTF-8"?>
<testsuite name="com.example.serverjava.ServiceTests.UserServiceTest" tests="2" skipped="0" failures="0" errors="0" timestamp="2024-01-03T22:50:57" hostname="DESKTOP-D5705G5" time="0.005">
  <properties/>
  <testcase name="testGetUserByEmail()" classname="com.example.serverjava.ServiceTests.UserServiceTest" time="0.002"/>
  <testcase name="testGetUserById()" classname="com.example.serverjava.ServiceTests.UserServiceTest" time="0.002"/>
  <system-out><![CDATA[2024-01-03T23:50:56.668+01:00  INFO 21446 --- [    Test worker] t.c.s.AnnotationConfigContextLoaderUtils : Could not detect default configuration classes for test class [com.example.serverjava.ServiceTests.UserServiceTest]: UserServiceTest does not declare any static, non-private, non-final, nested classes annotated with @Configuration.
2024-01-03T23:50:56.669+01:00  INFO 21446 --- [    Test worker] .b.t.c.SpringBootTestContextBootstrapper : Found @SpringBootConfiguration com.example.serverjava.ServerJavaApplication for test class com.example.serverjava.ServiceTests.UserServiceTest

  .   ____          _            __ _ _
 /\\ / ___'_ __ _ _(_)_ __  __ _ \ \ \ \
( ( )\___ | '_ | '_| | '_ \/ _` | \ \ \ \
 \\/  ___)| |_)| | | | | || (_| |  ) ) ) )
  '  |____| .__|_| |_|_| |_\__, | / / / /
 =========|_|==============|___/=/_/_/_/
 :: Spring Boot ::                (v3.1.4)

2024-01-03T23:50:56.685+01:00  INFO 21446 --- [    Test worker] c.e.s.ServiceTests.UserServiceTest       : Starting UserServiceTest using Java 17.0.9 with PID 21446 (started by bareldan in /home/bareldan/FIT/java-server)
2024-01-03T23:50:56.685+01:00  INFO 21446 --- [    Test worker] c.e.s.ServiceTests.UserServiceTest       : No active profile set, falling back to 1 default profile: "default"
2024-01-03T23:50:56.778+01:00  INFO 21446 --- [    Test worker] .s.d.r.c.RepositoryConfigurationDelegate : Bootstrapping Spring Data JPA repositories in DEFAULT mode.
2024-01-03T23:50:56.784+01:00  INFO 21446 --- [    Test worker] .s.d.r.c.RepositoryConfigurationDelegate : Finished Spring Data repository scanning in 5 ms. Found 3 JPA repository interfaces.
2024-01-03T23:50:56.843+01:00  INFO 21446 --- [    Test worker] o.hibernate.jpa.internal.util.LogHelper  : HHH000204: Processing PersistenceUnitInfo [name: default]
2024-01-03T23:50:56.847+01:00  INFO 21446 --- [    Test worker] o.h.b.i.BytecodeProviderInitiator        : HHH000021: Bytecode provider name : bytebuddy
2024-01-03T23:50:56.848+01:00  INFO 21446 --- [    Test worker] o.s.o.j.p.SpringPersistenceUnitInfo      : No LoadTimeWeaver setup: ignoring JPA class transformer
2024-01-03T23:50:56.849+01:00  INFO 21446 --- [    Test worker] com.zaxxer.hikari.HikariDataSource       : HikariPool-7 - Starting...
2024-01-03T23:50:56.850+01:00  INFO 21446 --- [    Test worker] com.zaxxer.hikari.pool.HikariPool        : HikariPool-7 - Added connection conn71: url=jdbc:h2:mem:testdb user=SA
2024-01-03T23:50:56.850+01:00  INFO 21446 --- [    Test worker] com.zaxxer.hikari.HikariDataSource       : HikariPool-7 - Start completed.
2024-01-03T23:50:56.864+01:00  INFO 21446 --- [    Test worker] o.h.b.i.BytecodeProviderInitiator        : HHH000021: Bytecode provider name : bytebuddy
2024-01-03T23:50:56.906+01:00  INFO 21446 --- [    Test worker] o.h.e.t.j.p.i.JtaPlatformInitiator       : HHH000490: Using JtaPlatform implementation: [org.hibernate.engine.transaction.jta.platform.internal.NoJtaPlatform]
2024-01-03T23:50:56.922+01:00  INFO 21446 --- [    Test worker] j.LocalContainerEntityManagerFactoryBean : Initialized JPA EntityManagerFactory for persistence unit 'default'
2024-01-03T23:50:56.986+01:00  WARN 21446 --- [    Test worker] JpaBaseConfiguration$JpaWebConfiguration : spring.jpa.open-in-view is enabled by default. Therefore, database queries may be performed during view rendering. Explicitly configure spring.jpa.open-in-view to disable this warning
2024-01-03T23:50:57.027+01:00  WARN 21446 --- [    Test worker] .s.s.UserDetailsServiceAutoConfiguration : 

Using generated security password: a624533a-eef2-4fc3-871b-af546205025e

This generated password is for development use only. Your security configuration must be updated before running your application in production.

2024-01-03T23:50:57.033+01:00  INFO 21446 --- [    Test worker] o.s.s.web.DefaultSecurityFilterChain     : Will secure any request with [org.springframework.security.web.session.DisableEncodeUrlFilter@70d52d7e, org.springframework.security.web.context.request.async.WebAsyncManagerIntegrationFilter@7883c414, org.springframework.security.web.context.SecurityContextHolderFilter@6f889214, org.springframework.security.web.header.HeaderWriterFilter@368ec112, org.springframework.security.web.authentication.logout.LogoutFilter@3486cb21, org.springframework.security.web.authentication.www.BasicAuthenticationFilter@72083fdd, org.springframework.security.web.savedrequest.RequestCacheAwareFilter@16013989, org.springframework.security.web.servletapi.SecurityContextHolderAwareRequestFilter@56c7ec0a, org.springframework.security.web.authentication.AnonymousAuthenticationFilter@69f4fa56, org.springframework.security.web.session.SessionManagementFilter@5743cf1c, org.springframework.security.web.access.ExceptionTranslationFilter@55c596aa, org.springframework.security.web.access.intercept.AuthorizationFilter@429a6f95]
2024-01-03T23:50:57.074+01:00  INFO 21446 --- [    Test worker] c.e.s.ServiceTests.UserServiceTest       : Started UserServiceTest in 0.402 seconds (process running for 13.109)
2024-01-03T23:50:57.075+01:00  INFO 21446 --- [    Test worker] c.example.serverjava.Config.AdminConfig  : Creating admin
2024-01-03T23:50:57.403+01:00  INFO 21446 --- [    Test worker] c.e.serverjava.Service.UserService       : Find user with email : null
2024-01-03T23:50:57.406+01:00  INFO 21446 --- [    Test worker] c.e.serverjava.Service.UserService       : Find user with id: 1
]]></system-out>
  <system-err><![CDATA[]]></system-err>
</testsuite>
