<?xml version="1.0" encoding="UTF-8"?>
<testsuite name="com.example.serverjava.ControllerTest.UserControllerTest" tests="3" skipped="0" failures="0" errors="0" timestamp="2024-01-01T20:15:20" hostname="DESKTOP-D5705G5" time="0.013">
  <properties/>
  <testcase name="testGetUserByEmail()" classname="com.example.serverjava.ControllerTest.UserControllerTest" time="0.005"/>
  <testcase name="testAddNewUser()" classname="com.example.serverjava.ControllerTest.UserControllerTest" time="0.003"/>
  <testcase name="testGetAllUsers()" classname="com.example.serverjava.ControllerTest.UserControllerTest" time="0.003"/>
  <system-out><![CDATA[2024-01-01T21:15:19.467+01:00  INFO 27280 --- [    Test worker] t.c.s.AnnotationConfigContextLoaderUtils : Could not detect default configuration classes for test class [com.example.serverjava.ControllerTest.UserControllerTest]: UserControllerTest does not declare any static, non-private, non-final, nested classes annotated with @Configuration.
2024-01-01T21:15:19.469+01:00  INFO 27280 --- [    Test worker] .b.t.c.SpringBootTestContextBootstrapper : Found @SpringBootConfiguration com.example.serverjava.ServerJavaApplication for test class com.example.serverjava.ControllerTest.UserControllerTest

  .   ____          _            __ _ _
 /\\ / ___'_ __ _ _(_)_ __  __ _ \ \ \ \
( ( )\___ | '_ | '_| | '_ \/ _` | \ \ \ \
 \\/  ___)| |_)| | | | | || (_| |  ) ) ) )
  '  |____| .__|_| |_|_| |_\__, | / / / /
 =========|_|==============|___/=/_/_/_/
 :: Spring Boot ::                (v3.1.4)

2024-01-01T21:15:19.497+01:00  INFO 27280 --- [    Test worker] c.e.s.ControllerTest.UserControllerTest  : Starting UserControllerTest using Java 17.0.9 with PID 27280 (started by bareldan in /home/bareldan/FIT/java-server)
2024-01-01T21:15:19.497+01:00  INFO 27280 --- [    Test worker] c.e.s.ControllerTest.UserControllerTest  : No active profile set, falling back to 1 default profile: "default"
2024-01-01T21:15:19.629+01:00  INFO 27280 --- [    Test worker] .s.d.r.c.RepositoryConfigurationDelegate : Bootstrapping Spring Data JPA repositories in DEFAULT mode.
2024-01-01T21:15:19.637+01:00  INFO 27280 --- [    Test worker] .s.d.r.c.RepositoryConfigurationDelegate : Finished Spring Data repository scanning in 7 ms. Found 3 JPA repository interfaces.
2024-01-01T21:15:19.867+01:00  INFO 27280 --- [    Test worker] o.hibernate.jpa.internal.util.LogHelper  : HHH000204: Processing PersistenceUnitInfo [name: default]
2024-01-01T21:15:19.872+01:00  INFO 27280 --- [    Test worker] o.h.b.i.BytecodeProviderInitiator        : HHH000021: Bytecode provider name : bytebuddy
2024-01-01T21:15:19.873+01:00  INFO 27280 --- [    Test worker] o.s.o.j.p.SpringPersistenceUnitInfo      : No LoadTimeWeaver setup: ignoring JPA class transformer
2024-01-01T21:15:19.874+01:00  INFO 27280 --- [    Test worker] com.zaxxer.hikari.HikariDataSource       : HikariPool-3 - Starting...
2024-01-01T21:15:19.875+01:00  INFO 27280 --- [    Test worker] com.zaxxer.hikari.pool.HikariPool        : HikariPool-3 - Added connection conn20: url=jdbc:h2:mem:testdb user=SA
2024-01-01T21:15:19.876+01:00  INFO 27280 --- [    Test worker] com.zaxxer.hikari.HikariDataSource       : HikariPool-3 - Start completed.
2024-01-01T21:15:19.897+01:00  INFO 27280 --- [    Test worker] o.h.b.i.BytecodeProviderInitiator        : HHH000021: Bytecode provider name : bytebuddy
2024-01-01T21:15:19.943+01:00  INFO 27280 --- [    Test worker] o.h.e.t.j.p.i.JtaPlatformInitiator       : HHH000490: Using JtaPlatform implementation: [org.hibernate.engine.transaction.jta.platform.internal.NoJtaPlatform]
2024-01-01T21:15:19.957+01:00  INFO 27280 --- [    Test worker] j.LocalContainerEntityManagerFactoryBean : Initialized JPA EntityManagerFactory for persistence unit 'default'
2024-01-01T21:15:20.035+01:00  WARN 27280 --- [    Test worker] JpaBaseConfiguration$JpaWebConfiguration : spring.jpa.open-in-view is enabled by default. Therefore, database queries may be performed during view rendering. Explicitly configure spring.jpa.open-in-view to disable this warning
2024-01-01T21:15:20.102+01:00  WARN 27280 --- [    Test worker] .s.s.UserDetailsServiceAutoConfiguration : 

Using generated security password: d722843c-ab84-4379-a475-694e3d514312

This generated password is for development use only. Your security configuration must be updated before running your application in production.

2024-01-01T21:15:20.113+01:00  INFO 27280 --- [    Test worker] o.s.s.web.DefaultSecurityFilterChain     : Will secure any request with [org.springframework.security.web.session.DisableEncodeUrlFilter@18ab9b9e, org.springframework.security.web.context.request.async.WebAsyncManagerIntegrationFilter@6820ab53, org.springframework.security.web.context.SecurityContextHolderFilter@7f14bdd1, org.springframework.security.web.header.HeaderWriterFilter@56297b5f, org.springframework.security.web.authentication.logout.LogoutFilter@2ac9b75c, org.springframework.security.web.authentication.www.BasicAuthenticationFilter@7fbfb062, org.springframework.security.web.savedrequest.RequestCacheAwareFilter@17f2e01d, org.springframework.security.web.servletapi.SecurityContextHolderAwareRequestFilter@a9c923f, org.springframework.security.web.authentication.AnonymousAuthenticationFilter@6d2d04ef, org.springframework.security.web.session.SessionManagementFilter@d9ef223, org.springframework.security.web.access.ExceptionTranslationFilter@22e94cf2, org.springframework.security.web.access.intercept.AuthorizationFilter@44d83a12]
2024-01-01T21:15:20.193+01:00  INFO 27280 --- [    Test worker] c.e.s.ControllerTest.UserControllerTest  : Started UserControllerTest in 0.718 seconds (process running for 7.954)
2024-01-01T21:15:20.195+01:00  INFO 27280 --- [    Test worker] c.example.serverjava.Config.AdminConfig  : Creating admin
]]></system-out>
  <system-err><![CDATA[]]></system-err>
</testsuite>
