<?xml version="1.0" encoding="UTF-8"?>
<testsuite name="com.example.serverjava.ServiceTests.UserServiceTest" tests="2" skipped="0" failures="0" errors="0" timestamp="2024-01-07T13:44:52" hostname="bar-Latitude-3420" time="0.006">
  <properties/>
  <testcase name="testGetUserByEmail()" classname="com.example.serverjava.ServiceTests.UserServiceTest" time="0.003"/>
  <testcase name="testGetUserById()" classname="com.example.serverjava.ServiceTests.UserServiceTest" time="0.002"/>
  <system-out><![CDATA[2024-01-07T14:44:51.545+01:00  INFO 9789 --- [    Test worker] t.c.s.AnnotationConfigContextLoaderUtils : Could not detect default configuration classes for test class [com.example.serverjava.ServiceTests.UserServiceTest]: UserServiceTest does not declare any static, non-private, non-final, nested classes annotated with @Configuration.
2024-01-07T14:44:51.546+01:00  INFO 9789 --- [    Test worker] .b.t.c.SpringBootTestContextBootstrapper : Found @SpringBootConfiguration com.example.serverjava.ServerJavaApplication for test class com.example.serverjava.ServiceTests.UserServiceTest

  .   ____          _            __ _ _
 /\\ / ___'_ __ _ _(_)_ __  __ _ \ \ \ \
( ( )\___ | '_ | '_| | '_ \/ _` | \ \ \ \
 \\/  ___)| |_)| | | | | || (_| |  ) ) ) )
  '  |____| .__|_| |_|_| |_\__, | / / / /
 =========|_|==============|___/=/_/_/_/
 :: Spring Boot ::                (v3.1.4)

2024-01-07T14:44:51.556+01:00  INFO 9789 --- [    Test worker] c.e.s.ServiceTests.UserServiceTest       : Starting UserServiceTest using Java 17.0.9 with PID 9789 (started by bar in /home/bar/FIT/java-server)
2024-01-07T14:44:51.556+01:00  INFO 9789 --- [    Test worker] c.e.s.ServiceTests.UserServiceTest       : No active profile set, falling back to 1 default profile: "default"
2024-01-07T14:44:51.623+01:00  INFO 9789 --- [    Test worker] .s.d.r.c.RepositoryConfigurationDelegate : Bootstrapping Spring Data JPA repositories in DEFAULT mode.
2024-01-07T14:44:51.630+01:00  INFO 9789 --- [    Test worker] .s.d.r.c.RepositoryConfigurationDelegate : Finished Spring Data repository scanning in 6 ms. Found 3 JPA repository interfaces.
2024-01-07T14:44:51.669+01:00  INFO 9789 --- [    Test worker] o.hibernate.jpa.internal.util.LogHelper  : HHH000204: Processing PersistenceUnitInfo [name: default]
2024-01-07T14:44:51.671+01:00  INFO 9789 --- [    Test worker] o.h.b.i.BytecodeProviderInitiator        : HHH000021: Bytecode provider name : bytebuddy
2024-01-07T14:44:51.671+01:00  INFO 9789 --- [    Test worker] o.s.o.j.p.SpringPersistenceUnitInfo      : No LoadTimeWeaver setup: ignoring JPA class transformer
2024-01-07T14:44:51.672+01:00  INFO 9789 --- [    Test worker] com.zaxxer.hikari.HikariDataSource       : HikariPool-7 - Starting...
2024-01-07T14:44:51.672+01:00  INFO 9789 --- [    Test worker] com.zaxxer.hikari.pool.HikariPool        : HikariPool-7 - Added connection conn71: url=jdbc:h2:mem:testdb user=SA
2024-01-07T14:44:51.672+01:00  INFO 9789 --- [    Test worker] com.zaxxer.hikari.HikariDataSource       : HikariPool-7 - Start completed.
2024-01-07T14:44:51.688+01:00  INFO 9789 --- [    Test worker] o.h.b.i.BytecodeProviderInitiator        : HHH000021: Bytecode provider name : bytebuddy
2024-01-07T14:44:51.710+01:00  INFO 9789 --- [    Test worker] o.h.e.t.j.p.i.JtaPlatformInitiator       : HHH000490: Using JtaPlatform implementation: [org.hibernate.engine.transaction.jta.platform.internal.NoJtaPlatform]
2024-01-07T14:44:51.718+01:00  INFO 9789 --- [    Test worker] j.LocalContainerEntityManagerFactoryBean : Initialized JPA EntityManagerFactory for persistence unit 'default'
2024-01-07T14:44:51.773+01:00  WARN 9789 --- [    Test worker] JpaBaseConfiguration$JpaWebConfiguration : spring.jpa.open-in-view is enabled by default. Therefore, database queries may be performed during view rendering. Explicitly configure spring.jpa.open-in-view to disable this warning
2024-01-07T14:44:51.807+01:00  WARN 9789 --- [    Test worker] .s.s.UserDetailsServiceAutoConfiguration : 

Using generated security password: bbea956c-a661-4fa3-b93e-540c6215c414

This generated password is for development use only. Your security configuration must be updated before running your application in production.

2024-01-07T14:44:51.813+01:00  INFO 9789 --- [    Test worker] o.s.s.web.DefaultSecurityFilterChain     : Will secure any request with [org.springframework.security.web.session.DisableEncodeUrlFilter@79aac496, org.springframework.security.web.context.request.async.WebAsyncManagerIntegrationFilter@5a6e1f51, org.springframework.security.web.context.SecurityContextHolderFilter@74918273, org.springframework.security.web.header.HeaderWriterFilter@12f2f402, org.springframework.security.web.authentication.logout.LogoutFilter@6d2ea1bc, org.springframework.security.web.authentication.www.BasicAuthenticationFilter@6111aa49, org.springframework.security.web.savedrequest.RequestCacheAwareFilter@5c6f7b6b, org.springframework.security.web.servletapi.SecurityContextHolderAwareRequestFilter@5938d600, org.springframework.security.web.authentication.AnonymousAuthenticationFilter@5c2424a0, org.springframework.security.web.session.SessionManagementFilter@4d10360e, org.springframework.security.web.access.ExceptionTranslationFilter@779be9bb, org.springframework.security.web.access.intercept.AuthorizationFilter@55aa7cc0]
2024-01-07T14:44:51.857+01:00  INFO 9789 --- [    Test worker] c.e.s.ServiceTests.UserServiceTest       : Started UserServiceTest in 0.309 seconds (process running for 9.869)
2024-01-07T14:44:51.858+01:00  INFO 9789 --- [    Test worker] c.example.serverjava.Config.AdminConfig  : Creating admin
2024-01-07T14:44:52.176+01:00  INFO 9789 --- [    Test worker] c.e.serverjava.Service.UserService       : Find user with email : null
2024-01-07T14:44:52.179+01:00  INFO 9789 --- [    Test worker] c.e.serverjava.Service.UserService       : Find user with id: 1
]]></system-out>
  <system-err><![CDATA[]]></system-err>
</testsuite>
