<?xml version="1.0" encoding="UTF-8"?>
<testsuite name="com.example.serverjava.ServiceTests.UserServiceTest" tests="2" skipped="0" failures="0" errors="0" timestamp="2023-12-29T00:20:48" hostname="bar-Latitude-3420" time="0.005">
  <properties/>
  <testcase name="testGetUserByEmail()" classname="com.example.serverjava.ServiceTests.UserServiceTest" time="0.002"/>
  <testcase name="testGetUserById()" classname="com.example.serverjava.ServiceTests.UserServiceTest" time="0.002"/>
  <system-out><![CDATA[2023-12-29T01:20:47.990+01:00  INFO 7947 --- [    Test worker] t.c.s.AnnotationConfigContextLoaderUtils : Could not detect default configuration classes for test class [com.example.serverjava.ServiceTests.UserServiceTest]: UserServiceTest does not declare any static, non-private, non-final, nested classes annotated with @Configuration.
2023-12-29T01:20:47.991+01:00  INFO 7947 --- [    Test worker] .b.t.c.SpringBootTestContextBootstrapper : Found @SpringBootConfiguration com.example.serverjava.ServerJavaApplication for test class com.example.serverjava.ServiceTests.UserServiceTest

  .   ____          _            __ _ _
 /\\ / ___'_ __ _ _(_)_ __  __ _ \ \ \ \
( ( )\___ | '_ | '_| | '_ \/ _` | \ \ \ \
 \\/  ___)| |_)| | | | | || (_| |  ) ) ) )
  '  |____| .__|_| |_|_| |_\__, | / / / /
 =========|_|==============|___/=/_/_/_/
 :: Spring Boot ::                (v3.1.4)

2023-12-29T01:20:48.001+01:00  INFO 7947 --- [    Test worker] c.e.s.ServiceTests.UserServiceTest       : Starting UserServiceTest using Java 17.0.9 with PID 7947 (started by bar in /home/bar/FIT/java-server/Server-Java)
2023-12-29T01:20:48.001+01:00  INFO 7947 --- [    Test worker] c.e.s.ServiceTests.UserServiceTest       : No active profile set, falling back to 1 default profile: "default"
2023-12-29T01:20:48.062+01:00  INFO 7947 --- [    Test worker] .s.d.r.c.RepositoryConfigurationDelegate : Bootstrapping Spring Data JPA repositories in DEFAULT mode.
2023-12-29T01:20:48.067+01:00  INFO 7947 --- [    Test worker] .s.d.r.c.RepositoryConfigurationDelegate : Finished Spring Data repository scanning in 4 ms. Found 3 JPA repository interfaces.
2023-12-29T01:20:48.105+01:00  INFO 7947 --- [    Test worker] o.hibernate.jpa.internal.util.LogHelper  : HHH000204: Processing PersistenceUnitInfo [name: default]
2023-12-29T01:20:48.108+01:00  INFO 7947 --- [    Test worker] o.h.b.i.BytecodeProviderInitiator        : HHH000021: Bytecode provider name : bytebuddy
2023-12-29T01:20:48.108+01:00  INFO 7947 --- [    Test worker] o.s.o.j.p.SpringPersistenceUnitInfo      : No LoadTimeWeaver setup: ignoring JPA class transformer
2023-12-29T01:20:48.109+01:00  INFO 7947 --- [    Test worker] com.zaxxer.hikari.HikariDataSource       : HikariPool-7 - Starting...
2023-12-29T01:20:48.110+01:00  INFO 7947 --- [    Test worker] com.zaxxer.hikari.pool.HikariPool        : HikariPool-7 - Added connection conn71: url=jdbc:h2:mem:testdb user=SA
2023-12-29T01:20:48.111+01:00  INFO 7947 --- [    Test worker] com.zaxxer.hikari.HikariDataSource       : HikariPool-7 - Start completed.
2023-12-29T01:20:48.123+01:00  INFO 7947 --- [    Test worker] o.h.b.i.BytecodeProviderInitiator        : HHH000021: Bytecode provider name : bytebuddy
2023-12-29T01:20:48.147+01:00  INFO 7947 --- [    Test worker] o.h.e.t.j.p.i.JtaPlatformInitiator       : HHH000490: Using JtaPlatform implementation: [org.hibernate.engine.transaction.jta.platform.internal.NoJtaPlatform]
2023-12-29T01:20:48.155+01:00  INFO 7947 --- [    Test worker] j.LocalContainerEntityManagerFactoryBean : Initialized JPA EntityManagerFactory for persistence unit 'default'
2023-12-29T01:20:48.200+01:00  WARN 7947 --- [    Test worker] JpaBaseConfiguration$JpaWebConfiguration : spring.jpa.open-in-view is enabled by default. Therefore, database queries may be performed during view rendering. Explicitly configure spring.jpa.open-in-view to disable this warning
2023-12-29T01:20:48.256+01:00  INFO 7947 --- [    Test worker] o.s.s.web.DefaultSecurityFilterChain     : Will secure any request with [org.springframework.security.web.session.DisableEncodeUrlFilter@23092aba, org.springframework.security.web.context.request.async.WebAsyncManagerIntegrationFilter@e06bc9f, org.springframework.security.web.context.SecurityContextHolderFilter@3f81872b, org.springframework.security.web.header.HeaderWriterFilter@8d92b1e, org.springframework.security.web.authentication.logout.LogoutFilter@84fb597, org.springframework.security.web.authentication.www.BasicAuthenticationFilter@561fdee3, org.springframework.security.web.savedrequest.RequestCacheAwareFilter@749bbb99, org.springframework.security.web.servletapi.SecurityContextHolderAwareRequestFilter@355bffcf, org.springframework.security.web.authentication.AnonymousAuthenticationFilter@30661521, org.springframework.security.web.session.SessionManagementFilter@737fbdc2, org.springframework.security.web.access.ExceptionTranslationFilter@4e80ba38, org.springframework.security.web.access.intercept.AuthorizationFilter@4beea618]
2023-12-29T01:20:48.295+01:00  INFO 7947 --- [    Test worker] c.e.s.ServiceTests.UserServiceTest       : Started UserServiceTest in 0.301 seconds (process running for 10.543)
2023-12-29T01:20:48.296+01:00  INFO 7947 --- [    Test worker] c.example.serverjava.Config.AdminConfig  : Creating admin
2023-12-29T01:20:48.596+01:00  INFO 7947 --- [    Test worker] c.e.serverjava.Service.UserService       : Find user with email : null
2023-12-29T01:20:48.598+01:00  INFO 7947 --- [    Test worker] c.e.serverjava.Service.UserService       : Find user with id: 1
]]></system-out>
  <system-err><![CDATA[]]></system-err>
</testsuite>
