<?xml version="1.0" encoding="UTF-8"?>
<testsuite name="com.example.serverjava.ServiceTests.ProductServiceTest" tests="1" skipped="0" failures="0" errors="0" timestamp="2024-01-03T22:50:56" hostname="DESKTOP-D5705G5" time="0.005">
  <properties/>
  <testcase name="testGetProductById()" classname="com.example.serverjava.ServiceTests.ProductServiceTest" time="0.005"/>
  <system-out><![CDATA[2024-01-03T23:50:55.831+01:00  INFO 21446 --- [    Test worker] t.c.s.AnnotationConfigContextLoaderUtils : Could not detect default configuration classes for test class [com.example.serverjava.ServiceTests.ProductServiceTest]: ProductServiceTest does not declare any static, non-private, non-final, nested classes annotated with @Configuration.
2024-01-03T23:50:55.833+01:00  INFO 21446 --- [    Test worker] .b.t.c.SpringBootTestContextBootstrapper : Found @SpringBootConfiguration com.example.serverjava.ServerJavaApplication for test class com.example.serverjava.ServiceTests.ProductServiceTest

  .   ____          _            __ _ _
 /\\ / ___'_ __ _ _(_)_ __  __ _ \ \ \ \
( ( )\___ | '_ | '_| | '_ \/ _` | \ \ \ \
 \\/  ___)| |_)| | | | | || (_| |  ) ) ) )
  '  |____| .__|_| |_|_| |_\__, | / / / /
 =========|_|==============|___/=/_/_/_/
 :: Spring Boot ::                (v3.1.4)

2024-01-03T23:50:55.851+01:00  INFO 21446 --- [    Test worker] c.e.s.ServiceTests.ProductServiceTest    : Starting ProductServiceTest using Java 17.0.9 with PID 21446 (started by bareldan in /home/bareldan/FIT/java-server)
2024-01-03T23:50:55.852+01:00  INFO 21446 --- [    Test worker] c.e.s.ServiceTests.ProductServiceTest    : No active profile set, falling back to 1 default profile: "default"
2024-01-03T23:50:55.968+01:00  INFO 21446 --- [    Test worker] .s.d.r.c.RepositoryConfigurationDelegate : Bootstrapping Spring Data JPA repositories in DEFAULT mode.
2024-01-03T23:50:55.978+01:00  INFO 21446 --- [    Test worker] .s.d.r.c.RepositoryConfigurationDelegate : Finished Spring Data repository scanning in 9 ms. Found 3 JPA repository interfaces.
2024-01-03T23:50:56.032+01:00  INFO 21446 --- [    Test worker] o.hibernate.jpa.internal.util.LogHelper  : HHH000204: Processing PersistenceUnitInfo [name: default]
2024-01-03T23:50:56.037+01:00  INFO 21446 --- [    Test worker] o.h.b.i.BytecodeProviderInitiator        : HHH000021: Bytecode provider name : bytebuddy
2024-01-03T23:50:56.037+01:00  INFO 21446 --- [    Test worker] o.s.o.j.p.SpringPersistenceUnitInfo      : No LoadTimeWeaver setup: ignoring JPA class transformer
2024-01-03T23:50:56.038+01:00  INFO 21446 --- [    Test worker] com.zaxxer.hikari.HikariDataSource       : HikariPool-6 - Starting...
2024-01-03T23:50:56.039+01:00  INFO 21446 --- [    Test worker] com.zaxxer.hikari.pool.HikariPool        : HikariPool-6 - Added connection conn61: url=jdbc:h2:mem:testdb user=SA
2024-01-03T23:50:56.039+01:00  INFO 21446 --- [    Test worker] com.zaxxer.hikari.HikariDataSource       : HikariPool-6 - Start completed.
2024-01-03T23:50:56.055+01:00  INFO 21446 --- [    Test worker] o.h.b.i.BytecodeProviderInitiator        : HHH000021: Bytecode provider name : bytebuddy
2024-01-03T23:50:56.098+01:00  INFO 21446 --- [    Test worker] o.h.e.t.j.p.i.JtaPlatformInitiator       : HHH000490: Using JtaPlatform implementation: [org.hibernate.engine.transaction.jta.platform.internal.NoJtaPlatform]
2024-01-03T23:50:56.111+01:00  INFO 21446 --- [    Test worker] j.LocalContainerEntityManagerFactoryBean : Initialized JPA EntityManagerFactory for persistence unit 'default'
2024-01-03T23:50:56.190+01:00  WARN 21446 --- [    Test worker] JpaBaseConfiguration$JpaWebConfiguration : spring.jpa.open-in-view is enabled by default. Therefore, database queries may be performed during view rendering. Explicitly configure spring.jpa.open-in-view to disable this warning
2024-01-03T23:50:56.240+01:00  WARN 21446 --- [    Test worker] .s.s.UserDetailsServiceAutoConfiguration : 

Using generated security password: ea543055-1c99-4726-af94-78255deb9cb9

This generated password is for development use only. Your security configuration must be updated before running your application in production.

2024-01-03T23:50:56.250+01:00  INFO 21446 --- [    Test worker] o.s.s.web.DefaultSecurityFilterChain     : Will secure any request with [org.springframework.security.web.session.DisableEncodeUrlFilter@35e817e9, org.springframework.security.web.context.request.async.WebAsyncManagerIntegrationFilter@5fe46369, org.springframework.security.web.context.SecurityContextHolderFilter@2445cad, org.springframework.security.web.header.HeaderWriterFilter@6fe83f6e, org.springframework.security.web.authentication.logout.LogoutFilter@5d93ad98, org.springframework.security.web.authentication.www.BasicAuthenticationFilter@75d78ba6, org.springframework.security.web.savedrequest.RequestCacheAwareFilter@1f22d7e4, org.springframework.security.web.servletapi.SecurityContextHolderAwareRequestFilter@311f8821, org.springframework.security.web.authentication.AnonymousAuthenticationFilter@6689f455, org.springframework.security.web.session.SessionManagementFilter@55c33059, org.springframework.security.web.access.ExceptionTranslationFilter@7ebc78f1, org.springframework.security.web.access.intercept.AuthorizationFilter@19941818]
2024-01-03T23:50:56.304+01:00  INFO 21446 --- [    Test worker] c.e.s.ServiceTests.ProductServiceTest    : Started ProductServiceTest in 0.467 seconds (process running for 12.339)
2024-01-03T23:50:56.309+01:00  INFO 21446 --- [    Test worker] c.example.serverjava.Config.AdminConfig  : Creating admin
2024-01-03T23:50:56.664+01:00  INFO 21446 --- [    Test worker] c.e.serverjava.Service.ProductService    : getting product with id 1
]]></system-out>
  <system-err><![CDATA[]]></system-err>
</testsuite>
