<?xml version="1.0" encoding="UTF-8"?>
<testsuite name="com.example.serverjava.ServiceTests.OrderServiceTest" tests="2" skipped="0" failures="0" errors="0" timestamp="2024-01-13T16:12:27" hostname="DESKTOP-D5705G5" time="0.014">
  <properties/>
  <testcase name="testGetOrderById()" classname="com.example.serverjava.ServiceTests.OrderServiceTest" time="0.006"/>
  <testcase name="testGetOrderByUserId()" classname="com.example.serverjava.ServiceTests.OrderServiceTest" time="0.007"/>
  <system-out><![CDATA[2024-01-13T17:12:26.124+01:00  INFO 3400 --- [    Test worker] t.c.s.AnnotationConfigContextLoaderUtils : Could not detect default configuration classes for test class [com.example.serverjava.ServiceTests.OrderServiceTest]: OrderServiceTest does not declare any static, non-private, non-final, nested classes annotated with @Configuration.
2024-01-13T17:12:26.129+01:00  INFO 3400 --- [    Test worker] .b.t.c.SpringBootTestContextBootstrapper : Found @SpringBootConfiguration com.example.serverjava.ServerJavaApplication for test class com.example.serverjava.ServiceTests.OrderServiceTest

  .   ____          _            __ _ _
 /\\ / ___'_ __ _ _(_)_ __  __ _ \ \ \ \
( ( )\___ | '_ | '_| | '_ \/ _` | \ \ \ \
 \\/  ___)| |_)| | | | | || (_| |  ) ) ) )
  '  |____| .__|_| |_|_| |_\__, | / / / /
 =========|_|==============|___/=/_/_/_/
 :: Spring Boot ::                (v3.1.4)

2024-01-13T17:12:26.147+01:00  INFO 3400 --- [    Test worker] c.e.s.ServiceTests.OrderServiceTest      : Starting OrderServiceTest using Java 17.0.9 with PID 3400 (started by bareldan in /home/bareldan/FIT/java-server)
2024-01-13T17:12:26.147+01:00  INFO 3400 --- [    Test worker] c.e.s.ServiceTests.OrderServiceTest      : No active profile set, falling back to 1 default profile: "default"
2024-01-13T17:12:26.258+01:00  INFO 3400 --- [    Test worker] .s.d.r.c.RepositoryConfigurationDelegate : Bootstrapping Spring Data JPA repositories in DEFAULT mode.
2024-01-13T17:12:26.277+01:00  INFO 3400 --- [    Test worker] .s.d.r.c.RepositoryConfigurationDelegate : Finished Spring Data repository scanning in 17 ms. Found 3 JPA repository interfaces.
2024-01-13T17:12:26.365+01:00  INFO 3400 --- [    Test worker] o.hibernate.jpa.internal.util.LogHelper  : HHH000204: Processing PersistenceUnitInfo [name: default]
2024-01-13T17:12:26.369+01:00  INFO 3400 --- [    Test worker] o.h.b.i.BytecodeProviderInitiator        : HHH000021: Bytecode provider name : bytebuddy
2024-01-13T17:12:26.370+01:00  INFO 3400 --- [    Test worker] o.s.o.j.p.SpringPersistenceUnitInfo      : No LoadTimeWeaver setup: ignoring JPA class transformer
2024-01-13T17:12:26.371+01:00  INFO 3400 --- [    Test worker] com.zaxxer.hikari.HikariDataSource       : HikariPool-5 - Starting...
2024-01-13T17:12:26.372+01:00  INFO 3400 --- [    Test worker] com.zaxxer.hikari.pool.HikariPool        : HikariPool-5 - Added connection conn51: url=jdbc:h2:mem:testdb user=SA
2024-01-13T17:12:26.372+01:00  INFO 3400 --- [    Test worker] com.zaxxer.hikari.HikariDataSource       : HikariPool-5 - Start completed.
2024-01-13T17:12:26.400+01:00  INFO 3400 --- [    Test worker] o.h.b.i.BytecodeProviderInitiator        : HHH000021: Bytecode provider name : bytebuddy
2024-01-13T17:12:26.443+01:00  INFO 3400 --- [    Test worker] o.h.e.t.j.p.i.JtaPlatformInitiator       : HHH000490: Using JtaPlatform implementation: [org.hibernate.engine.transaction.jta.platform.internal.NoJtaPlatform]
2024-01-13T17:12:26.459+01:00  INFO 3400 --- [    Test worker] j.LocalContainerEntityManagerFactoryBean : Initialized JPA EntityManagerFactory for persistence unit 'default'
2024-01-13T17:12:26.553+01:00  WARN 3400 --- [    Test worker] JpaBaseConfiguration$JpaWebConfiguration : spring.jpa.open-in-view is enabled by default. Therefore, database queries may be performed during view rendering. Explicitly configure spring.jpa.open-in-view to disable this warning
2024-01-13T17:12:26.600+01:00  WARN 3400 --- [    Test worker] .s.s.UserDetailsServiceAutoConfiguration : 

Using generated security password: 0966ca92-155a-4124-952c-621f9b657d64

This generated password is for development use only. Your security configuration must be updated before running your application in production.

2024-01-13T17:12:26.608+01:00  INFO 3400 --- [    Test worker] o.s.s.web.DefaultSecurityFilterChain     : Will secure any request with [org.springframework.security.web.session.DisableEncodeUrlFilter@27e93770, org.springframework.security.web.context.request.async.WebAsyncManagerIntegrationFilter@8cfc918, org.springframework.security.web.context.SecurityContextHolderFilter@7fac91fb, org.springframework.security.web.header.HeaderWriterFilter@605694dc, org.springframework.security.web.authentication.logout.LogoutFilter@ffc9278, org.springframework.security.web.authentication.www.BasicAuthenticationFilter@4ced03c7, org.springframework.security.web.savedrequest.RequestCacheAwareFilter@457af059, org.springframework.security.web.servletapi.SecurityContextHolderAwareRequestFilter@115e7c5e, org.springframework.security.web.authentication.AnonymousAuthenticationFilter@343f54c7, org.springframework.security.web.session.SessionManagementFilter@32c6eb3c, org.springframework.security.web.access.ExceptionTranslationFilter@4bbe3a45, org.springframework.security.web.access.intercept.AuthorizationFilter@7f487086]
2024-01-13T17:12:26.654+01:00  INFO 3400 --- [    Test worker] c.e.s.ServiceTests.OrderServiceTest      : Started OrderServiceTest in 0.521 seconds (process running for 13.242)
2024-01-13T17:12:26.659+01:00  INFO 3400 --- [    Test worker] c.example.serverjava.Config.AdminConfig  : Creating admin
2024-01-13T17:12:27.092+01:00  INFO 3400 --- [    Test worker] c.e.serverjava.Service.OrderService      : Getting order with id 1 from the database
2024-01-13T17:12:27.098+01:00  INFO 3400 --- [    Test worker] c.e.serverjava.Service.OrderService      : Getting order with user id 1 from the database
]]></system-out>
  <system-err><![CDATA[]]></system-err>
</testsuite>
