<?xml version="1.0" encoding="UTF-8"?>
<testsuite name="com.example.serverjava.ControllerTest.UserControllerTest" tests="3" skipped="0" failures="0" errors="0" timestamp="2024-01-03T22:50:53" hostname="DESKTOP-D5705G5" time="0.015">
  <properties/>
  <testcase name="testGetUserByEmail()" classname="com.example.serverjava.ControllerTest.UserControllerTest" time="0.004"/>
  <testcase name="testAddNewUser()" classname="com.example.serverjava.ControllerTest.UserControllerTest" time="0.005"/>
  <testcase name="testGetAllUsers()" classname="com.example.serverjava.ControllerTest.UserControllerTest" time="0.003"/>
  <system-out><![CDATA[2024-01-03T23:50:52.685+01:00  INFO 21446 --- [    Test worker] t.c.s.AnnotationConfigContextLoaderUtils : Could not detect default configuration classes for test class [com.example.serverjava.ControllerTest.UserControllerTest]: UserControllerTest does not declare any static, non-private, non-final, nested classes annotated with @Configuration.
2024-01-03T23:50:52.688+01:00  INFO 21446 --- [    Test worker] .b.t.c.SpringBootTestContextBootstrapper : Found @SpringBootConfiguration com.example.serverjava.ServerJavaApplication for test class com.example.serverjava.ControllerTest.UserControllerTest

  .   ____          _            __ _ _
 /\\ / ___'_ __ _ _(_)_ __  __ _ \ \ \ \
( ( )\___ | '_ | '_| | '_ \/ _` | \ \ \ \
 \\/  ___)| |_)| | | | | || (_| |  ) ) ) )
  '  |____| .__|_| |_|_| |_\__, | / / / /
 =========|_|==============|___/=/_/_/_/
 :: Spring Boot ::                (v3.1.4)

2024-01-03T23:50:52.718+01:00  INFO 21446 --- [    Test worker] c.e.s.ControllerTest.UserControllerTest  : Starting UserControllerTest using Java 17.0.9 with PID 21446 (started by bareldan in /home/bareldan/FIT/java-server)
2024-01-03T23:50:52.718+01:00  INFO 21446 --- [    Test worker] c.e.s.ControllerTest.UserControllerTest  : No active profile set, falling back to 1 default profile: "default"
2024-01-03T23:50:52.853+01:00  INFO 21446 --- [    Test worker] .s.d.r.c.RepositoryConfigurationDelegate : Bootstrapping Spring Data JPA repositories in DEFAULT mode.
2024-01-03T23:50:52.865+01:00  INFO 21446 --- [    Test worker] .s.d.r.c.RepositoryConfigurationDelegate : Finished Spring Data repository scanning in 11 ms. Found 3 JPA repository interfaces.
2024-01-03T23:50:53.063+01:00  INFO 21446 --- [    Test worker] o.hibernate.jpa.internal.util.LogHelper  : HHH000204: Processing PersistenceUnitInfo [name: default]
2024-01-03T23:50:53.069+01:00  INFO 21446 --- [    Test worker] o.h.b.i.BytecodeProviderInitiator        : HHH000021: Bytecode provider name : bytebuddy
2024-01-03T23:50:53.069+01:00  INFO 21446 --- [    Test worker] o.s.o.j.p.SpringPersistenceUnitInfo      : No LoadTimeWeaver setup: ignoring JPA class transformer
2024-01-03T23:50:53.070+01:00  INFO 21446 --- [    Test worker] com.zaxxer.hikari.HikariDataSource       : HikariPool-3 - Starting...
2024-01-03T23:50:53.072+01:00  INFO 21446 --- [    Test worker] com.zaxxer.hikari.pool.HikariPool        : HikariPool-3 - Added connection conn20: url=jdbc:h2:mem:testdb user=SA
2024-01-03T23:50:53.072+01:00  INFO 21446 --- [    Test worker] com.zaxxer.hikari.HikariDataSource       : HikariPool-3 - Start completed.
2024-01-03T23:50:53.094+01:00  INFO 21446 --- [    Test worker] o.h.b.i.BytecodeProviderInitiator        : HHH000021: Bytecode provider name : bytebuddy
2024-01-03T23:50:53.147+01:00  INFO 21446 --- [    Test worker] o.h.e.t.j.p.i.JtaPlatformInitiator       : HHH000490: Using JtaPlatform implementation: [org.hibernate.engine.transaction.jta.platform.internal.NoJtaPlatform]
2024-01-03T23:50:53.163+01:00  INFO 21446 --- [    Test worker] j.LocalContainerEntityManagerFactoryBean : Initialized JPA EntityManagerFactory for persistence unit 'default'
2024-01-03T23:50:53.253+01:00  WARN 21446 --- [    Test worker] JpaBaseConfiguration$JpaWebConfiguration : spring.jpa.open-in-view is enabled by default. Therefore, database queries may be performed during view rendering. Explicitly configure spring.jpa.open-in-view to disable this warning
2024-01-03T23:50:53.313+01:00  WARN 21446 --- [    Test worker] .s.s.UserDetailsServiceAutoConfiguration : 

Using generated security password: 2dd9d5ab-e56c-41f7-bbf1-abeca3798374

This generated password is for development use only. Your security configuration must be updated before running your application in production.

2024-01-03T23:50:53.324+01:00  INFO 21446 --- [    Test worker] o.s.s.web.DefaultSecurityFilterChain     : Will secure any request with [org.springframework.security.web.session.DisableEncodeUrlFilter@51b4ab43, org.springframework.security.web.context.request.async.WebAsyncManagerIntegrationFilter@50f95c8, org.springframework.security.web.context.SecurityContextHolderFilter@7dd6aa3e, org.springframework.security.web.header.HeaderWriterFilter@5a42bb6, org.springframework.security.web.authentication.logout.LogoutFilter@287c4e96, org.springframework.security.web.authentication.www.BasicAuthenticationFilter@1bf64e55, org.springframework.security.web.savedrequest.RequestCacheAwareFilter@398857f8, org.springframework.security.web.servletapi.SecurityContextHolderAwareRequestFilter@1d5522e4, org.springframework.security.web.authentication.AnonymousAuthenticationFilter@5710598e, org.springframework.security.web.session.SessionManagementFilter@47f74d8f, org.springframework.security.web.access.ExceptionTranslationFilter@12dac814, org.springframework.security.web.access.intercept.AuthorizationFilter@67c6b166]
2024-01-03T23:50:53.375+01:00  INFO 21446 --- [    Test worker] c.e.s.ControllerTest.UserControllerTest  : Started UserControllerTest in 0.683 seconds (process running for 9.41)
2024-01-03T23:50:53.377+01:00  INFO 21446 --- [    Test worker] c.example.serverjava.Config.AdminConfig  : Creating admin
]]></system-out>
  <system-err><![CDATA[]]></system-err>
</testsuite>
