<?xml version="1.0" encoding="UTF-8"?>
<testsuite name="com.example.serverjava.FacadeTest.OrderFacadeTest" tests="1" skipped="0" failures="0" errors="0" timestamp="2024-01-03T22:50:54" hostname="DESKTOP-D5705G5" time="0.006">
  <properties/>
  <testcase name="testGetAllOrdersDTO()" classname="com.example.serverjava.FacadeTest.OrderFacadeTest" time="0.006"/>
  <system-out><![CDATA[2024-01-03T23:50:53.737+01:00  INFO 21446 --- [    Test worker] t.c.s.AnnotationConfigContextLoaderUtils : Could not detect default configuration classes for test class [com.example.serverjava.FacadeTest.OrderFacadeTest]: OrderFacadeTest does not declare any static, non-private, non-final, nested classes annotated with @Configuration.
2024-01-03T23:50:53.742+01:00  INFO 21446 --- [    Test worker] .b.t.c.SpringBootTestContextBootstrapper : Found @SpringBootConfiguration com.example.serverjava.ServerJavaApplication for test class com.example.serverjava.FacadeTest.OrderFacadeTest

  .   ____          _            __ _ _
 /\\ / ___'_ __ _ _(_)_ __  __ _ \ \ \ \
( ( )\___ | '_ | '_| | '_ \/ _` | \ \ \ \
 \\/  ___)| |_)| | | | | || (_| |  ) ) ) )
  '  |____| .__|_| |_|_| |_\__, | / / / /
 =========|_|==============|___/=/_/_/_/
 :: Spring Boot ::                (v3.1.4)

2024-01-03T23:50:53.759+01:00  INFO 21446 --- [    Test worker] c.e.s.FacadeTest.OrderFacadeTest         : Starting OrderFacadeTest using Java 17.0.9 with PID 21446 (started by bareldan in /home/bareldan/FIT/java-server)
2024-01-03T23:50:53.759+01:00  INFO 21446 --- [    Test worker] c.e.s.FacadeTest.OrderFacadeTest         : No active profile set, falling back to 1 default profile: "default"
2024-01-03T23:50:53.871+01:00  INFO 21446 --- [    Test worker] .s.d.r.c.RepositoryConfigurationDelegate : Bootstrapping Spring Data JPA repositories in DEFAULT mode.
2024-01-03T23:50:53.881+01:00  INFO 21446 --- [    Test worker] .s.d.r.c.RepositoryConfigurationDelegate : Finished Spring Data repository scanning in 9 ms. Found 3 JPA repository interfaces.
2024-01-03T23:50:53.953+01:00  INFO 21446 --- [    Test worker] o.hibernate.jpa.internal.util.LogHelper  : HHH000204: Processing PersistenceUnitInfo [name: default]
2024-01-03T23:50:53.957+01:00  INFO 21446 --- [    Test worker] o.h.b.i.BytecodeProviderInitiator        : HHH000021: Bytecode provider name : bytebuddy
2024-01-03T23:50:53.957+01:00  INFO 21446 --- [    Test worker] o.s.o.j.p.SpringPersistenceUnitInfo      : No LoadTimeWeaver setup: ignoring JPA class transformer
2024-01-03T23:50:53.958+01:00  INFO 21446 --- [    Test worker] com.zaxxer.hikari.HikariDataSource       : HikariPool-4 - Starting...
2024-01-03T23:50:53.959+01:00  INFO 21446 --- [    Test worker] com.zaxxer.hikari.pool.HikariPool        : HikariPool-4 - Added connection conn30: url=jdbc:h2:mem:testdb user=SA
2024-01-03T23:50:53.960+01:00  INFO 21446 --- [    Test worker] com.zaxxer.hikari.HikariDataSource       : HikariPool-4 - Start completed.
2024-01-03T23:50:53.978+01:00  INFO 21446 --- [    Test worker] o.h.b.i.BytecodeProviderInitiator        : HHH000021: Bytecode provider name : bytebuddy
2024-01-03T23:50:54.027+01:00  INFO 21446 --- [    Test worker] o.h.e.t.j.p.i.JtaPlatformInitiator       : HHH000490: Using JtaPlatform implementation: [org.hibernate.engine.transaction.jta.platform.internal.NoJtaPlatform]
2024-01-03T23:50:54.041+01:00  INFO 21446 --- [    Test worker] j.LocalContainerEntityManagerFactoryBean : Initialized JPA EntityManagerFactory for persistence unit 'default'
2024-01-03T23:50:54.129+01:00  WARN 21446 --- [    Test worker] JpaBaseConfiguration$JpaWebConfiguration : spring.jpa.open-in-view is enabled by default. Therefore, database queries may be performed during view rendering. Explicitly configure spring.jpa.open-in-view to disable this warning
2024-01-03T23:50:54.179+01:00  WARN 21446 --- [    Test worker] .s.s.UserDetailsServiceAutoConfiguration : 

Using generated security password: 7948d2d1-d36f-4fcf-8456-2caed1b916cc

This generated password is for development use only. Your security configuration must be updated before running your application in production.

2024-01-03T23:50:54.186+01:00  INFO 21446 --- [    Test worker] o.s.s.web.DefaultSecurityFilterChain     : Will secure any request with [org.springframework.security.web.session.DisableEncodeUrlFilter@be1f747, org.springframework.security.web.context.request.async.WebAsyncManagerIntegrationFilter@164ca703, org.springframework.security.web.context.SecurityContextHolderFilter@276038e7, org.springframework.security.web.header.HeaderWriterFilter@308617d3, org.springframework.security.web.authentication.logout.LogoutFilter@653b49c4, org.springframework.security.web.authentication.www.BasicAuthenticationFilter@34abfd7f, org.springframework.security.web.savedrequest.RequestCacheAwareFilter@4be8d40e, org.springframework.security.web.servletapi.SecurityContextHolderAwareRequestFilter@4bd06a2f, org.springframework.security.web.authentication.AnonymousAuthenticationFilter@f5dd2de, org.springframework.security.web.session.SessionManagementFilter@4659d776, org.springframework.security.web.access.ExceptionTranslationFilter@6ec05499, org.springframework.security.web.access.intercept.AuthorizationFilter@203737fb]
2024-01-03T23:50:54.242+01:00  INFO 21446 --- [    Test worker] c.e.s.FacadeTest.OrderFacadeTest         : Started OrderFacadeTest in 0.495 seconds (process running for 10.277)
2024-01-03T23:50:54.248+01:00  INFO 21446 --- [    Test worker] c.example.serverjava.Config.AdminConfig  : Creating admin
]]></system-out>
  <system-err><![CDATA[]]></system-err>
</testsuite>
