<?xml version="1.0" encoding="UTF-8"?>
<testsuite name="com.example.serverjava.ServiceTests.OrderServiceTest" tests="2" skipped="0" failures="0" errors="0" timestamp="2024-01-01T18:40:38" hostname="DESKTOP-D5705G5" time="0.012">
  <properties/>
  <testcase name="testGetOrderById()" classname="com.example.serverjava.ServiceTests.OrderServiceTest" time="0.007"/>
  <testcase name="testGetOrderByUserId()" classname="com.example.serverjava.ServiceTests.OrderServiceTest" time="0.004"/>
  <system-out><![CDATA[2024-01-01T19:40:37.772+01:00  INFO 2771 --- [    Test worker] t.c.s.AnnotationConfigContextLoaderUtils : Could not detect default configuration classes for test class [com.example.serverjava.ServiceTests.OrderServiceTest]: OrderServiceTest does not declare any static, non-private, non-final, nested classes annotated with @Configuration.
2024-01-01T19:40:37.777+01:00  INFO 2771 --- [    Test worker] .b.t.c.SpringBootTestContextBootstrapper : Found @SpringBootConfiguration com.example.serverjava.ServerJavaApplication for test class com.example.serverjava.ServiceTests.OrderServiceTest

  .   ____          _            __ _ _
 /\\ / ___'_ __ _ _(_)_ __  __ _ \ \ \ \
( ( )\___ | '_ | '_| | '_ \/ _` | \ \ \ \
 \\/  ___)| |_)| | | | | || (_| |  ) ) ) )
  '  |____| .__|_| |_|_| |_\__, | / / / /
 =========|_|==============|___/=/_/_/_/
 :: Spring Boot ::                (v3.1.4)

2024-01-01T19:40:37.803+01:00  INFO 2771 --- [    Test worker] c.e.s.ServiceTests.OrderServiceTest      : Starting OrderServiceTest using Java 17.0.9 with PID 2771 (started by bareldan in /home/bareldan/FIT/java-server)
2024-01-01T19:40:37.803+01:00  INFO 2771 --- [    Test worker] c.e.s.ServiceTests.OrderServiceTest      : No active profile set, falling back to 1 default profile: "default"
2024-01-01T19:40:37.937+01:00  INFO 2771 --- [    Test worker] .s.d.r.c.RepositoryConfigurationDelegate : Bootstrapping Spring Data JPA repositories in DEFAULT mode.
2024-01-01T19:40:37.945+01:00  INFO 2771 --- [    Test worker] .s.d.r.c.RepositoryConfigurationDelegate : Finished Spring Data repository scanning in 7 ms. Found 3 JPA repository interfaces.
2024-01-01T19:40:38.039+01:00  INFO 2771 --- [    Test worker] o.hibernate.jpa.internal.util.LogHelper  : HHH000204: Processing PersistenceUnitInfo [name: default]
2024-01-01T19:40:38.044+01:00  INFO 2771 --- [    Test worker] o.h.b.i.BytecodeProviderInitiator        : HHH000021: Bytecode provider name : bytebuddy
2024-01-01T19:40:38.044+01:00  INFO 2771 --- [    Test worker] o.s.o.j.p.SpringPersistenceUnitInfo      : No LoadTimeWeaver setup: ignoring JPA class transformer
2024-01-01T19:40:38.045+01:00  INFO 2771 --- [    Test worker] com.zaxxer.hikari.HikariDataSource       : HikariPool-5 - Starting...
2024-01-01T19:40:38.046+01:00  INFO 2771 --- [    Test worker] com.zaxxer.hikari.pool.HikariPool        : HikariPool-5 - Added connection conn51: url=jdbc:h2:mem:testdb user=SA
2024-01-01T19:40:38.046+01:00  INFO 2771 --- [    Test worker] com.zaxxer.hikari.HikariDataSource       : HikariPool-5 - Start completed.
2024-01-01T19:40:38.072+01:00  INFO 2771 --- [    Test worker] o.h.b.i.BytecodeProviderInitiator        : HHH000021: Bytecode provider name : bytebuddy
2024-01-01T19:40:38.120+01:00  INFO 2771 --- [    Test worker] o.h.e.t.j.p.i.JtaPlatformInitiator       : HHH000490: Using JtaPlatform implementation: [org.hibernate.engine.transaction.jta.platform.internal.NoJtaPlatform]
2024-01-01T19:40:38.137+01:00  INFO 2771 --- [    Test worker] j.LocalContainerEntityManagerFactoryBean : Initialized JPA EntityManagerFactory for persistence unit 'default'
2024-01-01T19:40:38.204+01:00  WARN 2771 --- [    Test worker] JpaBaseConfiguration$JpaWebConfiguration : spring.jpa.open-in-view is enabled by default. Therefore, database queries may be performed during view rendering. Explicitly configure spring.jpa.open-in-view to disable this warning
2024-01-01T19:40:38.271+01:00  WARN 2771 --- [    Test worker] .s.s.UserDetailsServiceAutoConfiguration : 

Using generated security password: 954002c2-3a54-474e-b3ab-cfc0908b2856

This generated password is for development use only. Your security configuration must be updated before running your application in production.

2024-01-01T19:40:38.279+01:00  INFO 2771 --- [    Test worker] o.s.s.web.DefaultSecurityFilterChain     : Will secure any request with [org.springframework.security.web.session.DisableEncodeUrlFilter@5a83be9, org.springframework.security.web.context.request.async.WebAsyncManagerIntegrationFilter@6a9781fd, org.springframework.security.web.context.SecurityContextHolderFilter@1f39afe, org.springframework.security.web.header.HeaderWriterFilter@70a8ebfc, org.springframework.security.web.authentication.logout.LogoutFilter@62ce5261, org.springframework.security.web.authentication.www.BasicAuthenticationFilter@15652e7e, org.springframework.security.web.savedrequest.RequestCacheAwareFilter@1435103b, org.springframework.security.web.servletapi.SecurityContextHolderAwareRequestFilter@2375fe4a, org.springframework.security.web.authentication.AnonymousAuthenticationFilter@50e7ee70, org.springframework.security.web.session.SessionManagementFilter@4be2f788, org.springframework.security.web.access.ExceptionTranslationFilter@431ac922, org.springframework.security.web.access.intercept.AuthorizationFilter@524d00e7]
2024-01-01T19:40:38.337+01:00  INFO 2771 --- [    Test worker] c.e.s.ServiceTests.OrderServiceTest      : Started OrderServiceTest in 0.555 seconds (process running for 12.396)
2024-01-01T19:40:38.342+01:00  INFO 2771 --- [    Test worker] c.example.serverjava.Config.AdminConfig  : Creating admin
2024-01-01T19:40:38.742+01:00  INFO 2771 --- [    Test worker] c.e.serverjava.Service.OrderService      : Getting order with id 1 from the database
2024-01-01T19:40:38.748+01:00  INFO 2771 --- [    Test worker] c.e.serverjava.Service.OrderService      : Getting order with user id 1 from the database
]]></system-out>
  <system-err><![CDATA[]]></system-err>
</testsuite>
