<?xml version="1.0" encoding="UTF-8"?>
<testsuite name="com.example.serverjava.ControllerTest.UserControllerTest" tests="3" skipped="0" failures="0" errors="0" timestamp="2023-12-29T00:20:45" hostname="bar-Latitude-3420" time="0.017">
  <properties/>
  <testcase name="testGetUserByEmail()" classname="com.example.serverjava.ControllerTest.UserControllerTest" time="0.005"/>
  <testcase name="testAddNewUser()" classname="com.example.serverjava.ControllerTest.UserControllerTest" time="0.005"/>
  <testcase name="testGetAllUsers()" classname="com.example.serverjava.ControllerTest.UserControllerTest" time="0.004"/>
  <system-out><![CDATA[2023-12-29T01:20:44.696+01:00  INFO 7947 --- [    Test worker] t.c.s.AnnotationConfigContextLoaderUtils : Could not detect default configuration classes for test class [com.example.serverjava.ControllerTest.UserControllerTest]: UserControllerTest does not declare any static, non-private, non-final, nested classes annotated with @Configuration.
2023-12-29T01:20:44.697+01:00  INFO 7947 --- [    Test worker] .b.t.c.SpringBootTestContextBootstrapper : Found @SpringBootConfiguration com.example.serverjava.ServerJavaApplication for test class com.example.serverjava.ControllerTest.UserControllerTest

  .   ____          _            __ _ _
 /\\ / ___'_ __ _ _(_)_ __  __ _ \ \ \ \
( ( )\___ | '_ | '_| | '_ \/ _` | \ \ \ \
 \\/  ___)| |_)| | | | | || (_| |  ) ) ) )
  '  |____| .__|_| |_|_| |_\__, | / / / /
 =========|_|==============|___/=/_/_/_/
 :: Spring Boot ::                (v3.1.4)

2023-12-29T01:20:44.712+01:00  INFO 7947 --- [    Test worker] c.e.s.ControllerTest.UserControllerTest  : Starting UserControllerTest using Java 17.0.9 with PID 7947 (started by bar in /home/bar/FIT/java-server/Server-Java)
2023-12-29T01:20:44.712+01:00  INFO 7947 --- [    Test worker] c.e.s.ControllerTest.UserControllerTest  : No active profile set, falling back to 1 default profile: "default"
2023-12-29T01:20:44.794+01:00  INFO 7947 --- [    Test worker] .s.d.r.c.RepositoryConfigurationDelegate : Bootstrapping Spring Data JPA repositories in DEFAULT mode.
2023-12-29T01:20:44.801+01:00  INFO 7947 --- [    Test worker] .s.d.r.c.RepositoryConfigurationDelegate : Finished Spring Data repository scanning in 6 ms. Found 3 JPA repository interfaces.
2023-12-29T01:20:44.941+01:00  INFO 7947 --- [    Test worker] o.hibernate.jpa.internal.util.LogHelper  : HHH000204: Processing PersistenceUnitInfo [name: default]
2023-12-29T01:20:44.945+01:00  INFO 7947 --- [    Test worker] o.h.b.i.BytecodeProviderInitiator        : HHH000021: Bytecode provider name : bytebuddy
2023-12-29T01:20:44.945+01:00  INFO 7947 --- [    Test worker] o.s.o.j.p.SpringPersistenceUnitInfo      : No LoadTimeWeaver setup: ignoring JPA class transformer
2023-12-29T01:20:44.945+01:00  INFO 7947 --- [    Test worker] com.zaxxer.hikari.HikariDataSource       : HikariPool-3 - Starting...
2023-12-29T01:20:44.946+01:00  INFO 7947 --- [    Test worker] com.zaxxer.hikari.pool.HikariPool        : HikariPool-3 - Added connection conn20: url=jdbc:h2:mem:testdb user=SA
2023-12-29T01:20:44.947+01:00  INFO 7947 --- [    Test worker] com.zaxxer.hikari.HikariDataSource       : HikariPool-3 - Start completed.
2023-12-29T01:20:44.960+01:00  INFO 7947 --- [    Test worker] o.h.b.i.BytecodeProviderInitiator        : HHH000021: Bytecode provider name : bytebuddy
2023-12-29T01:20:44.994+01:00  INFO 7947 --- [    Test worker] o.h.e.t.j.p.i.JtaPlatformInitiator       : HHH000490: Using JtaPlatform implementation: [org.hibernate.engine.transaction.jta.platform.internal.NoJtaPlatform]
2023-12-29T01:20:45.007+01:00  INFO 7947 --- [    Test worker] j.LocalContainerEntityManagerFactoryBean : Initialized JPA EntityManagerFactory for persistence unit 'default'
2023-12-29T01:20:45.072+01:00  WARN 7947 --- [    Test worker] JpaBaseConfiguration$JpaWebConfiguration : spring.jpa.open-in-view is enabled by default. Therefore, database queries may be performed during view rendering. Explicitly configure spring.jpa.open-in-view to disable this warning
2023-12-29T01:20:45.131+01:00  INFO 7947 --- [    Test worker] o.s.s.web.DefaultSecurityFilterChain     : Will secure any request with [org.springframework.security.web.session.DisableEncodeUrlFilter@3c532b97, org.springframework.security.web.context.request.async.WebAsyncManagerIntegrationFilter@5cffd11d, org.springframework.security.web.context.SecurityContextHolderFilter@7ee96c1c, org.springframework.security.web.header.HeaderWriterFilter@6dbf203c, org.springframework.security.web.authentication.logout.LogoutFilter@2e0e1acf, org.springframework.security.web.authentication.www.BasicAuthenticationFilter@62d59d60, org.springframework.security.web.savedrequest.RequestCacheAwareFilter@195f46f1, org.springframework.security.web.servletapi.SecurityContextHolderAwareRequestFilter@df52b26, org.springframework.security.web.authentication.AnonymousAuthenticationFilter@5d4e0d49, org.springframework.security.web.session.SessionManagementFilter@486bd746, org.springframework.security.web.access.ExceptionTranslationFilter@5df744d4, org.springframework.security.web.access.intercept.AuthorizationFilter@698d07ac]
2023-12-29T01:20:45.171+01:00  INFO 7947 --- [    Test worker] c.e.s.ControllerTest.UserControllerTest  : Started UserControllerTest in 0.47 seconds (process running for 7.419)
2023-12-29T01:20:45.172+01:00  INFO 7947 --- [    Test worker] c.example.serverjava.Config.AdminConfig  : Creating admin
]]></system-out>
  <system-err><![CDATA[]]></system-err>
</testsuite>
