<?xml version="1.0" encoding="UTF-8"?>
<testsuite name="com.example.serverjava.ControllerTest.ProductControllerTest" tests="3" skipped="0" failures="0" errors="0" timestamp="2024-01-13T16:12:23" hostname="DESKTOP-D5705G5" time="0.024">
  <properties/>
  <testcase name="testAddNewProduct()" classname="com.example.serverjava.ControllerTest.ProductControllerTest" time="0.012"/>
  <testcase name="testFindById()" classname="com.example.serverjava.ControllerTest.ProductControllerTest" time="0.003"/>
  <testcase name="testGetAllProducts()" classname="com.example.serverjava.ControllerTest.ProductControllerTest" time="0.005"/>
  <system-out><![CDATA[2024-01-13T17:12:21.702+01:00  INFO 3400 --- [    Test worker] t.c.s.AnnotationConfigContextLoaderUtils : Could not detect default configuration classes for test class [com.example.serverjava.ControllerTest.ProductControllerTest]: ProductControllerTest does not declare any static, non-private, non-final, nested classes annotated with @Configuration.
2024-01-13T17:12:21.705+01:00  INFO 3400 --- [    Test worker] .b.t.c.SpringBootTestContextBootstrapper : Found @SpringBootConfiguration com.example.serverjava.ServerJavaApplication for test class com.example.serverjava.ControllerTest.ProductControllerTest

  .   ____          _            __ _ _
 /\\ / ___'_ __ _ _(_)_ __  __ _ \ \ \ \
( ( )\___ | '_ | '_| | '_ \/ _` | \ \ \ \
 \\/  ___)| |_)| | | | | || (_| |  ) ) ) )
  '  |____| .__|_| |_|_| |_\__, | / / / /
 =========|_|==============|___/=/_/_/_/
 :: Spring Boot ::                (v3.1.4)

2024-01-13T17:12:21.731+01:00  INFO 3400 --- [    Test worker] c.e.s.C.ProductControllerTest            : Starting ProductControllerTest using Java 17.0.9 with PID 3400 (started by bareldan in /home/bareldan/FIT/java-server)
2024-01-13T17:12:21.732+01:00  INFO 3400 --- [    Test worker] c.e.s.C.ProductControllerTest            : No active profile set, falling back to 1 default profile: "default"
2024-01-13T17:12:21.952+01:00  INFO 3400 --- [    Test worker] .s.d.r.c.RepositoryConfigurationDelegate : Bootstrapping Spring Data JPA repositories in DEFAULT mode.
2024-01-13T17:12:21.968+01:00  INFO 3400 --- [    Test worker] .s.d.r.c.RepositoryConfigurationDelegate : Finished Spring Data repository scanning in 15 ms. Found 3 JPA repository interfaces.
2024-01-13T17:12:22.200+01:00  INFO 3400 --- [    Test worker] o.hibernate.jpa.internal.util.LogHelper  : HHH000204: Processing PersistenceUnitInfo [name: default]
2024-01-13T17:12:22.206+01:00  INFO 3400 --- [    Test worker] o.h.b.i.BytecodeProviderInitiator        : HHH000021: Bytecode provider name : bytebuddy
2024-01-13T17:12:22.206+01:00  INFO 3400 --- [    Test worker] o.s.o.j.p.SpringPersistenceUnitInfo      : No LoadTimeWeaver setup: ignoring JPA class transformer
2024-01-13T17:12:22.209+01:00  INFO 3400 --- [    Test worker] com.zaxxer.hikari.HikariDataSource       : HikariPool-2 - Starting...
2024-01-13T17:12:22.212+01:00  INFO 3400 --- [    Test worker] com.zaxxer.hikari.pool.HikariPool        : HikariPool-2 - Added connection conn10: url=jdbc:h2:mem:testdb user=SA
2024-01-13T17:12:22.213+01:00  INFO 3400 --- [    Test worker] com.zaxxer.hikari.HikariDataSource       : HikariPool-2 - Start completed.
2024-01-13T17:12:22.238+01:00  INFO 3400 --- [    Test worker] o.h.b.i.BytecodeProviderInitiator        : HHH000021: Bytecode provider name : bytebuddy
2024-01-13T17:12:22.302+01:00  INFO 3400 --- [    Test worker] o.h.e.t.j.p.i.JtaPlatformInitiator       : HHH000490: Using JtaPlatform implementation: [org.hibernate.engine.transaction.jta.platform.internal.NoJtaPlatform]
2024-01-13T17:12:22.326+01:00  INFO 3400 --- [    Test worker] j.LocalContainerEntityManagerFactoryBean : Initialized JPA EntityManagerFactory for persistence unit 'default'
2024-01-13T17:12:22.462+01:00  WARN 3400 --- [    Test worker] JpaBaseConfiguration$JpaWebConfiguration : spring.jpa.open-in-view is enabled by default. Therefore, database queries may be performed during view rendering. Explicitly configure spring.jpa.open-in-view to disable this warning
2024-01-13T17:12:22.534+01:00  WARN 3400 --- [    Test worker] .s.s.UserDetailsServiceAutoConfiguration : 

Using generated security password: 3bee2452-5f4a-4b84-af86-3c59b348f513

This generated password is for development use only. Your security configuration must be updated before running your application in production.

2024-01-13T17:12:22.548+01:00  INFO 3400 --- [    Test worker] o.s.s.web.DefaultSecurityFilterChain     : Will secure any request with [org.springframework.security.web.session.DisableEncodeUrlFilter@3d8bf514, org.springframework.security.web.context.request.async.WebAsyncManagerIntegrationFilter@52a42e0f, org.springframework.security.web.context.SecurityContextHolderFilter@639f6a0d, org.springframework.security.web.header.HeaderWriterFilter@50ea4eaa, org.springframework.security.web.authentication.logout.LogoutFilter@752daa1f, org.springframework.security.web.authentication.www.BasicAuthenticationFilter@256edef4, org.springframework.security.web.savedrequest.RequestCacheAwareFilter@2c476b8f, org.springframework.security.web.servletapi.SecurityContextHolderAwareRequestFilter@2e5affb3, org.springframework.security.web.authentication.AnonymousAuthenticationFilter@32be0ebd, org.springframework.security.web.session.SessionManagementFilter@11fa5334, org.springframework.security.web.access.ExceptionTranslationFilter@4d0042eb, org.springframework.security.web.access.intercept.AuthorizationFilter@1bff70a6]
2024-01-13T17:12:22.621+01:00  INFO 3400 --- [    Test worker] c.e.s.C.ProductControllerTest            : Started ProductControllerTest in 0.91 seconds (process running for 9.209)
2024-01-13T17:12:22.626+01:00  INFO 3400 --- [    Test worker] c.example.serverjava.Config.AdminConfig  : Creating admin
]]></system-out>
  <system-err><![CDATA[]]></system-err>
</testsuite>
