<?xml version="1.0" encoding="UTF-8"?>
<testsuite name="com.example.serverjava.ServiceTests.OrderServiceTest" tests="2" skipped="0" failures="0" errors="0" timestamp="2024-02-12T23:15:29" hostname="DESKTOP-D5705G5" time="0.009">
  <properties/>
  <testcase name="testGetOrderById()" classname="com.example.serverjava.ServiceTests.OrderServiceTest" time="0.003"/>
  <testcase name="testGetOrderByUserId()" classname="com.example.serverjava.ServiceTests.OrderServiceTest" time="0.005"/>
  <system-out><![CDATA[2024-02-13T00:15:28.730+01:00  INFO 29751 --- [    Test worker] t.c.s.AnnotationConfigContextLoaderUtils : Could not detect default configuration classes for test class [com.example.serverjava.ServiceTests.OrderServiceTest]: OrderServiceTest does not declare any static, non-private, non-final, nested classes annotated with @Configuration.
2024-02-13T00:15:28.735+01:00  INFO 29751 --- [    Test worker] .b.t.c.SpringBootTestContextBootstrapper : Found @SpringBootConfiguration com.example.serverjava.ServerJavaApplication for test class com.example.serverjava.ServiceTests.OrderServiceTest

  .   ____          _            __ _ _
 /\\ / ___'_ __ _ _(_)_ __  __ _ \ \ \ \
( ( )\___ | '_ | '_| | '_ \/ _` | \ \ \ \
 \\/  ___)| |_)| | | | | || (_| |  ) ) ) )
  '  |____| .__|_| |_|_| |_\__, | / / / /
 =========|_|==============|___/=/_/_/_/
 :: Spring Boot ::                (v3.1.4)

2024-02-13T00:15:28.753+01:00  INFO 29751 --- [    Test worker] c.e.s.ServiceTests.OrderServiceTest      : Starting OrderServiceTest using Java 17.0.9 with PID 29751 (started by bareldan in /home/bareldan/FOODURA)
2024-02-13T00:15:28.753+01:00  INFO 29751 --- [    Test worker] c.e.s.ServiceTests.OrderServiceTest      : No active profile set, falling back to 1 default profile: "default"
2024-02-13T00:15:28.854+01:00  INFO 29751 --- [    Test worker] .s.d.r.c.RepositoryConfigurationDelegate : Bootstrapping Spring Data JPA repositories in DEFAULT mode.
2024-02-13T00:15:28.860+01:00  INFO 29751 --- [    Test worker] .s.d.r.c.RepositoryConfigurationDelegate : Finished Spring Data repository scanning in 5 ms. Found 3 JPA repository interfaces.
2024-02-13T00:15:28.929+01:00  INFO 29751 --- [    Test worker] o.hibernate.jpa.internal.util.LogHelper  : HHH000204: Processing PersistenceUnitInfo [name: default]
2024-02-13T00:15:28.932+01:00  INFO 29751 --- [    Test worker] o.h.b.i.BytecodeProviderInitiator        : HHH000021: Bytecode provider name : bytebuddy
2024-02-13T00:15:28.932+01:00  INFO 29751 --- [    Test worker] o.s.o.j.p.SpringPersistenceUnitInfo      : No LoadTimeWeaver setup: ignoring JPA class transformer
2024-02-13T00:15:28.933+01:00  INFO 29751 --- [    Test worker] com.zaxxer.hikari.HikariDataSource       : HikariPool-5 - Starting...
2024-02-13T00:15:28.934+01:00  INFO 29751 --- [    Test worker] com.zaxxer.hikari.pool.HikariPool        : HikariPool-5 - Added connection conn51: url=jdbc:h2:mem:testdb user=SA
2024-02-13T00:15:28.934+01:00  INFO 29751 --- [    Test worker] com.zaxxer.hikari.HikariDataSource       : HikariPool-5 - Start completed.
2024-02-13T00:15:28.949+01:00  INFO 29751 --- [    Test worker] o.h.b.i.BytecodeProviderInitiator        : HHH000021: Bytecode provider name : bytebuddy
2024-02-13T00:15:28.985+01:00  INFO 29751 --- [    Test worker] o.h.e.t.j.p.i.JtaPlatformInitiator       : HHH000490: Using JtaPlatform implementation: [org.hibernate.engine.transaction.jta.platform.internal.NoJtaPlatform]
2024-02-13T00:15:29.002+01:00  INFO 29751 --- [    Test worker] j.LocalContainerEntityManagerFactoryBean : Initialized JPA EntityManagerFactory for persistence unit 'default'
2024-02-13T00:15:29.103+01:00  WARN 29751 --- [    Test worker] JpaBaseConfiguration$JpaWebConfiguration : spring.jpa.open-in-view is enabled by default. Therefore, database queries may be performed during view rendering. Explicitly configure spring.jpa.open-in-view to disable this warning
2024-02-13T00:15:29.162+01:00  WARN 29751 --- [    Test worker] .s.s.UserDetailsServiceAutoConfiguration : 

Using generated security password: de539821-c7ae-4f40-be2f-6dd350b8c957

This generated password is for development use only. Your security configuration must be updated before running your application in production.

2024-02-13T00:15:29.168+01:00  INFO 29751 --- [    Test worker] o.s.s.web.DefaultSecurityFilterChain     : Will secure any request with [org.springframework.security.web.session.DisableEncodeUrlFilter@7ed47d66, org.springframework.security.web.context.request.async.WebAsyncManagerIntegrationFilter@8a5ecad, org.springframework.security.web.context.SecurityContextHolderFilter@ffc9278, org.springframework.security.web.header.HeaderWriterFilter@115e7c5e, org.springframework.security.web.authentication.logout.LogoutFilter@27e93770, org.springframework.security.web.authentication.www.BasicAuthenticationFilter@10e88abc, org.springframework.security.web.savedrequest.RequestCacheAwareFilter@1d9643e6, org.springframework.security.web.servletapi.SecurityContextHolderAwareRequestFilter@7f487086, org.springframework.security.web.authentication.AnonymousAuthenticationFilter@46721812, org.springframework.security.web.session.SessionManagementFilter@1444fa42, org.springframework.security.web.access.ExceptionTranslationFilter@457af059, org.springframework.security.web.access.intercept.AuthorizationFilter@343f54c7]
2024-02-13T00:15:29.221+01:00  INFO 29751 --- [    Test worker] c.e.s.ServiceTests.OrderServiceTest      : Started OrderServiceTest in 0.482 seconds (process running for 9.981)
2024-02-13T00:15:29.226+01:00  INFO 29751 --- [    Test worker] c.example.serverjava.Config.AdminConfig  : Creating admin
2024-02-13T00:15:29.546+01:00  INFO 29751 --- [    Test worker] c.e.serverjava.Service.OrderService      : Getting order with id 1 from the database
2024-02-13T00:15:29.552+01:00  INFO 29751 --- [    Test worker] c.e.serverjava.Service.OrderService      : Getting order with user id 1 from the database
]]></system-out>
  <system-err><![CDATA[]]></system-err>
</testsuite>
