<?xml version="1.0" encoding="UTF-8"?>
<testsuite name="com.example.serverjava.ServiceTests.OrderServiceTest" tests="2" skipped="0" failures="0" errors="0" timestamp="2023-12-29T19:51:54" hostname="bar-Latitude-3420" time="0.005">
  <properties/>
  <testcase name="testGetOrderById()" classname="com.example.serverjava.ServiceTests.OrderServiceTest" time="0.002"/>
  <testcase name="testGetOrderByUserId()" classname="com.example.serverjava.ServiceTests.OrderServiceTest" time="0.002"/>
  <system-out><![CDATA[2023-12-29T20:51:54.257+01:00  INFO 28648 --- [    Test worker] t.c.s.AnnotationConfigContextLoaderUtils : Could not detect default configuration classes for test class [com.example.serverjava.ServiceTests.OrderServiceTest]: OrderServiceTest does not declare any static, non-private, non-final, nested classes annotated with @Configuration.
2023-12-29T20:51:54.260+01:00  INFO 28648 --- [    Test worker] .b.t.c.SpringBootTestContextBootstrapper : Found @SpringBootConfiguration com.example.serverjava.ServerJavaApplication for test class com.example.serverjava.ServiceTests.OrderServiceTest

  .   ____          _            __ _ _
 /\\ / ___'_ __ _ _(_)_ __  __ _ \ \ \ \
( ( )\___ | '_ | '_| | '_ \/ _` | \ \ \ \
 \\/  ___)| |_)| | | | | || (_| |  ) ) ) )
  '  |____| .__|_| |_|_| |_\__, | / / / /
 =========|_|==============|___/=/_/_/_/
 :: Spring Boot ::                (v3.1.4)

2023-12-29T20:51:54.270+01:00  INFO 28648 --- [    Test worker] c.e.s.ServiceTests.OrderServiceTest      : Starting OrderServiceTest using Java 17.0.9 with PID 28648 (started by bar in /home/bar/FIT/java-server)
2023-12-29T20:51:54.270+01:00  INFO 28648 --- [    Test worker] c.e.s.ServiceTests.OrderServiceTest      : No active profile set, falling back to 1 default profile: "default"
2023-12-29T20:51:54.335+01:00  INFO 28648 --- [    Test worker] .s.d.r.c.RepositoryConfigurationDelegate : Bootstrapping Spring Data JPA repositories in DEFAULT mode.
2023-12-29T20:51:54.340+01:00  INFO 28648 --- [    Test worker] .s.d.r.c.RepositoryConfigurationDelegate : Finished Spring Data repository scanning in 5 ms. Found 3 JPA repository interfaces.
2023-12-29T20:51:54.386+01:00  INFO 28648 --- [    Test worker] o.hibernate.jpa.internal.util.LogHelper  : HHH000204: Processing PersistenceUnitInfo [name: default]
2023-12-29T20:51:54.390+01:00  INFO 28648 --- [    Test worker] o.h.b.i.BytecodeProviderInitiator        : HHH000021: Bytecode provider name : bytebuddy
2023-12-29T20:51:54.390+01:00  INFO 28648 --- [    Test worker] o.s.o.j.p.SpringPersistenceUnitInfo      : No LoadTimeWeaver setup: ignoring JPA class transformer
2023-12-29T20:51:54.391+01:00  INFO 28648 --- [    Test worker] com.zaxxer.hikari.HikariDataSource       : HikariPool-5 - Starting...
2023-12-29T20:51:54.391+01:00  INFO 28648 --- [    Test worker] com.zaxxer.hikari.pool.HikariPool        : HikariPool-5 - Added connection conn51: url=jdbc:h2:mem:testdb user=SA
2023-12-29T20:51:54.392+01:00  INFO 28648 --- [    Test worker] com.zaxxer.hikari.HikariDataSource       : HikariPool-5 - Start completed.
2023-12-29T20:51:54.403+01:00  INFO 28648 --- [    Test worker] o.h.b.i.BytecodeProviderInitiator        : HHH000021: Bytecode provider name : bytebuddy
2023-12-29T20:51:54.432+01:00  INFO 28648 --- [    Test worker] o.h.e.t.j.p.i.JtaPlatformInitiator       : HHH000490: Using JtaPlatform implementation: [org.hibernate.engine.transaction.jta.platform.internal.NoJtaPlatform]
2023-12-29T20:51:54.440+01:00  INFO 28648 --- [    Test worker] j.LocalContainerEntityManagerFactoryBean : Initialized JPA EntityManagerFactory for persistence unit 'default'
2023-12-29T20:51:54.496+01:00  WARN 28648 --- [    Test worker] JpaBaseConfiguration$JpaWebConfiguration : spring.jpa.open-in-view is enabled by default. Therefore, database queries may be performed during view rendering. Explicitly configure spring.jpa.open-in-view to disable this warning
2023-12-29T20:51:54.536+01:00  WARN 28648 --- [    Test worker] .s.s.UserDetailsServiceAutoConfiguration : 

Using generated security password: 35884822-d5b8-4425-9c07-0c5adb5bf0f6

This generated password is for development use only. Your security configuration must be updated before running your application in production.

2023-12-29T20:51:54.544+01:00  INFO 28648 --- [    Test worker] o.s.s.web.DefaultSecurityFilterChain     : Will secure any request with [org.springframework.security.web.session.DisableEncodeUrlFilter@1d0305fb, org.springframework.security.web.context.request.async.WebAsyncManagerIntegrationFilter@714f1dc4, org.springframework.security.web.context.SecurityContextHolderFilter@5c664da9, org.springframework.security.web.header.HeaderWriterFilter@2876584f, org.springframework.security.web.authentication.logout.LogoutFilter@352b23dd, org.springframework.security.web.authentication.www.BasicAuthenticationFilter@71daf5d6, org.springframework.security.web.savedrequest.RequestCacheAwareFilter@46eaf531, org.springframework.security.web.servletapi.SecurityContextHolderAwareRequestFilter@5c447983, org.springframework.security.web.authentication.AnonymousAuthenticationFilter@5d5f010a, org.springframework.security.web.session.SessionManagementFilter@3f47094a, org.springframework.security.web.access.ExceptionTranslationFilter@437b2db1, org.springframework.security.web.access.intercept.AuthorizationFilter@5b8ee649]
2023-12-29T20:51:54.586+01:00  INFO 28648 --- [    Test worker] c.e.s.ServiceTests.OrderServiceTest      : Started OrderServiceTest in 0.324 seconds (process running for 7.892)
2023-12-29T20:51:54.589+01:00  INFO 28648 --- [    Test worker] c.example.serverjava.Config.AdminConfig  : Creating admin
2023-12-29T20:51:54.890+01:00  INFO 28648 --- [    Test worker] c.e.serverjava.Service.OrderService      : Getting order with id 1 from the database
2023-12-29T20:51:54.893+01:00  INFO 28648 --- [    Test worker] c.e.serverjava.Service.OrderService      : Getting order with user id 1 from the database
]]></system-out>
  <system-err><![CDATA[]]></system-err>
</testsuite>
