<?xml version="1.0" encoding="UTF-8"?>
<testsuite name="com.example.serverjava.ControllerTest.UserControllerTest" tests="3" skipped="0" failures="0" errors="0" timestamp="2024-01-07T13:44:49" hostname="bar-Latitude-3420" time="0.009">
  <properties/>
  <testcase name="testGetUserByEmail()" classname="com.example.serverjava.ControllerTest.UserControllerTest" time="0.003"/>
  <testcase name="testAddNewUser()" classname="com.example.serverjava.ControllerTest.UserControllerTest" time="0.003"/>
  <testcase name="testGetAllUsers()" classname="com.example.serverjava.ControllerTest.UserControllerTest" time="0.002"/>
  <system-out><![CDATA[2024-01-07T14:44:49.271+01:00  INFO 9789 --- [    Test worker] t.c.s.AnnotationConfigContextLoaderUtils : Could not detect default configuration classes for test class [com.example.serverjava.ControllerTest.UserControllerTest]: UserControllerTest does not declare any static, non-private, non-final, nested classes annotated with @Configuration.
2024-01-07T14:44:49.272+01:00  INFO 9789 --- [    Test worker] .b.t.c.SpringBootTestContextBootstrapper : Found @SpringBootConfiguration com.example.serverjava.ServerJavaApplication for test class com.example.serverjava.ControllerTest.UserControllerTest

  .   ____          _            __ _ _
 /\\ / ___'_ __ _ _(_)_ __  __ _ \ \ \ \
( ( )\___ | '_ | '_| | '_ \/ _` | \ \ \ \
 \\/  ___)| |_)| | | | | || (_| |  ) ) ) )
  '  |____| .__|_| |_|_| |_\__, | / / / /
 =========|_|==============|___/=/_/_/_/
 :: Spring Boot ::                (v3.1.4)

2024-01-07T14:44:49.283+01:00  INFO 9789 --- [    Test worker] c.e.s.ControllerTest.UserControllerTest  : Starting UserControllerTest using Java 17.0.9 with PID 9789 (started by bar in /home/bar/FIT/java-server)
2024-01-07T14:44:49.284+01:00  INFO 9789 --- [    Test worker] c.e.s.ControllerTest.UserControllerTest  : No active profile set, falling back to 1 default profile: "default"
2024-01-07T14:44:49.372+01:00  INFO 9789 --- [    Test worker] .s.d.r.c.RepositoryConfigurationDelegate : Bootstrapping Spring Data JPA repositories in DEFAULT mode.
2024-01-07T14:44:49.381+01:00  INFO 9789 --- [    Test worker] .s.d.r.c.RepositoryConfigurationDelegate : Finished Spring Data repository scanning in 8 ms. Found 3 JPA repository interfaces.
2024-01-07T14:44:49.500+01:00  INFO 9789 --- [    Test worker] o.hibernate.jpa.internal.util.LogHelper  : HHH000204: Processing PersistenceUnitInfo [name: default]
2024-01-07T14:44:49.508+01:00  INFO 9789 --- [    Test worker] o.h.b.i.BytecodeProviderInitiator        : HHH000021: Bytecode provider name : bytebuddy
2024-01-07T14:44:49.508+01:00  INFO 9789 --- [    Test worker] o.s.o.j.p.SpringPersistenceUnitInfo      : No LoadTimeWeaver setup: ignoring JPA class transformer
2024-01-07T14:44:49.508+01:00  INFO 9789 --- [    Test worker] com.zaxxer.hikari.HikariDataSource       : HikariPool-4 - Starting...
2024-01-07T14:44:49.509+01:00  INFO 9789 --- [    Test worker] com.zaxxer.hikari.pool.HikariPool        : HikariPool-4 - Added connection conn30: url=jdbc:h2:mem:testdb user=SA
2024-01-07T14:44:49.509+01:00  INFO 9789 --- [    Test worker] com.zaxxer.hikari.HikariDataSource       : HikariPool-4 - Start completed.
2024-01-07T14:44:49.520+01:00  INFO 9789 --- [    Test worker] o.h.b.i.BytecodeProviderInitiator        : HHH000021: Bytecode provider name : bytebuddy
2024-01-07T14:44:49.552+01:00  INFO 9789 --- [    Test worker] o.h.e.t.j.p.i.JtaPlatformInitiator       : HHH000490: Using JtaPlatform implementation: [org.hibernate.engine.transaction.jta.platform.internal.NoJtaPlatform]
2024-01-07T14:44:49.566+01:00  INFO 9789 --- [    Test worker] j.LocalContainerEntityManagerFactoryBean : Initialized JPA EntityManagerFactory for persistence unit 'default'
2024-01-07T14:44:49.628+01:00  WARN 9789 --- [    Test worker] JpaBaseConfiguration$JpaWebConfiguration : spring.jpa.open-in-view is enabled by default. Therefore, database queries may be performed during view rendering. Explicitly configure spring.jpa.open-in-view to disable this warning
2024-01-07T14:44:49.659+01:00  WARN 9789 --- [    Test worker] .s.s.UserDetailsServiceAutoConfiguration : 

Using generated security password: 767f049f-3484-4323-8369-f47b22ec298c

This generated password is for development use only. Your security configuration must be updated before running your application in production.

2024-01-07T14:44:49.664+01:00  INFO 9789 --- [    Test worker] o.s.s.web.DefaultSecurityFilterChain     : Will secure any request with [org.springframework.security.web.session.DisableEncodeUrlFilter@79b24f79, org.springframework.security.web.context.request.async.WebAsyncManagerIntegrationFilter@39088acb, org.springframework.security.web.context.SecurityContextHolderFilter@7a9794bd, org.springframework.security.web.header.HeaderWriterFilter@6aa09c35, org.springframework.security.web.authentication.logout.LogoutFilter@82134e4, org.springframework.security.web.authentication.www.BasicAuthenticationFilter@78b5c29f, org.springframework.security.web.savedrequest.RequestCacheAwareFilter@297727ab, org.springframework.security.web.servletapi.SecurityContextHolderAwareRequestFilter@47585784, org.springframework.security.web.authentication.AnonymousAuthenticationFilter@70dd4172, org.springframework.security.web.session.SessionManagementFilter@22457838, org.springframework.security.web.access.ExceptionTranslationFilter@390d47db, org.springframework.security.web.access.intercept.AuthorizationFilter@1d9a80d8]
2024-01-07T14:44:49.697+01:00  INFO 9789 --- [    Test worker] c.e.s.ControllerTest.UserControllerTest  : Started UserControllerTest in 0.423 seconds (process running for 7.71)
2024-01-07T14:44:49.698+01:00  INFO 9789 --- [    Test worker] c.example.serverjava.Config.AdminConfig  : Creating admin
]]></system-out>
  <system-err><![CDATA[]]></system-err>
</testsuite>
