<?xml version="1.0" encoding="UTF-8"?>
<testsuite name="com.example.serverjava.ControllerTest.UserControllerTest" tests="3" skipped="0" failures="0" errors="0" timestamp="2024-01-01T18:40:36" hostname="DESKTOP-D5705G5" time="0.013">
  <properties/>
  <testcase name="testGetUserByEmail()" classname="com.example.serverjava.ControllerTest.UserControllerTest" time="0.004"/>
  <testcase name="testAddNewUser()" classname="com.example.serverjava.ControllerTest.UserControllerTest" time="0.002"/>
  <testcase name="testGetAllUsers()" classname="com.example.serverjava.ControllerTest.UserControllerTest" time="0.003"/>
  <system-out><![CDATA[2024-01-01T19:40:35.144+01:00  INFO 2771 --- [    Test worker] t.c.s.AnnotationConfigContextLoaderUtils : Could not detect default configuration classes for test class [com.example.serverjava.ControllerTest.UserControllerTest]: UserControllerTest does not declare any static, non-private, non-final, nested classes annotated with @Configuration.
2024-01-01T19:40:35.145+01:00  INFO 2771 --- [    Test worker] .b.t.c.SpringBootTestContextBootstrapper : Found @SpringBootConfiguration com.example.serverjava.ServerJavaApplication for test class com.example.serverjava.ControllerTest.UserControllerTest

  .   ____          _            __ _ _
 /\\ / ___'_ __ _ _(_)_ __  __ _ \ \ \ \
( ( )\___ | '_ | '_| | '_ \/ _` | \ \ \ \
 \\/  ___)| |_)| | | | | || (_| |  ) ) ) )
  '  |____| .__|_| |_|_| |_\__, | / / / /
 =========|_|==============|___/=/_/_/_/
 :: Spring Boot ::                (v3.1.4)

2024-01-01T19:40:35.170+01:00  INFO 2771 --- [    Test worker] c.e.s.ControllerTest.UserControllerTest  : Starting UserControllerTest using Java 17.0.9 with PID 2771 (started by bareldan in /home/bareldan/FIT/java-server)
2024-01-01T19:40:35.171+01:00  INFO 2771 --- [    Test worker] c.e.s.ControllerTest.UserControllerTest  : No active profile set, falling back to 1 default profile: "default"
2024-01-01T19:40:35.324+01:00  INFO 2771 --- [    Test worker] .s.d.r.c.RepositoryConfigurationDelegate : Bootstrapping Spring Data JPA repositories in DEFAULT mode.
2024-01-01T19:40:35.335+01:00  INFO 2771 --- [    Test worker] .s.d.r.c.RepositoryConfigurationDelegate : Finished Spring Data repository scanning in 10 ms. Found 3 JPA repository interfaces.
2024-01-01T19:40:35.583+01:00  INFO 2771 --- [    Test worker] o.hibernate.jpa.internal.util.LogHelper  : HHH000204: Processing PersistenceUnitInfo [name: default]
2024-01-01T19:40:35.587+01:00  INFO 2771 --- [    Test worker] o.h.b.i.BytecodeProviderInitiator        : HHH000021: Bytecode provider name : bytebuddy
2024-01-01T19:40:35.587+01:00  INFO 2771 --- [    Test worker] o.s.o.j.p.SpringPersistenceUnitInfo      : No LoadTimeWeaver setup: ignoring JPA class transformer
2024-01-01T19:40:35.588+01:00  INFO 2771 --- [    Test worker] com.zaxxer.hikari.HikariDataSource       : HikariPool-3 - Starting...
2024-01-01T19:40:35.590+01:00  INFO 2771 --- [    Test worker] com.zaxxer.hikari.pool.HikariPool        : HikariPool-3 - Added connection conn20: url=jdbc:h2:mem:testdb user=SA
2024-01-01T19:40:35.590+01:00  INFO 2771 --- [    Test worker] com.zaxxer.hikari.HikariDataSource       : HikariPool-3 - Start completed.
2024-01-01T19:40:35.616+01:00  INFO 2771 --- [    Test worker] o.h.b.i.BytecodeProviderInitiator        : HHH000021: Bytecode provider name : bytebuddy
2024-01-01T19:40:35.668+01:00  INFO 2771 --- [    Test worker] o.h.e.t.j.p.i.JtaPlatformInitiator       : HHH000490: Using JtaPlatform implementation: [org.hibernate.engine.transaction.jta.platform.internal.NoJtaPlatform]
2024-01-01T19:40:35.688+01:00  INFO 2771 --- [    Test worker] j.LocalContainerEntityManagerFactoryBean : Initialized JPA EntityManagerFactory for persistence unit 'default'
2024-01-01T19:40:35.787+01:00  WARN 2771 --- [    Test worker] JpaBaseConfiguration$JpaWebConfiguration : spring.jpa.open-in-view is enabled by default. Therefore, database queries may be performed during view rendering. Explicitly configure spring.jpa.open-in-view to disable this warning
2024-01-01T19:40:35.855+01:00  WARN 2771 --- [    Test worker] .s.s.UserDetailsServiceAutoConfiguration : 

Using generated security password: 5eb3efd2-6a82-485f-92ed-e5218b30fb23

This generated password is for development use only. Your security configuration must be updated before running your application in production.

2024-01-01T19:40:35.866+01:00  INFO 2771 --- [    Test worker] o.s.s.web.DefaultSecurityFilterChain     : Will secure any request with [org.springframework.security.web.session.DisableEncodeUrlFilter@6820ab53, org.springframework.security.web.context.request.async.WebAsyncManagerIntegrationFilter@6d2d04ef, org.springframework.security.web.context.SecurityContextHolderFilter@17f2e01d, org.springframework.security.web.header.HeaderWriterFilter@d9ef223, org.springframework.security.web.authentication.logout.LogoutFilter@2abb4810, org.springframework.security.web.authentication.www.BasicAuthenticationFilter@18ab9b9e, org.springframework.security.web.savedrequest.RequestCacheAwareFilter@a9c923f, org.springframework.security.web.servletapi.SecurityContextHolderAwareRequestFilter@70e966a5, org.springframework.security.web.authentication.AnonymousAuthenticationFilter@6f939588, org.springframework.security.web.session.SessionManagementFilter@7f14bdd1, org.springframework.security.web.access.ExceptionTranslationFilter@56297b5f, org.springframework.security.web.access.intercept.AuthorizationFilter@7fbfb062]
2024-01-01T19:40:35.927+01:00  INFO 2771 --- [    Test worker] c.e.s.ControllerTest.UserControllerTest  : Started UserControllerTest in 0.779 seconds (process running for 9.987)
2024-01-01T19:40:35.931+01:00  INFO 2771 --- [    Test worker] c.example.serverjava.Config.AdminConfig  : Creating admin
]]></system-out>
  <system-err><![CDATA[]]></system-err>
</testsuite>
