<?xml version="1.0" encoding="UTF-8"?>
<testsuite name="com.example.serverjava.ControllerTest.OrderControllerTest" tests="3" skipped="0" failures="0" errors="0" timestamp="2024-01-01T18:40:33" hostname="DESKTOP-D5705G5" time="0.077">
  <properties/>
  <testcase name="changeOrder()" classname="com.example.serverjava.ControllerTest.OrderControllerTest" time="0.055"/>
  <testcase name="getOrderById()" classname="com.example.serverjava.ControllerTest.OrderControllerTest" time="0.012"/>
  <testcase name="testGetAllOrders()" classname="com.example.serverjava.ControllerTest.OrderControllerTest" time="0.006"/>
  <system-out><![CDATA[19:40:26.850 [Test worker] INFO org.springframework.test.context.support.AnnotationConfigContextLoaderUtils -- Could not detect default configuration classes for test class [com.example.serverjava.ControllerTest.OrderControllerTest]: OrderControllerTest does not declare any static, non-private, non-final, nested classes annotated with @Configuration.
19:40:26.962 [Test worker] INFO org.springframework.boot.test.context.SpringBootTestContextBootstrapper -- Found @SpringBootConfiguration com.example.serverjava.ServerJavaApplication for test class com.example.serverjava.ControllerTest.OrderControllerTest

  .   ____          _            __ _ _
 /\\ / ___'_ __ _ _(_)_ __  __ _ \ \ \ \
( ( )\___ | '_ | '_| | '_ \/ _` | \ \ \ \
 \\/  ___)| |_)| | | | | || (_| |  ) ) ) )
  '  |____| .__|_| |_|_| |_\__, | / / / /
 =========|_|==============|___/=/_/_/_/
 :: Spring Boot ::                (v3.1.4)

2024-01-01T19:40:27.329+01:00  INFO 2771 --- [    Test worker] c.e.s.C.OrderControllerTest              : Starting OrderControllerTest using Java 17.0.9 with PID 2771 (started by bareldan in /home/bareldan/FIT/java-server)
2024-01-01T19:40:27.331+01:00  INFO 2771 --- [    Test worker] c.e.s.C.OrderControllerTest              : No active profile set, falling back to 1 default profile: "default"
2024-01-01T19:40:28.029+01:00  INFO 2771 --- [    Test worker] .s.d.r.c.RepositoryConfigurationDelegate : Bootstrapping Spring Data JPA repositories in DEFAULT mode.
2024-01-01T19:40:28.119+01:00  INFO 2771 --- [    Test worker] .s.d.r.c.RepositoryConfigurationDelegate : Finished Spring Data repository scanning in 81 ms. Found 3 JPA repository interfaces.
2024-01-01T19:40:29.817+01:00  INFO 2771 --- [    Test worker] o.hibernate.jpa.internal.util.LogHelper  : HHH000204: Processing PersistenceUnitInfo [name: default]
2024-01-01T19:40:29.888+01:00  INFO 2771 --- [    Test worker] org.hibernate.Version                    : HHH000412: Hibernate ORM core version 6.2.9.Final
2024-01-01T19:40:29.891+01:00  INFO 2771 --- [    Test worker] org.hibernate.cfg.Environment            : HHH000406: Using bytecode reflection optimizer
2024-01-01T19:40:30.088+01:00  INFO 2771 --- [    Test worker] o.h.b.i.BytecodeProviderInitiator        : HHH000021: Bytecode provider name : bytebuddy
2024-01-01T19:40:30.095+01:00  INFO 2771 --- [    Test worker] o.s.o.j.p.SpringPersistenceUnitInfo      : No LoadTimeWeaver setup: ignoring JPA class transformer
2024-01-01T19:40:30.116+01:00  INFO 2771 --- [    Test worker] com.zaxxer.hikari.HikariDataSource       : HikariPool-1 - Starting...
2024-01-01T19:40:30.341+01:00  INFO 2771 --- [    Test worker] com.zaxxer.hikari.pool.HikariPool        : HikariPool-1 - Added connection conn0: url=jdbc:h2:mem:testdb user=SA
2024-01-01T19:40:30.344+01:00  INFO 2771 --- [    Test worker] com.zaxxer.hikari.HikariDataSource       : HikariPool-1 - Start completed.
2024-01-01T19:40:30.701+01:00  INFO 2771 --- [    Test worker] o.h.b.i.BytecodeProviderInitiator        : HHH000021: Bytecode provider name : bytebuddy
2024-01-01T19:40:31.316+01:00  INFO 2771 --- [    Test worker] o.h.e.t.j.p.i.JtaPlatformInitiator       : HHH000490: Using JtaPlatform implementation: [org.hibernate.engine.transaction.jta.platform.internal.NoJtaPlatform]
2024-01-01T19:40:31.412+01:00  INFO 2771 --- [    Test worker] j.LocalContainerEntityManagerFactoryBean : Initialized JPA EntityManagerFactory for persistence unit 'default'
2024-01-01T19:40:31.930+01:00  WARN 2771 --- [    Test worker] JpaBaseConfiguration$JpaWebConfiguration : spring.jpa.open-in-view is enabled by default. Therefore, database queries may be performed during view rendering. Explicitly configure spring.jpa.open-in-view to disable this warning
2024-01-01T19:40:32.295+01:00  WARN 2771 --- [    Test worker] .s.s.UserDetailsServiceAutoConfiguration : 

Using generated security password: 6445fd8b-eb6f-4196-8032-d6a64ed3ba2b

This generated password is for development use only. Your security configuration must be updated before running your application in production.

2024-01-01T19:40:32.447+01:00  INFO 2771 --- [    Test worker] o.s.s.web.DefaultSecurityFilterChain     : Will secure any request with [org.springframework.security.web.session.DisableEncodeUrlFilter@440e2406, org.springframework.security.web.context.request.async.WebAsyncManagerIntegrationFilter@56adb75e, org.springframework.security.web.context.SecurityContextHolderFilter@315bb2bb, org.springframework.security.web.header.HeaderWriterFilter@32192a69, org.springframework.security.web.authentication.logout.LogoutFilter@2aadeb31, org.springframework.security.web.authentication.www.BasicAuthenticationFilter@3509f32d, org.springframework.security.web.savedrequest.RequestCacheAwareFilter@7c9015c6, org.springframework.security.web.servletapi.SecurityContextHolderAwareRequestFilter@6b6d8671, org.springframework.security.web.authentication.AnonymousAuthenticationFilter@2cc7b63d, org.springframework.security.web.session.SessionManagementFilter@309ac89e, org.springframework.security.web.access.ExceptionTranslationFilter@16c3388e, org.springframework.security.web.access.intercept.AuthorizationFilter@96271d8]
2024-01-01T19:40:32.767+01:00  INFO 2771 --- [    Test worker] c.e.s.C.OrderControllerTest              : Started OrderControllerTest in 5.652 seconds (process running for 6.826)
2024-01-01T19:40:32.920+01:00  INFO 2771 --- [    Test worker] c.example.serverjava.Config.AdminConfig  : Creating admin
]]></system-out>
  <system-err><![CDATA[]]></system-err>
</testsuite>
