<?xml version="1.0" encoding="UTF-8"?>
<testsuite name="com.example.serverjava.ControllerTest.ProductControllerTest" tests="3" skipped="0" failures="0" errors="0" timestamp="2023-12-29T00:20:44" hostname="bar-Latitude-3420" time="0.012">
  <properties/>
  <testcase name="testAddNewProduct()" classname="com.example.serverjava.ControllerTest.ProductControllerTest" time="0.006"/>
  <testcase name="testFindById()" classname="com.example.serverjava.ControllerTest.ProductControllerTest" time="0.002"/>
  <testcase name="testGetAllProducts()" classname="com.example.serverjava.ControllerTest.ProductControllerTest" time="0.002"/>
  <system-out><![CDATA[2023-12-29T01:20:43.361+01:00  INFO 7947 --- [    Test worker] t.c.s.AnnotationConfigContextLoaderUtils : Could not detect default configuration classes for test class [com.example.serverjava.ControllerTest.ProductControllerTest]: ProductControllerTest does not declare any static, non-private, non-final, nested classes annotated with @Configuration.
2023-12-29T01:20:43.363+01:00  INFO 7947 --- [    Test worker] .b.t.c.SpringBootTestContextBootstrapper : Found @SpringBootConfiguration com.example.serverjava.ServerJavaApplication for test class com.example.serverjava.ControllerTest.ProductControllerTest

  .   ____          _            __ _ _
 /\\ / ___'_ __ _ _(_)_ __  __ _ \ \ \ \
( ( )\___ | '_ | '_| | '_ \/ _` | \ \ \ \
 \\/  ___)| |_)| | | | | || (_| |  ) ) ) )
  '  |____| .__|_| |_|_| |_\__, | / / / /
 =========|_|==============|___/=/_/_/_/
 :: Spring Boot ::                (v3.1.4)

2023-12-29T01:20:43.389+01:00  INFO 7947 --- [    Test worker] c.e.s.C.ProductControllerTest            : Starting ProductControllerTest using Java 17.0.9 with PID 7947 (started by bar in /home/bar/FIT/java-server/Server-Java)
2023-12-29T01:20:43.389+01:00  INFO 7947 --- [    Test worker] c.e.s.C.ProductControllerTest            : No active profile set, falling back to 1 default profile: "default"
2023-12-29T01:20:43.569+01:00  INFO 7947 --- [    Test worker] .s.d.r.c.RepositoryConfigurationDelegate : Bootstrapping Spring Data JPA repositories in DEFAULT mode.
2023-12-29T01:20:43.582+01:00  INFO 7947 --- [    Test worker] .s.d.r.c.RepositoryConfigurationDelegate : Finished Spring Data repository scanning in 12 ms. Found 3 JPA repository interfaces.
2023-12-29T01:20:43.784+01:00  INFO 7947 --- [    Test worker] o.hibernate.jpa.internal.util.LogHelper  : HHH000204: Processing PersistenceUnitInfo [name: default]
2023-12-29T01:20:43.791+01:00  INFO 7947 --- [    Test worker] o.h.b.i.BytecodeProviderInitiator        : HHH000021: Bytecode provider name : bytebuddy
2023-12-29T01:20:43.791+01:00  INFO 7947 --- [    Test worker] o.s.o.j.p.SpringPersistenceUnitInfo      : No LoadTimeWeaver setup: ignoring JPA class transformer
2023-12-29T01:20:43.792+01:00  INFO 7947 --- [    Test worker] com.zaxxer.hikari.HikariDataSource       : HikariPool-2 - Starting...
2023-12-29T01:20:43.794+01:00  INFO 7947 --- [    Test worker] com.zaxxer.hikari.pool.HikariPool        : HikariPool-2 - Added connection conn10: url=jdbc:h2:mem:testdb user=SA
2023-12-29T01:20:43.795+01:00  INFO 7947 --- [    Test worker] com.zaxxer.hikari.HikariDataSource       : HikariPool-2 - Start completed.
2023-12-29T01:20:43.822+01:00  INFO 7947 --- [    Test worker] o.h.b.i.BytecodeProviderInitiator        : HHH000021: Bytecode provider name : bytebuddy
2023-12-29T01:20:43.883+01:00  INFO 7947 --- [    Test worker] o.h.e.t.j.p.i.JtaPlatformInitiator       : HHH000490: Using JtaPlatform implementation: [org.hibernate.engine.transaction.jta.platform.internal.NoJtaPlatform]
2023-12-29T01:20:43.903+01:00  INFO 7947 --- [    Test worker] j.LocalContainerEntityManagerFactoryBean : Initialized JPA EntityManagerFactory for persistence unit 'default'
2023-12-29T01:20:43.971+01:00  INFO 7947 --- [    Test worker] o.s.d.j.r.query.QueryEnhancerFactory     : Hibernate is in classpath; If applicable, HQL parser will be used.
2023-12-29T01:20:44.208+01:00  WARN 7947 --- [    Test worker] JpaBaseConfiguration$JpaWebConfiguration : spring.jpa.open-in-view is enabled by default. Therefore, database queries may be performed during view rendering. Explicitly configure spring.jpa.open-in-view to disable this warning
2023-12-29T01:20:44.268+01:00  INFO 7947 --- [    Test worker] o.s.s.web.DefaultSecurityFilterChain     : Will secure any request with [org.springframework.security.web.session.DisableEncodeUrlFilter@79228440, org.springframework.security.web.context.request.async.WebAsyncManagerIntegrationFilter@9c7699e, org.springframework.security.web.context.SecurityContextHolderFilter@5b1b5daf, org.springframework.security.web.header.HeaderWriterFilter@60af08b2, org.springframework.security.web.authentication.logout.LogoutFilter@4d542218, org.springframework.security.web.authentication.www.BasicAuthenticationFilter@150a201b, org.springframework.security.web.savedrequest.RequestCacheAwareFilter@66e74d3, org.springframework.security.web.servletapi.SecurityContextHolderAwareRequestFilter@1e1c1634, org.springframework.security.web.authentication.AnonymousAuthenticationFilter@1ff359b7, org.springframework.security.web.session.SessionManagementFilter@26ae9861, org.springframework.security.web.access.ExceptionTranslationFilter@1cb83205, org.springframework.security.web.access.intercept.AuthorizationFilter@463a0302]
2023-12-29T01:20:44.322+01:00  INFO 7947 --- [    Test worker] c.e.s.C.ProductControllerTest            : Started ProductControllerTest in 0.954 seconds (process running for 6.57)
2023-12-29T01:20:44.326+01:00  INFO 7947 --- [    Test worker] c.example.serverjava.Config.AdminConfig  : Creating admin
]]></system-out>
  <system-err><![CDATA[]]></system-err>
</testsuite>
