<?xml version="1.0" encoding="UTF-8"?>
<testsuite name="com.example.serverjava.ServiceTests.UserServiceTest" tests="2" skipped="0" failures="0" errors="0" timestamp="2023-12-29T02:53:04" hostname="bar-Latitude-3420" time="0.007">
  <properties/>
  <testcase name="testGetUserByEmail()" classname="com.example.serverjava.ServiceTests.UserServiceTest" time="0.003"/>
  <testcase name="testGetUserById()" classname="com.example.serverjava.ServiceTests.UserServiceTest" time="0.003"/>
  <system-out><![CDATA[2023-12-29T03:53:04.093+01:00  INFO 4460 --- [    Test worker] t.c.s.AnnotationConfigContextLoaderUtils : Could not detect default configuration classes for test class [com.example.serverjava.ServiceTests.UserServiceTest]: UserServiceTest does not declare any static, non-private, non-final, nested classes annotated with @Configuration.
2023-12-29T03:53:04.094+01:00  INFO 4460 --- [    Test worker] .b.t.c.SpringBootTestContextBootstrapper : Found @SpringBootConfiguration com.example.serverjava.ServerJavaApplication for test class com.example.serverjava.ServiceTests.UserServiceTest

  .   ____          _            __ _ _
 /\\ / ___'_ __ _ _(_)_ __  __ _ \ \ \ \
( ( )\___ | '_ | '_| | '_ \/ _` | \ \ \ \
 \\/  ___)| |_)| | | | | || (_| |  ) ) ) )
  '  |____| .__|_| |_|_| |_\__, | / / / /
 =========|_|==============|___/=/_/_/_/
 :: Spring Boot ::                (v3.1.4)

2023-12-29T03:53:04.108+01:00  INFO 4460 --- [    Test worker] c.e.s.ServiceTests.UserServiceTest       : Starting UserServiceTest using Java 17.0.9 with PID 4460 (started by bar in /home/bar/FIT/java-server)
2023-12-29T03:53:04.109+01:00  INFO 4460 --- [    Test worker] c.e.s.ServiceTests.UserServiceTest       : No active profile set, falling back to 1 default profile: "default"
2023-12-29T03:53:04.175+01:00  INFO 4460 --- [    Test worker] .s.d.r.c.RepositoryConfigurationDelegate : Bootstrapping Spring Data JPA repositories in DEFAULT mode.
2023-12-29T03:53:04.179+01:00  INFO 4460 --- [    Test worker] .s.d.r.c.RepositoryConfigurationDelegate : Finished Spring Data repository scanning in 4 ms. Found 3 JPA repository interfaces.
2023-12-29T03:53:04.225+01:00  INFO 4460 --- [    Test worker] o.hibernate.jpa.internal.util.LogHelper  : HHH000204: Processing PersistenceUnitInfo [name: default]
2023-12-29T03:53:04.230+01:00  INFO 4460 --- [    Test worker] o.h.b.i.BytecodeProviderInitiator        : HHH000021: Bytecode provider name : bytebuddy
2023-12-29T03:53:04.230+01:00  INFO 4460 --- [    Test worker] o.s.o.j.p.SpringPersistenceUnitInfo      : No LoadTimeWeaver setup: ignoring JPA class transformer
2023-12-29T03:53:04.231+01:00  INFO 4460 --- [    Test worker] com.zaxxer.hikari.HikariDataSource       : HikariPool-7 - Starting...
2023-12-29T03:53:04.232+01:00  INFO 4460 --- [    Test worker] com.zaxxer.hikari.pool.HikariPool        : HikariPool-7 - Added connection conn71: url=jdbc:h2:mem:testdb user=SA
2023-12-29T03:53:04.235+01:00  INFO 4460 --- [    Test worker] com.zaxxer.hikari.HikariDataSource       : HikariPool-7 - Start completed.
2023-12-29T03:53:04.250+01:00  INFO 4460 --- [    Test worker] o.h.b.i.BytecodeProviderInitiator        : HHH000021: Bytecode provider name : bytebuddy
2023-12-29T03:53:04.277+01:00  INFO 4460 --- [    Test worker] o.h.e.t.j.p.i.JtaPlatformInitiator       : HHH000490: Using JtaPlatform implementation: [org.hibernate.engine.transaction.jta.platform.internal.NoJtaPlatform]
2023-12-29T03:53:04.290+01:00  INFO 4460 --- [    Test worker] j.LocalContainerEntityManagerFactoryBean : Initialized JPA EntityManagerFactory for persistence unit 'default'
2023-12-29T03:53:04.349+01:00  WARN 4460 --- [    Test worker] JpaBaseConfiguration$JpaWebConfiguration : spring.jpa.open-in-view is enabled by default. Therefore, database queries may be performed during view rendering. Explicitly configure spring.jpa.open-in-view to disable this warning
2023-12-29T03:53:04.391+01:00  INFO 4460 --- [    Test worker] o.s.s.web.DefaultSecurityFilterChain     : Will secure any request with [org.springframework.security.web.session.DisableEncodeUrlFilter@78b283fb, org.springframework.security.web.context.request.async.WebAsyncManagerIntegrationFilter@7488a9ac, org.springframework.security.web.context.SecurityContextHolderFilter@49c930d5, org.springframework.security.web.header.HeaderWriterFilter@18a63d08, org.springframework.security.web.authentication.logout.LogoutFilter@160a3238, org.springframework.security.web.authentication.www.BasicAuthenticationFilter@3feefdcc, org.springframework.security.web.savedrequest.RequestCacheAwareFilter@4906fbd0, org.springframework.security.web.servletapi.SecurityContextHolderAwareRequestFilter@6061d185, org.springframework.security.web.authentication.AnonymousAuthenticationFilter@e8c9bd4, org.springframework.security.web.session.SessionManagementFilter@7290985c, org.springframework.security.web.access.ExceptionTranslationFilter@30661521, org.springframework.security.web.access.intercept.AuthorizationFilter@62f9a2b]
2023-12-29T03:53:04.429+01:00  INFO 4460 --- [    Test worker] c.e.s.ServiceTests.UserServiceTest       : Started UserServiceTest in 0.332 seconds (process running for 10.709)
2023-12-29T03:53:04.430+01:00  INFO 4460 --- [    Test worker] c.example.serverjava.Config.AdminConfig  : Creating admin
2023-12-29T03:53:04.780+01:00  INFO 4460 --- [    Test worker] c.e.serverjava.Service.UserService       : Find user with email : null
2023-12-29T03:53:04.784+01:00  INFO 4460 --- [    Test worker] c.e.serverjava.Service.UserService       : Find user with id: 1
]]></system-out>
  <system-err><![CDATA[]]></system-err>
</testsuite>
