<?xml version="1.0" encoding="UTF-8"?>
<testsuite name="com.example.serverjava.ControllerTest.OrderControllerTest" tests="3" skipped="0" failures="0" errors="0" timestamp="2024-02-12T23:15:25" hostname="DESKTOP-D5705G5" time="0.076">
  <properties/>
  <testcase name="changeOrder()" classname="com.example.serverjava.ControllerTest.OrderControllerTest" time="0.06"/>
  <testcase name="getOrderById()" classname="com.example.serverjava.ControllerTest.OrderControllerTest" time="0.007"/>
  <testcase name="testGetAllOrders()" classname="com.example.serverjava.ControllerTest.OrderControllerTest" time="0.005"/>
  <system-out><![CDATA[00:15:20.053 [Test worker] INFO org.springframework.test.context.support.AnnotationConfigContextLoaderUtils -- Could not detect default configuration classes for test class [com.example.serverjava.ControllerTest.OrderControllerTest]: OrderControllerTest does not declare any static, non-private, non-final, nested classes annotated with @Configuration.
00:15:20.128 [Test worker] INFO org.springframework.boot.test.context.SpringBootTestContextBootstrapper -- Found @SpringBootConfiguration com.example.serverjava.ServerJavaApplication for test class com.example.serverjava.ControllerTest.OrderControllerTest

  .   ____          _            __ _ _
 /\\ / ___'_ __ _ _(_)_ __  __ _ \ \ \ \
( ( )\___ | '_ | '_| | '_ \/ _` | \ \ \ \
 \\/  ___)| |_)| | | | | || (_| |  ) ) ) )
  '  |____| .__|_| |_|_| |_\__, | / / / /
 =========|_|==============|___/=/_/_/_/
 :: Spring Boot ::                (v3.1.4)

2024-02-13T00:15:20.397+01:00  INFO 29751 --- [    Test worker] c.e.s.C.OrderControllerTest              : Starting OrderControllerTest using Java 17.0.9 with PID 29751 (started by bareldan in /home/bareldan/FOODURA)
2024-02-13T00:15:20.398+01:00  INFO 29751 --- [    Test worker] c.e.s.C.OrderControllerTest              : No active profile set, falling back to 1 default profile: "default"
2024-02-13T00:15:20.981+01:00  INFO 29751 --- [    Test worker] .s.d.r.c.RepositoryConfigurationDelegate : Bootstrapping Spring Data JPA repositories in DEFAULT mode.
2024-02-13T00:15:21.046+01:00  INFO 29751 --- [    Test worker] .s.d.r.c.RepositoryConfigurationDelegate : Finished Spring Data repository scanning in 58 ms. Found 3 JPA repository interfaces.
2024-02-13T00:15:22.363+01:00  INFO 29751 --- [    Test worker] o.hibernate.jpa.internal.util.LogHelper  : HHH000204: Processing PersistenceUnitInfo [name: default]
2024-02-13T00:15:22.415+01:00  INFO 29751 --- [    Test worker] org.hibernate.Version                    : HHH000412: Hibernate ORM core version 6.2.9.Final
2024-02-13T00:15:22.419+01:00  INFO 29751 --- [    Test worker] org.hibernate.cfg.Environment            : HHH000406: Using bytecode reflection optimizer
2024-02-13T00:15:22.549+01:00  INFO 29751 --- [    Test worker] o.h.b.i.BytecodeProviderInitiator        : HHH000021: Bytecode provider name : bytebuddy
2024-02-13T00:15:22.558+01:00  INFO 29751 --- [    Test worker] o.s.o.j.p.SpringPersistenceUnitInfo      : No LoadTimeWeaver setup: ignoring JPA class transformer
2024-02-13T00:15:22.572+01:00  INFO 29751 --- [    Test worker] com.zaxxer.hikari.HikariDataSource       : HikariPool-1 - Starting...
2024-02-13T00:15:22.723+01:00  INFO 29751 --- [    Test worker] com.zaxxer.hikari.pool.HikariPool        : HikariPool-1 - Added connection conn0: url=jdbc:h2:mem:testdb user=SA
2024-02-13T00:15:22.725+01:00  INFO 29751 --- [    Test worker] com.zaxxer.hikari.HikariDataSource       : HikariPool-1 - Start completed.
2024-02-13T00:15:22.981+01:00  INFO 29751 --- [    Test worker] o.h.b.i.BytecodeProviderInitiator        : HHH000021: Bytecode provider name : bytebuddy
2024-02-13T00:15:23.465+01:00  INFO 29751 --- [    Test worker] o.h.e.t.j.p.i.JtaPlatformInitiator       : HHH000490: Using JtaPlatform implementation: [org.hibernate.engine.transaction.jta.platform.internal.NoJtaPlatform]
2024-02-13T00:15:23.522+01:00  INFO 29751 --- [    Test worker] j.LocalContainerEntityManagerFactoryBean : Initialized JPA EntityManagerFactory for persistence unit 'default'
2024-02-13T00:15:23.839+01:00  INFO 29751 --- [    Test worker] o.s.d.j.r.query.QueryEnhancerFactory     : Hibernate is in classpath; If applicable, HQL parser will be used.
2024-02-13T00:15:24.206+01:00  WARN 29751 --- [    Test worker] JpaBaseConfiguration$JpaWebConfiguration : spring.jpa.open-in-view is enabled by default. Therefore, database queries may be performed during view rendering. Explicitly configure spring.jpa.open-in-view to disable this warning
2024-02-13T00:15:24.470+01:00  WARN 29751 --- [    Test worker] .s.s.UserDetailsServiceAutoConfiguration : 

Using generated security password: c3c4f76a-c00b-4ab1-9a35-b52914ae6c14

This generated password is for development use only. Your security configuration must be updated before running your application in production.

2024-02-13T00:15:24.597+01:00  INFO 29751 --- [    Test worker] o.s.s.web.DefaultSecurityFilterChain     : Will secure any request with [org.springframework.security.web.session.DisableEncodeUrlFilter@5f7a2a79, org.springframework.security.web.context.request.async.WebAsyncManagerIntegrationFilter@65f1bf2c, org.springframework.security.web.context.SecurityContextHolderFilter@46244e65, org.springframework.security.web.header.HeaderWriterFilter@8caffbd, org.springframework.security.web.authentication.logout.LogoutFilter@494775f1, org.springframework.security.web.authentication.www.BasicAuthenticationFilter@25bc36, org.springframework.security.web.savedrequest.RequestCacheAwareFilter@76e56b17, org.springframework.security.web.servletapi.SecurityContextHolderAwareRequestFilter@147a8d7c, org.springframework.security.web.authentication.AnonymousAuthenticationFilter@48186ba8, org.springframework.security.web.session.SessionManagementFilter@76320633, org.springframework.security.web.access.ExceptionTranslationFilter@4ec25389, org.springframework.security.web.access.intercept.AuthorizationFilter@4ff7de80]
2024-02-13T00:15:24.814+01:00  INFO 29751 --- [    Test worker] c.e.s.C.OrderControllerTest              : Started OrderControllerTest in 4.581 seconds (process running for 5.574)
2024-02-13T00:15:24.908+01:00  INFO 29751 --- [    Test worker] c.example.serverjava.Config.AdminConfig  : Creating admin
]]></system-out>
  <system-err><![CDATA[]]></system-err>
</testsuite>
