<?xml version="1.0" encoding="UTF-8"?>
<testsuite name="com.example.serverjava.ControllerTest.OrderControllerTest" tests="3" skipped="0" failures="0" errors="0" timestamp="2023-12-29T02:52:59" hostname="bar-Latitude-3420" time="0.069">
  <properties/>
  <testcase name="changeOrder()" classname="com.example.serverjava.ControllerTest.OrderControllerTest" time="0.05"/>
  <testcase name="getOrderById()" classname="com.example.serverjava.ControllerTest.OrderControllerTest" time="0.008"/>
  <testcase name="testGetAllOrders()" classname="com.example.serverjava.ControllerTest.OrderControllerTest" time="0.006"/>
  <system-out><![CDATA[03:52:54.327 [Test worker] INFO org.springframework.test.context.support.AnnotationConfigContextLoaderUtils -- Could not detect default configuration classes for test class [com.example.serverjava.ControllerTest.OrderControllerTest]: OrderControllerTest does not declare any static, non-private, non-final, nested classes annotated with @Configuration.
03:52:54.423 [Test worker] INFO org.springframework.boot.test.context.SpringBootTestContextBootstrapper -- Found @SpringBootConfiguration com.example.serverjava.ServerJavaApplication for test class com.example.serverjava.ControllerTest.OrderControllerTest

  .   ____          _            __ _ _
 /\\ / ___'_ __ _ _(_)_ __  __ _ \ \ \ \
( ( )\___ | '_ | '_| | '_ \/ _` | \ \ \ \
 \\/  ___)| |_)| | | | | || (_| |  ) ) ) )
  '  |____| .__|_| |_|_| |_\__, | / / / /
 =========|_|==============|___/=/_/_/_/
 :: Spring Boot ::                (v3.1.4)

2023-12-29T03:52:54.668+01:00  INFO 4460 --- [    Test worker] c.e.s.C.OrderControllerTest              : Starting OrderControllerTest using Java 17.0.9 with PID 4460 (started by bar in /home/bar/FIT/java-server)
2023-12-29T03:52:54.669+01:00  INFO 4460 --- [    Test worker] c.e.s.C.OrderControllerTest              : No active profile set, falling back to 1 default profile: "default"
2023-12-29T03:52:55.172+01:00  INFO 4460 --- [    Test worker] .s.d.r.c.RepositoryConfigurationDelegate : Bootstrapping Spring Data JPA repositories in DEFAULT mode.
2023-12-29T03:52:55.288+01:00  INFO 4460 --- [    Test worker] .s.d.r.c.RepositoryConfigurationDelegate : Finished Spring Data repository scanning in 110 ms. Found 3 JPA repository interfaces.
2023-12-29T03:52:56.712+01:00  INFO 4460 --- [    Test worker] o.hibernate.jpa.internal.util.LogHelper  : HHH000204: Processing PersistenceUnitInfo [name: default]
2023-12-29T03:52:56.748+01:00  INFO 4460 --- [    Test worker] org.hibernate.Version                    : HHH000412: Hibernate ORM core version 6.2.9.Final
2023-12-29T03:52:56.750+01:00  INFO 4460 --- [    Test worker] org.hibernate.cfg.Environment            : HHH000406: Using bytecode reflection optimizer
2023-12-29T03:52:56.921+01:00  INFO 4460 --- [    Test worker] o.h.b.i.BytecodeProviderInitiator        : HHH000021: Bytecode provider name : bytebuddy
2023-12-29T03:52:56.929+01:00  INFO 4460 --- [    Test worker] o.s.o.j.p.SpringPersistenceUnitInfo      : No LoadTimeWeaver setup: ignoring JPA class transformer
2023-12-29T03:52:56.947+01:00  INFO 4460 --- [    Test worker] com.zaxxer.hikari.HikariDataSource       : HikariPool-1 - Starting...
2023-12-29T03:52:57.118+01:00  INFO 4460 --- [    Test worker] com.zaxxer.hikari.pool.HikariPool        : HikariPool-1 - Added connection conn0: url=jdbc:h2:mem:testdb user=SA
2023-12-29T03:52:57.119+01:00  INFO 4460 --- [    Test worker] com.zaxxer.hikari.HikariDataSource       : HikariPool-1 - Start completed.
2023-12-29T03:52:57.336+01:00  INFO 4460 --- [    Test worker] o.h.b.i.BytecodeProviderInitiator        : HHH000021: Bytecode provider name : bytebuddy
2023-12-29T03:52:57.742+01:00  INFO 4460 --- [    Test worker] o.h.e.t.j.p.i.JtaPlatformInitiator       : HHH000490: Using JtaPlatform implementation: [org.hibernate.engine.transaction.jta.platform.internal.NoJtaPlatform]
2023-12-29T03:52:57.809+01:00  INFO 4460 --- [    Test worker] j.LocalContainerEntityManagerFactoryBean : Initialized JPA EntityManagerFactory for persistence unit 'default'
2023-12-29T03:52:58.174+01:00  WARN 4460 --- [    Test worker] JpaBaseConfiguration$JpaWebConfiguration : spring.jpa.open-in-view is enabled by default. Therefore, database queries may be performed during view rendering. Explicitly configure spring.jpa.open-in-view to disable this warning
2023-12-29T03:52:58.499+01:00  INFO 4460 --- [    Test worker] o.s.s.web.DefaultSecurityFilterChain     : Will secure any request with [org.springframework.security.web.session.DisableEncodeUrlFilter@3619bc9e, org.springframework.security.web.context.request.async.WebAsyncManagerIntegrationFilter@2e640411, org.springframework.security.web.context.SecurityContextHolderFilter@46ee9cfd, org.springframework.security.web.header.HeaderWriterFilter@739500b8, org.springframework.security.web.authentication.logout.LogoutFilter@17af9f67, org.springframework.security.web.authentication.www.BasicAuthenticationFilter@6b4376e1, org.springframework.security.web.savedrequest.RequestCacheAwareFilter@7b6c3b37, org.springframework.security.web.servletapi.SecurityContextHolderAwareRequestFilter@cec1ce2, org.springframework.security.web.authentication.AnonymousAuthenticationFilter@5e609b42, org.springframework.security.web.session.SessionManagementFilter@d640fe6, org.springframework.security.web.access.ExceptionTranslationFilter@55f29d39, org.springframework.security.web.access.intercept.AuthorizationFilter@46374b8]
2023-12-29T03:52:58.686+01:00  INFO 4460 --- [    Test worker] c.e.s.C.OrderControllerTest              : Started OrderControllerTest in 4.17 seconds (process running for 4.966)
2023-12-29T03:52:58.788+01:00  INFO 4460 --- [    Test worker] c.example.serverjava.Config.AdminConfig  : Creating admin
]]></system-out>
  <system-err><![CDATA[]]></system-err>
</testsuite>
