<?xml version="1.0" encoding="UTF-8"?>
<testsuite name="com.example.serverjava.ControllerTest.ProductControllerTest" tests="3" skipped="0" failures="0" errors="0" timestamp="2023-12-29T19:51:52" hostname="bar-Latitude-3420" time="0.012">
  <properties/>
  <testcase name="testAddNewProduct()" classname="com.example.serverjava.ControllerTest.ProductControllerTest" time="0.006"/>
  <testcase name="testFindById()" classname="com.example.serverjava.ControllerTest.ProductControllerTest" time="0.002"/>
  <testcase name="testGetAllProducts()" classname="com.example.serverjava.ControllerTest.ProductControllerTest" time="0.002"/>
  <system-out><![CDATA[2023-12-29T20:51:51.462+01:00  INFO 28648 --- [    Test worker] t.c.s.AnnotationConfigContextLoaderUtils : Could not detect default configuration classes for test class [com.example.serverjava.ControllerTest.ProductControllerTest]: ProductControllerTest does not declare any static, non-private, non-final, nested classes annotated with @Configuration.
2023-12-29T20:51:51.463+01:00  INFO 28648 --- [    Test worker] .b.t.c.SpringBootTestContextBootstrapper : Found @SpringBootConfiguration com.example.serverjava.ServerJavaApplication for test class com.example.serverjava.ControllerTest.ProductControllerTest

  .   ____          _            __ _ _
 /\\ / ___'_ __ _ _(_)_ __  __ _ \ \ \ \
( ( )\___ | '_ | '_| | '_ \/ _` | \ \ \ \
 \\/  ___)| |_)| | | | | || (_| |  ) ) ) )
  '  |____| .__|_| |_|_| |_\__, | / / / /
 =========|_|==============|___/=/_/_/_/
 :: Spring Boot ::                (v3.1.4)

2023-12-29T20:51:51.489+01:00  INFO 28648 --- [    Test worker] c.e.s.C.ProductControllerTest            : Starting ProductControllerTest using Java 17.0.9 with PID 28648 (started by bar in /home/bar/FIT/java-server)
2023-12-29T20:51:51.490+01:00  INFO 28648 --- [    Test worker] c.e.s.C.ProductControllerTest            : No active profile set, falling back to 1 default profile: "default"
2023-12-29T20:51:51.616+01:00  INFO 28648 --- [    Test worker] .s.d.r.c.RepositoryConfigurationDelegate : Bootstrapping Spring Data JPA repositories in DEFAULT mode.
2023-12-29T20:51:51.625+01:00  INFO 28648 --- [    Test worker] .s.d.r.c.RepositoryConfigurationDelegate : Finished Spring Data repository scanning in 8 ms. Found 3 JPA repository interfaces.
2023-12-29T20:51:51.764+01:00  INFO 28648 --- [    Test worker] o.hibernate.jpa.internal.util.LogHelper  : HHH000204: Processing PersistenceUnitInfo [name: default]
2023-12-29T20:51:51.768+01:00  INFO 28648 --- [    Test worker] o.h.b.i.BytecodeProviderInitiator        : HHH000021: Bytecode provider name : bytebuddy
2023-12-29T20:51:51.768+01:00  INFO 28648 --- [    Test worker] o.s.o.j.p.SpringPersistenceUnitInfo      : No LoadTimeWeaver setup: ignoring JPA class transformer
2023-12-29T20:51:51.769+01:00  INFO 28648 --- [    Test worker] com.zaxxer.hikari.HikariDataSource       : HikariPool-2 - Starting...
2023-12-29T20:51:51.770+01:00  INFO 28648 --- [    Test worker] com.zaxxer.hikari.pool.HikariPool        : HikariPool-2 - Added connection conn10: url=jdbc:h2:mem:testdb user=SA
2023-12-29T20:51:51.770+01:00  INFO 28648 --- [    Test worker] com.zaxxer.hikari.HikariDataSource       : HikariPool-2 - Start completed.
2023-12-29T20:51:51.785+01:00  INFO 28648 --- [    Test worker] o.h.b.i.BytecodeProviderInitiator        : HHH000021: Bytecode provider name : bytebuddy
2023-12-29T20:51:51.826+01:00  INFO 28648 --- [    Test worker] o.h.e.t.j.p.i.JtaPlatformInitiator       : HHH000490: Using JtaPlatform implementation: [org.hibernate.engine.transaction.jta.platform.internal.NoJtaPlatform]
2023-12-29T20:51:51.837+01:00  INFO 28648 --- [    Test worker] j.LocalContainerEntityManagerFactoryBean : Initialized JPA EntityManagerFactory for persistence unit 'default'
2023-12-29T20:51:51.912+01:00  INFO 28648 --- [    Test worker] o.s.d.j.r.query.QueryEnhancerFactory     : Hibernate is in classpath; If applicable, HQL parser will be used.
2023-12-29T20:51:52.086+01:00  WARN 28648 --- [    Test worker] JpaBaseConfiguration$JpaWebConfiguration : spring.jpa.open-in-view is enabled by default. Therefore, database queries may be performed during view rendering. Explicitly configure spring.jpa.open-in-view to disable this warning
2023-12-29T20:51:52.135+01:00  WARN 28648 --- [    Test worker] .s.s.UserDetailsServiceAutoConfiguration : 

Using generated security password: f4fa6c0f-1621-4a33-af34-7d680cde9713

This generated password is for development use only. Your security configuration must be updated before running your application in production.

2023-12-29T20:51:52.144+01:00  INFO 28648 --- [    Test worker] o.s.s.web.DefaultSecurityFilterChain     : Will secure any request with [org.springframework.security.web.session.DisableEncodeUrlFilter@794ffe22, org.springframework.security.web.context.request.async.WebAsyncManagerIntegrationFilter@2da16d31, org.springframework.security.web.context.SecurityContextHolderFilter@38f0de07, org.springframework.security.web.header.HeaderWriterFilter@11f415e4, org.springframework.security.web.authentication.logout.LogoutFilter@521f2a23, org.springframework.security.web.authentication.www.BasicAuthenticationFilter@522a9876, org.springframework.security.web.savedrequest.RequestCacheAwareFilter@21e5feb, org.springframework.security.web.servletapi.SecurityContextHolderAwareRequestFilter@33742179, org.springframework.security.web.authentication.AnonymousAuthenticationFilter@74a15f4, org.springframework.security.web.session.SessionManagementFilter@27af14bd, org.springframework.security.web.access.ExceptionTranslationFilter@14c5d220, org.springframework.security.web.access.intercept.AuthorizationFilter@30e3544d]
2023-12-29T20:51:52.193+01:00  INFO 28648 --- [    Test worker] c.e.s.C.ProductControllerTest            : Started ProductControllerTest in 0.727 seconds (process running for 5.5)
2023-12-29T20:51:52.197+01:00  INFO 28648 --- [    Test worker] c.example.serverjava.Config.AdminConfig  : Creating admin
]]></system-out>
  <system-err><![CDATA[]]></system-err>
</testsuite>
