<?xml version="1.0" encoding="UTF-8"?>
<testsuite name="com.example.serverjava.ControllerTest.OrderControllerTest" tests="3" skipped="0" failures="0" errors="0" timestamp="2024-01-13T16:12:21" hostname="DESKTOP-D5705G5" time="0.083">
  <properties/>
  <testcase name="changeOrder()" classname="com.example.serverjava.ControllerTest.OrderControllerTest" time="0.063"/>
  <testcase name="getOrderById()" classname="com.example.serverjava.ControllerTest.OrderControllerTest" time="0.01"/>
  <testcase name="testGetAllOrders()" classname="com.example.serverjava.ControllerTest.OrderControllerTest" time="0.005"/>
  <system-out><![CDATA[17:12:14.364 [Test worker] INFO org.springframework.test.context.support.AnnotationConfigContextLoaderUtils -- Could not detect default configuration classes for test class [com.example.serverjava.ControllerTest.OrderControllerTest]: OrderControllerTest does not declare any static, non-private, non-final, nested classes annotated with @Configuration.
17:12:14.472 [Test worker] INFO org.springframework.boot.test.context.SpringBootTestContextBootstrapper -- Found @SpringBootConfiguration com.example.serverjava.ServerJavaApplication for test class com.example.serverjava.ControllerTest.OrderControllerTest

  .   ____          _            __ _ _
 /\\ / ___'_ __ _ _(_)_ __  __ _ \ \ \ \
( ( )\___ | '_ | '_| | '_ \/ _` | \ \ \ \
 \\/  ___)| |_)| | | | | || (_| |  ) ) ) )
  '  |____| .__|_| |_|_| |_\__, | / / / /
 =========|_|==============|___/=/_/_/_/
 :: Spring Boot ::                (v3.1.4)

2024-01-13T17:12:14.839+01:00  INFO 3400 --- [    Test worker] c.e.s.C.OrderControllerTest              : Starting OrderControllerTest using Java 17.0.9 with PID 3400 (started by bareldan in /home/bareldan/FIT/java-server)
2024-01-13T17:12:14.842+01:00  INFO 3400 --- [    Test worker] c.e.s.C.OrderControllerTest              : No active profile set, falling back to 1 default profile: "default"
2024-01-13T17:12:15.606+01:00  INFO 3400 --- [    Test worker] .s.d.r.c.RepositoryConfigurationDelegate : Bootstrapping Spring Data JPA repositories in DEFAULT mode.
2024-01-13T17:12:15.695+01:00  INFO 3400 --- [    Test worker] .s.d.r.c.RepositoryConfigurationDelegate : Finished Spring Data repository scanning in 78 ms. Found 3 JPA repository interfaces.
2024-01-13T17:12:17.471+01:00  INFO 3400 --- [    Test worker] o.hibernate.jpa.internal.util.LogHelper  : HHH000204: Processing PersistenceUnitInfo [name: default]
2024-01-13T17:12:17.532+01:00  INFO 3400 --- [    Test worker] org.hibernate.Version                    : HHH000412: Hibernate ORM core version 6.2.9.Final
2024-01-13T17:12:17.536+01:00  INFO 3400 --- [    Test worker] org.hibernate.cfg.Environment            : HHH000406: Using bytecode reflection optimizer
2024-01-13T17:12:17.741+01:00  INFO 3400 --- [    Test worker] o.h.b.i.BytecodeProviderInitiator        : HHH000021: Bytecode provider name : bytebuddy
2024-01-13T17:12:17.754+01:00  INFO 3400 --- [    Test worker] o.s.o.j.p.SpringPersistenceUnitInfo      : No LoadTimeWeaver setup: ignoring JPA class transformer
2024-01-13T17:12:17.777+01:00  INFO 3400 --- [    Test worker] com.zaxxer.hikari.HikariDataSource       : HikariPool-1 - Starting...
2024-01-13T17:12:17.996+01:00  INFO 3400 --- [    Test worker] com.zaxxer.hikari.pool.HikariPool        : HikariPool-1 - Added connection conn0: url=jdbc:h2:mem:testdb user=SA
2024-01-13T17:12:17.999+01:00  INFO 3400 --- [    Test worker] com.zaxxer.hikari.HikariDataSource       : HikariPool-1 - Start completed.
2024-01-13T17:12:18.375+01:00  INFO 3400 --- [    Test worker] o.h.b.i.BytecodeProviderInitiator        : HHH000021: Bytecode provider name : bytebuddy
2024-01-13T17:12:19.104+01:00  INFO 3400 --- [    Test worker] o.h.e.t.j.p.i.JtaPlatformInitiator       : HHH000490: Using JtaPlatform implementation: [org.hibernate.engine.transaction.jta.platform.internal.NoJtaPlatform]
2024-01-13T17:12:19.197+01:00  INFO 3400 --- [    Test worker] j.LocalContainerEntityManagerFactoryBean : Initialized JPA EntityManagerFactory for persistence unit 'default'
2024-01-13T17:12:19.646+01:00  INFO 3400 --- [    Test worker] o.s.d.j.r.query.QueryEnhancerFactory     : Hibernate is in classpath; If applicable, HQL parser will be used.
2024-01-13T17:12:20.114+01:00  WARN 3400 --- [    Test worker] JpaBaseConfiguration$JpaWebConfiguration : spring.jpa.open-in-view is enabled by default. Therefore, database queries may be performed during view rendering. Explicitly configure spring.jpa.open-in-view to disable this warning
2024-01-13T17:12:20.443+01:00  WARN 3400 --- [    Test worker] .s.s.UserDetailsServiceAutoConfiguration : 

Using generated security password: e2cc535f-4cff-4d1a-b122-97610140f1a3

This generated password is for development use only. Your security configuration must be updated before running your application in production.

2024-01-13T17:12:20.622+01:00  INFO 3400 --- [    Test worker] o.s.s.web.DefaultSecurityFilterChain     : Will secure any request with [org.springframework.security.web.session.DisableEncodeUrlFilter@341c8f67, org.springframework.security.web.context.request.async.WebAsyncManagerIntegrationFilter@72090715, org.springframework.security.web.context.SecurityContextHolderFilter@45b7b254, org.springframework.security.web.header.HeaderWriterFilter@1fd1deed, org.springframework.security.web.authentication.logout.LogoutFilter@3d1b6816, org.springframework.security.web.authentication.www.BasicAuthenticationFilter@4746b319, org.springframework.security.web.savedrequest.RequestCacheAwareFilter@5100fe55, org.springframework.security.web.servletapi.SecurityContextHolderAwareRequestFilter@76e56b17, org.springframework.security.web.authentication.AnonymousAuthenticationFilter@25bc36, org.springframework.security.web.session.SessionManagementFilter@3520d2db, org.springframework.security.web.access.ExceptionTranslationFilter@4f9e32f2, org.springframework.security.web.access.intercept.AuthorizationFilter@29617475]
2024-01-13T17:12:20.916+01:00  INFO 3400 --- [    Test worker] c.e.s.C.OrderControllerTest              : Started OrderControllerTest in 6.297 seconds (process running for 7.504)
2024-01-13T17:12:21.035+01:00  INFO 3400 --- [    Test worker] c.example.serverjava.Config.AdminConfig  : Creating admin
]]></system-out>
  <system-err><![CDATA[]]></system-err>
</testsuite>
