<?xml version="1.0" encoding="UTF-8"?>
<testsuite name="com.example.serverjava.ControllerTest.ProductControllerTest" tests="3" skipped="0" failures="0" errors="0" timestamp="2024-02-12T23:15:26" hostname="DESKTOP-D5705G5" time="0.019">
  <properties/>
  <testcase name="testAddNewProduct()" classname="com.example.serverjava.ControllerTest.ProductControllerTest" time="0.007"/>
  <testcase name="testFindById()" classname="com.example.serverjava.ControllerTest.ProductControllerTest" time="0.005"/>
  <testcase name="testGetAllProducts()" classname="com.example.serverjava.ControllerTest.ProductControllerTest" time="0.003"/>
  <system-out><![CDATA[2024-02-13T00:15:25.353+01:00  INFO 29751 --- [    Test worker] t.c.s.AnnotationConfigContextLoaderUtils : Could not detect default configuration classes for test class [com.example.serverjava.ControllerTest.ProductControllerTest]: ProductControllerTest does not declare any static, non-private, non-final, nested classes annotated with @Configuration.
2024-02-13T00:15:25.355+01:00  INFO 29751 --- [    Test worker] .b.t.c.SpringBootTestContextBootstrapper : Found @SpringBootConfiguration com.example.serverjava.ServerJavaApplication for test class com.example.serverjava.ControllerTest.ProductControllerTest

  .   ____          _            __ _ _
 /\\ / ___'_ __ _ _(_)_ __  __ _ \ \ \ \
( ( )\___ | '_ | '_| | '_ \/ _` | \ \ \ \
 \\/  ___)| |_)| | | | | || (_| |  ) ) ) )
  '  |____| .__|_| |_|_| |_\__, | / / / /
 =========|_|==============|___/=/_/_/_/
 :: Spring Boot ::                (v3.1.4)

2024-02-13T00:15:25.375+01:00  INFO 29751 --- [    Test worker] c.e.s.C.ProductControllerTest            : Starting ProductControllerTest using Java 17.0.9 with PID 29751 (started by bareldan in /home/bareldan/FOODURA)
2024-02-13T00:15:25.376+01:00  INFO 29751 --- [    Test worker] c.e.s.C.ProductControllerTest            : No active profile set, falling back to 1 default profile: "default"
2024-02-13T00:15:25.535+01:00  INFO 29751 --- [    Test worker] .s.d.r.c.RepositoryConfigurationDelegate : Bootstrapping Spring Data JPA repositories in DEFAULT mode.
2024-02-13T00:15:25.545+01:00  INFO 29751 --- [    Test worker] .s.d.r.c.RepositoryConfigurationDelegate : Finished Spring Data repository scanning in 9 ms. Found 3 JPA repository interfaces.
2024-02-13T00:15:25.723+01:00  INFO 29751 --- [    Test worker] o.hibernate.jpa.internal.util.LogHelper  : HHH000204: Processing PersistenceUnitInfo [name: default]
2024-02-13T00:15:25.727+01:00  INFO 29751 --- [    Test worker] o.h.b.i.BytecodeProviderInitiator        : HHH000021: Bytecode provider name : bytebuddy
2024-02-13T00:15:25.727+01:00  INFO 29751 --- [    Test worker] o.s.o.j.p.SpringPersistenceUnitInfo      : No LoadTimeWeaver setup: ignoring JPA class transformer
2024-02-13T00:15:25.728+01:00  INFO 29751 --- [    Test worker] com.zaxxer.hikari.HikariDataSource       : HikariPool-2 - Starting...
2024-02-13T00:15:25.729+01:00  INFO 29751 --- [    Test worker] com.zaxxer.hikari.pool.HikariPool        : HikariPool-2 - Added connection conn10: url=jdbc:h2:mem:testdb user=SA
2024-02-13T00:15:25.729+01:00  INFO 29751 --- [    Test worker] com.zaxxer.hikari.HikariDataSource       : HikariPool-2 - Start completed.
2024-02-13T00:15:25.748+01:00  INFO 29751 --- [    Test worker] o.h.b.i.BytecodeProviderInitiator        : HHH000021: Bytecode provider name : bytebuddy
2024-02-13T00:15:25.806+01:00  INFO 29751 --- [    Test worker] o.h.e.t.j.p.i.JtaPlatformInitiator       : HHH000490: Using JtaPlatform implementation: [org.hibernate.engine.transaction.jta.platform.internal.NoJtaPlatform]
2024-02-13T00:15:25.828+01:00  INFO 29751 --- [    Test worker] j.LocalContainerEntityManagerFactoryBean : Initialized JPA EntityManagerFactory for persistence unit 'default'
2024-02-13T00:15:25.944+01:00  WARN 29751 --- [    Test worker] JpaBaseConfiguration$JpaWebConfiguration : spring.jpa.open-in-view is enabled by default. Therefore, database queries may be performed during view rendering. Explicitly configure spring.jpa.open-in-view to disable this warning
2024-02-13T00:15:26.009+01:00  WARN 29751 --- [    Test worker] .s.s.UserDetailsServiceAutoConfiguration : 

Using generated security password: a07fa83a-b05d-40cb-8ca4-537ca3ba255b

This generated password is for development use only. Your security configuration must be updated before running your application in production.

2024-02-13T00:15:26.019+01:00  INFO 29751 --- [    Test worker] o.s.s.web.DefaultSecurityFilterChain     : Will secure any request with [org.springframework.security.web.session.DisableEncodeUrlFilter@3b5950f, org.springframework.security.web.context.request.async.WebAsyncManagerIntegrationFilter@70921720, org.springframework.security.web.context.SecurityContextHolderFilter@752daa1f, org.springframework.security.web.header.HeaderWriterFilter@2e5affb3, org.springframework.security.web.authentication.logout.LogoutFilter@3d8bf514, org.springframework.security.web.authentication.www.BasicAuthenticationFilter@6174ff60, org.springframework.security.web.savedrequest.RequestCacheAwareFilter@62a1bc26, org.springframework.security.web.servletapi.SecurityContextHolderAwareRequestFilter@1bff70a6, org.springframework.security.web.authentication.AnonymousAuthenticationFilter@321b2469, org.springframework.security.web.session.SessionManagementFilter@6d7a6abf, org.springframework.security.web.access.ExceptionTranslationFilter@2c476b8f, org.springframework.security.web.access.intercept.AuthorizationFilter@32be0ebd]
2024-02-13T00:15:26.088+01:00  INFO 29751 --- [    Test worker] c.e.s.C.ProductControllerTest            : Started ProductControllerTest in 0.729 seconds (process running for 6.848)
2024-02-13T00:15:26.093+01:00  INFO 29751 --- [    Test worker] c.example.serverjava.Config.AdminConfig  : Creating admin
]]></system-out>
  <system-err><![CDATA[]]></system-err>
</testsuite>
