<?xml version="1.0" encoding="UTF-8"?>
<testsuite name="com.example.serverjava.ControllerTest.UserControllerTest" tests="3" skipped="0" failures="0" errors="0" timestamp="2024-01-13T16:12:24" hostname="DESKTOP-D5705G5" time="0.021">
  <properties/>
  <testcase name="testGetUserByEmail()" classname="com.example.serverjava.ControllerTest.UserControllerTest" time="0.007"/>
  <testcase name="testAddNewUser()" classname="com.example.serverjava.ControllerTest.UserControllerTest" time="0.004"/>
  <testcase name="testGetAllUsers()" classname="com.example.serverjava.ControllerTest.UserControllerTest" time="0.003"/>
  <system-out><![CDATA[2024-01-13T17:12:23.051+01:00  INFO 3400 --- [    Test worker] t.c.s.AnnotationConfigContextLoaderUtils : Could not detect default configuration classes for test class [com.example.serverjava.ControllerTest.UserControllerTest]: UserControllerTest does not declare any static, non-private, non-final, nested classes annotated with @Configuration.
2024-01-13T17:12:23.053+01:00  INFO 3400 --- [    Test worker] .b.t.c.SpringBootTestContextBootstrapper : Found @SpringBootConfiguration com.example.serverjava.ServerJavaApplication for test class com.example.serverjava.ControllerTest.UserControllerTest

  .   ____          _            __ _ _
 /\\ / ___'_ __ _ _(_)_ __  __ _ \ \ \ \
( ( )\___ | '_ | '_| | '_ \/ _` | \ \ \ \
 \\/  ___)| |_)| | | | | || (_| |  ) ) ) )
  '  |____| .__|_| |_|_| |_\__, | / / / /
 =========|_|==============|___/=/_/_/_/
 :: Spring Boot ::                (v3.1.4)

2024-01-13T17:12:23.078+01:00  INFO 3400 --- [    Test worker] c.e.s.ControllerTest.UserControllerTest  : Starting UserControllerTest using Java 17.0.9 with PID 3400 (started by bareldan in /home/bareldan/FIT/java-server)
2024-01-13T17:12:23.079+01:00  INFO 3400 --- [    Test worker] c.e.s.ControllerTest.UserControllerTest  : No active profile set, falling back to 1 default profile: "default"
2024-01-13T17:12:23.252+01:00  INFO 3400 --- [    Test worker] .s.d.r.c.RepositoryConfigurationDelegate : Bootstrapping Spring Data JPA repositories in DEFAULT mode.
2024-01-13T17:12:23.264+01:00  INFO 3400 --- [    Test worker] .s.d.r.c.RepositoryConfigurationDelegate : Finished Spring Data repository scanning in 11 ms. Found 3 JPA repository interfaces.
2024-01-13T17:12:23.532+01:00  INFO 3400 --- [    Test worker] o.hibernate.jpa.internal.util.LogHelper  : HHH000204: Processing PersistenceUnitInfo [name: default]
2024-01-13T17:12:23.542+01:00  INFO 3400 --- [    Test worker] o.h.b.i.BytecodeProviderInitiator        : HHH000021: Bytecode provider name : bytebuddy
2024-01-13T17:12:23.543+01:00  INFO 3400 --- [    Test worker] o.s.o.j.p.SpringPersistenceUnitInfo      : No LoadTimeWeaver setup: ignoring JPA class transformer
2024-01-13T17:12:23.544+01:00  INFO 3400 --- [    Test worker] com.zaxxer.hikari.HikariDataSource       : HikariPool-3 - Starting...
2024-01-13T17:12:23.546+01:00  INFO 3400 --- [    Test worker] com.zaxxer.hikari.pool.HikariPool        : HikariPool-3 - Added connection conn20: url=jdbc:h2:mem:testdb user=SA
2024-01-13T17:12:23.547+01:00  INFO 3400 --- [    Test worker] com.zaxxer.hikari.HikariDataSource       : HikariPool-3 - Start completed.
2024-01-13T17:12:23.576+01:00  INFO 3400 --- [    Test worker] o.h.b.i.BytecodeProviderInitiator        : HHH000021: Bytecode provider name : bytebuddy
2024-01-13T17:12:23.625+01:00  INFO 3400 --- [    Test worker] o.h.e.t.j.p.i.JtaPlatformInitiator       : HHH000490: Using JtaPlatform implementation: [org.hibernate.engine.transaction.jta.platform.internal.NoJtaPlatform]
2024-01-13T17:12:23.641+01:00  INFO 3400 --- [    Test worker] j.LocalContainerEntityManagerFactoryBean : Initialized JPA EntityManagerFactory for persistence unit 'default'
2024-01-13T17:12:23.743+01:00  WARN 3400 --- [    Test worker] JpaBaseConfiguration$JpaWebConfiguration : spring.jpa.open-in-view is enabled by default. Therefore, database queries may be performed during view rendering. Explicitly configure spring.jpa.open-in-view to disable this warning
2024-01-13T17:12:23.800+01:00  WARN 3400 --- [    Test worker] .s.s.UserDetailsServiceAutoConfiguration : 

Using generated security password: eb444a9a-e38f-45e4-bb29-993e82d3291d

This generated password is for development use only. Your security configuration must be updated before running your application in production.

2024-01-13T17:12:23.812+01:00  INFO 3400 --- [    Test worker] o.s.s.web.DefaultSecurityFilterChain     : Will secure any request with [org.springframework.security.web.session.DisableEncodeUrlFilter@6671ec3b, org.springframework.security.web.context.request.async.WebAsyncManagerIntegrationFilter@24d02ed9, org.springframework.security.web.context.SecurityContextHolderFilter@11f2be38, org.springframework.security.web.header.HeaderWriterFilter@1069cbf2, org.springframework.security.web.authentication.logout.LogoutFilter@44bd4b94, org.springframework.security.web.authentication.www.BasicAuthenticationFilter@483eff43, org.springframework.security.web.savedrequest.RequestCacheAwareFilter@4613274d, org.springframework.security.web.servletapi.SecurityContextHolderAwareRequestFilter@18fb5226, org.springframework.security.web.authentication.AnonymousAuthenticationFilter@6402f6b1, org.springframework.security.web.session.SessionManagementFilter@31ad368a, org.springframework.security.web.access.ExceptionTranslationFilter@1bd99de6, org.springframework.security.web.access.intercept.AuthorizationFilter@59632e3c]
2024-01-13T17:12:23.871+01:00  INFO 3400 --- [    Test worker] c.e.s.ControllerTest.UserControllerTest  : Started UserControllerTest in 0.814 seconds (process running for 10.459)
2024-01-13T17:12:23.873+01:00  INFO 3400 --- [    Test worker] c.example.serverjava.Config.AdminConfig  : Creating admin
]]></system-out>
  <system-err><![CDATA[]]></system-err>
</testsuite>
