<?xml version="1.0" encoding="UTF-8"?>
<testsuite name="com.example.serverjava.ControllerTest.OrderControllerTest" tests="3" skipped="0" failures="0" errors="0" timestamp="2024-01-07T13:44:48" hostname="bar-Latitude-3420" time="0.021">
  <properties/>
  <testcase name="changeOrder()" classname="com.example.serverjava.ControllerTest.OrderControllerTest" time="0.012"/>
  <testcase name="getOrderById()" classname="com.example.serverjava.ControllerTest.OrderControllerTest" time="0.003"/>
  <testcase name="testGetAllOrders()" classname="com.example.serverjava.ControllerTest.OrderControllerTest" time="0.002"/>
  <system-out><![CDATA[2024-01-07T14:44:47.446+01:00  INFO 9789 --- [    Test worker] t.c.s.AnnotationConfigContextLoaderUtils : Could not detect default configuration classes for test class [com.example.serverjava.ControllerTest.OrderControllerTest]: OrderControllerTest does not declare any static, non-private, non-final, nested classes annotated with @Configuration.
2024-01-07T14:44:47.452+01:00  INFO 9789 --- [    Test worker] .b.t.c.SpringBootTestContextBootstrapper : Found @SpringBootConfiguration com.example.serverjava.ServerJavaApplication for test class com.example.serverjava.ControllerTest.OrderControllerTest

  .   ____          _            __ _ _
 /\\ / ___'_ __ _ _(_)_ __  __ _ \ \ \ \
( ( )\___ | '_ | '_| | '_ \/ _` | \ \ \ \
 \\/  ___)| |_)| | | | | || (_| |  ) ) ) )
  '  |____| .__|_| |_|_| |_\__, | / / / /
 =========|_|==============|___/=/_/_/_/
 :: Spring Boot ::                (v3.1.4)

2024-01-07T14:44:47.471+01:00  INFO 9789 --- [    Test worker] c.e.s.C.OrderControllerTest              : Starting OrderControllerTest using Java 17.0.9 with PID 9789 (started by bar in /home/bar/FIT/java-server)
2024-01-07T14:44:47.471+01:00  INFO 9789 --- [    Test worker] c.e.s.C.OrderControllerTest              : No active profile set, falling back to 1 default profile: "default"
2024-01-07T14:44:47.607+01:00  INFO 9789 --- [    Test worker] .s.d.r.c.RepositoryConfigurationDelegate : Bootstrapping Spring Data JPA repositories in DEFAULT mode.
2024-01-07T14:44:47.617+01:00  INFO 9789 --- [    Test worker] .s.d.r.c.RepositoryConfigurationDelegate : Finished Spring Data repository scanning in 10 ms. Found 3 JPA repository interfaces.
2024-01-07T14:44:47.805+01:00  INFO 9789 --- [    Test worker] o.hibernate.jpa.internal.util.LogHelper  : HHH000204: Processing PersistenceUnitInfo [name: default]
2024-01-07T14:44:47.809+01:00  INFO 9789 --- [    Test worker] o.h.b.i.BytecodeProviderInitiator        : HHH000021: Bytecode provider name : bytebuddy
2024-01-07T14:44:47.809+01:00  INFO 9789 --- [    Test worker] o.s.o.j.p.SpringPersistenceUnitInfo      : No LoadTimeWeaver setup: ignoring JPA class transformer
2024-01-07T14:44:47.810+01:00  INFO 9789 --- [    Test worker] com.zaxxer.hikari.HikariDataSource       : HikariPool-2 - Starting...
2024-01-07T14:44:47.811+01:00  INFO 9789 --- [    Test worker] com.zaxxer.hikari.pool.HikariPool        : HikariPool-2 - Added connection conn10: url=jdbc:h2:mem:testdb user=SA
2024-01-07T14:44:47.811+01:00  INFO 9789 --- [    Test worker] com.zaxxer.hikari.HikariDataSource       : HikariPool-2 - Start completed.
2024-01-07T14:44:47.829+01:00  INFO 9789 --- [    Test worker] o.h.b.i.BytecodeProviderInitiator        : HHH000021: Bytecode provider name : bytebuddy
2024-01-07T14:44:47.872+01:00  INFO 9789 --- [    Test worker] o.h.e.t.j.p.i.JtaPlatformInitiator       : HHH000490: Using JtaPlatform implementation: [org.hibernate.engine.transaction.jta.platform.internal.NoJtaPlatform]
2024-01-07T14:44:47.886+01:00  INFO 9789 --- [    Test worker] j.LocalContainerEntityManagerFactoryBean : Initialized JPA EntityManagerFactory for persistence unit 'default'
2024-01-07T14:44:47.967+01:00  WARN 9789 --- [    Test worker] JpaBaseConfiguration$JpaWebConfiguration : spring.jpa.open-in-view is enabled by default. Therefore, database queries may be performed during view rendering. Explicitly configure spring.jpa.open-in-view to disable this warning
2024-01-07T14:44:48.023+01:00  WARN 9789 --- [    Test worker] .s.s.UserDetailsServiceAutoConfiguration : 

Using generated security password: 1b14ffce-06f4-493b-9c74-52def537553c

This generated password is for development use only. Your security configuration must be updated before running your application in production.

2024-01-07T14:44:48.033+01:00  INFO 9789 --- [    Test worker] o.s.s.web.DefaultSecurityFilterChain     : Will secure any request with [org.springframework.security.web.session.DisableEncodeUrlFilter@586fe6ee, org.springframework.security.web.context.request.async.WebAsyncManagerIntegrationFilter@51dcf51b, org.springframework.security.web.context.SecurityContextHolderFilter@290db92f, org.springframework.security.web.header.HeaderWriterFilter@17b3feb7, org.springframework.security.web.authentication.logout.LogoutFilter@6472dd0c, org.springframework.security.web.authentication.www.BasicAuthenticationFilter@2a87d40f, org.springframework.security.web.savedrequest.RequestCacheAwareFilter@670d2bbb, org.springframework.security.web.servletapi.SecurityContextHolderAwareRequestFilter@6f4327ab, org.springframework.security.web.authentication.AnonymousAuthenticationFilter@6eb58fdd, org.springframework.security.web.session.SessionManagementFilter@327fa027, org.springframework.security.web.access.ExceptionTranslationFilter@6385b96c, org.springframework.security.web.access.intercept.AuthorizationFilter@1c247e5b]
2024-01-07T14:44:48.090+01:00  INFO 9789 --- [    Test worker] c.e.s.C.OrderControllerTest              : Started OrderControllerTest in 0.634 seconds (process running for 6.102)
2024-01-07T14:44:48.094+01:00  INFO 9789 --- [    Test worker] c.example.serverjava.Config.AdminConfig  : Creating admin
]]></system-out>
  <system-err><![CDATA[]]></system-err>
</testsuite>
