<?xml version="1.0" encoding="UTF-8"?>
<testsuite name="com.example.serverjava.FacadeTest.OrderFacadeTest" tests="1" skipped="0" failures="0" errors="0" timestamp="2024-01-01T20:15:21" hostname="DESKTOP-D5705G5" time="0.004">
  <properties/>
  <testcase name="testGetAllOrdersDTO()" classname="com.example.serverjava.FacadeTest.OrderFacadeTest" time="0.004"/>
  <system-out><![CDATA[2024-01-01T21:15:20.556+01:00  INFO 27280 --- [    Test worker] t.c.s.AnnotationConfigContextLoaderUtils : Could not detect default configuration classes for test class [com.example.serverjava.FacadeTest.OrderFacadeTest]: OrderFacadeTest does not declare any static, non-private, non-final, nested classes annotated with @Configuration.
2024-01-01T21:15:20.560+01:00  INFO 27280 --- [    Test worker] .b.t.c.SpringBootTestContextBootstrapper : Found @SpringBootConfiguration com.example.serverjava.ServerJavaApplication for test class com.example.serverjava.FacadeTest.OrderFacadeTest

  .   ____          _            __ _ _
 /\\ / ___'_ __ _ _(_)_ __  __ _ \ \ \ \
( ( )\___ | '_ | '_| | '_ \/ _` | \ \ \ \
 \\/  ___)| |_)| | | | | || (_| |  ) ) ) )
  '  |____| .__|_| |_|_| |_\__, | / / / /
 =========|_|==============|___/=/_/_/_/
 :: Spring Boot ::                (v3.1.4)

2024-01-01T21:15:20.574+01:00  INFO 27280 --- [    Test worker] c.e.s.FacadeTest.OrderFacadeTest         : Starting OrderFacadeTest using Java 17.0.9 with PID 27280 (started by bareldan in /home/bareldan/FIT/java-server)
2024-01-01T21:15:20.575+01:00  INFO 27280 --- [    Test worker] c.e.s.FacadeTest.OrderFacadeTest         : No active profile set, falling back to 1 default profile: "default"
2024-01-01T21:15:20.654+01:00  INFO 27280 --- [    Test worker] .s.d.r.c.RepositoryConfigurationDelegate : Bootstrapping Spring Data JPA repositories in DEFAULT mode.
2024-01-01T21:15:20.661+01:00  INFO 27280 --- [    Test worker] .s.d.r.c.RepositoryConfigurationDelegate : Finished Spring Data repository scanning in 6 ms. Found 3 JPA repository interfaces.
2024-01-01T21:15:20.713+01:00  INFO 27280 --- [    Test worker] o.hibernate.jpa.internal.util.LogHelper  : HHH000204: Processing PersistenceUnitInfo [name: default]
2024-01-01T21:15:20.717+01:00  INFO 27280 --- [    Test worker] o.h.b.i.BytecodeProviderInitiator        : HHH000021: Bytecode provider name : bytebuddy
2024-01-01T21:15:20.717+01:00  INFO 27280 --- [    Test worker] o.s.o.j.p.SpringPersistenceUnitInfo      : No LoadTimeWeaver setup: ignoring JPA class transformer
2024-01-01T21:15:20.718+01:00  INFO 27280 --- [    Test worker] com.zaxxer.hikari.HikariDataSource       : HikariPool-4 - Starting...
2024-01-01T21:15:20.720+01:00  INFO 27280 --- [    Test worker] com.zaxxer.hikari.pool.HikariPool        : HikariPool-4 - Added connection conn30: url=jdbc:h2:mem:testdb user=SA
2024-01-01T21:15:20.720+01:00  INFO 27280 --- [    Test worker] com.zaxxer.hikari.HikariDataSource       : HikariPool-4 - Start completed.
2024-01-01T21:15:20.742+01:00  INFO 27280 --- [    Test worker] o.h.b.i.BytecodeProviderInitiator        : HHH000021: Bytecode provider name : bytebuddy
2024-01-01T21:15:20.785+01:00  INFO 27280 --- [    Test worker] o.h.e.t.j.p.i.JtaPlatformInitiator       : HHH000490: Using JtaPlatform implementation: [org.hibernate.engine.transaction.jta.platform.internal.NoJtaPlatform]
2024-01-01T21:15:20.800+01:00  INFO 27280 --- [    Test worker] j.LocalContainerEntityManagerFactoryBean : Initialized JPA EntityManagerFactory for persistence unit 'default'
2024-01-01T21:15:20.869+01:00  WARN 27280 --- [    Test worker] JpaBaseConfiguration$JpaWebConfiguration : spring.jpa.open-in-view is enabled by default. Therefore, database queries may be performed during view rendering. Explicitly configure spring.jpa.open-in-view to disable this warning
2024-01-01T21:15:20.918+01:00  WARN 27280 --- [    Test worker] .s.s.UserDetailsServiceAutoConfiguration : 

Using generated security password: e059e69c-a0d2-474e-bc17-8a011a472c03

This generated password is for development use only. Your security configuration must be updated before running your application in production.

2024-01-01T21:15:20.928+01:00  INFO 27280 --- [    Test worker] o.s.s.web.DefaultSecurityFilterChain     : Will secure any request with [org.springframework.security.web.session.DisableEncodeUrlFilter@6137a032, org.springframework.security.web.context.request.async.WebAsyncManagerIntegrationFilter@716d4283, org.springframework.security.web.context.SecurityContextHolderFilter@28d4c7ec, org.springframework.security.web.header.HeaderWriterFilter@45e6b8fa, org.springframework.security.web.authentication.logout.LogoutFilter@3f698ab8, org.springframework.security.web.authentication.www.BasicAuthenticationFilter@1278c48f, org.springframework.security.web.savedrequest.RequestCacheAwareFilter@2b7b2967, org.springframework.security.web.servletapi.SecurityContextHolderAwareRequestFilter@5baa759a, org.springframework.security.web.authentication.AnonymousAuthenticationFilter@1c1082d9, org.springframework.security.web.session.SessionManagementFilter@3a9a1adf, org.springframework.security.web.access.ExceptionTranslationFilter@30967756, org.springframework.security.web.access.intercept.AuthorizationFilter@452506b9]
2024-01-01T21:15:20.978+01:00  INFO 27280 --- [    Test worker] c.e.s.FacadeTest.OrderFacadeTest         : Started OrderFacadeTest in 0.414 seconds (process running for 8.739)
2024-01-01T21:15:20.982+01:00  INFO 27280 --- [    Test worker] c.example.serverjava.Config.AdminConfig  : Creating admin
]]></system-out>
  <system-err><![CDATA[]]></system-err>
</testsuite>
