<?xml version="1.0" encoding="UTF-8"?>
<testsuite name="com.example.serverjava.FacadeTest.OrderFacadeTest" tests="1" skipped="0" failures="0" errors="0" timestamp="2023-12-29T02:53:02" hostname="bar-Latitude-3420" time="0.003">
  <properties/>
  <testcase name="testGetAllOrdersDTO()" classname="com.example.serverjava.FacadeTest.OrderFacadeTest" time="0.003"/>
  <system-out><![CDATA[2023-12-29T03:53:01.483+01:00  INFO 4460 --- [    Test worker] t.c.s.AnnotationConfigContextLoaderUtils : Could not detect default configuration classes for test class [com.example.serverjava.FacadeTest.OrderFacadeTest]: OrderFacadeTest does not declare any static, non-private, non-final, nested classes annotated with @Configuration.
2023-12-29T03:53:01.487+01:00  INFO 4460 --- [    Test worker] .b.t.c.SpringBootTestContextBootstrapper : Found @SpringBootConfiguration com.example.serverjava.ServerJavaApplication for test class com.example.serverjava.FacadeTest.OrderFacadeTest

  .   ____          _            __ _ _
 /\\ / ___'_ __ _ _(_)_ __  __ _ \ \ \ \
( ( )\___ | '_ | '_| | '_ \/ _` | \ \ \ \
 \\/  ___)| |_)| | | | | || (_| |  ) ) ) )
  '  |____| .__|_| |_|_| |_\__, | / / / /
 =========|_|==============|___/=/_/_/_/
 :: Spring Boot ::                (v3.1.4)

2023-12-29T03:53:01.506+01:00  INFO 4460 --- [    Test worker] c.e.s.FacadeTest.OrderFacadeTest         : Starting OrderFacadeTest using Java 17.0.9 with PID 4460 (started by bar in /home/bar/FIT/java-server)
2023-12-29T03:53:01.506+01:00  INFO 4460 --- [    Test worker] c.e.s.FacadeTest.OrderFacadeTest         : No active profile set, falling back to 1 default profile: "default"
2023-12-29T03:53:01.609+01:00  INFO 4460 --- [    Test worker] .s.d.r.c.RepositoryConfigurationDelegate : Bootstrapping Spring Data JPA repositories in DEFAULT mode.
2023-12-29T03:53:01.618+01:00  INFO 4460 --- [    Test worker] .s.d.r.c.RepositoryConfigurationDelegate : Finished Spring Data repository scanning in 8 ms. Found 3 JPA repository interfaces.
2023-12-29T03:53:01.680+01:00  INFO 4460 --- [    Test worker] o.hibernate.jpa.internal.util.LogHelper  : HHH000204: Processing PersistenceUnitInfo [name: default]
2023-12-29T03:53:01.685+01:00  INFO 4460 --- [    Test worker] o.h.b.i.BytecodeProviderInitiator        : HHH000021: Bytecode provider name : bytebuddy
2023-12-29T03:53:01.686+01:00  INFO 4460 --- [    Test worker] o.s.o.j.p.SpringPersistenceUnitInfo      : No LoadTimeWeaver setup: ignoring JPA class transformer
2023-12-29T03:53:01.686+01:00  INFO 4460 --- [    Test worker] com.zaxxer.hikari.HikariDataSource       : HikariPool-4 - Starting...
2023-12-29T03:53:01.687+01:00  INFO 4460 --- [    Test worker] com.zaxxer.hikari.pool.HikariPool        : HikariPool-4 - Added connection conn30: url=jdbc:h2:mem:testdb user=SA
2023-12-29T03:53:01.688+01:00  INFO 4460 --- [    Test worker] com.zaxxer.hikari.HikariDataSource       : HikariPool-4 - Start completed.
2023-12-29T03:53:01.703+01:00  INFO 4460 --- [    Test worker] o.h.b.i.BytecodeProviderInitiator        : HHH000021: Bytecode provider name : bytebuddy
2023-12-29T03:53:01.741+01:00  INFO 4460 --- [    Test worker] o.h.e.t.j.p.i.JtaPlatformInitiator       : HHH000490: Using JtaPlatform implementation: [org.hibernate.engine.transaction.jta.platform.internal.NoJtaPlatform]
2023-12-29T03:53:01.754+01:00  INFO 4460 --- [    Test worker] j.LocalContainerEntityManagerFactoryBean : Initialized JPA EntityManagerFactory for persistence unit 'default'
2023-12-29T03:53:01.847+01:00  WARN 4460 --- [    Test worker] JpaBaseConfiguration$JpaWebConfiguration : spring.jpa.open-in-view is enabled by default. Therefore, database queries may be performed during view rendering. Explicitly configure spring.jpa.open-in-view to disable this warning
2023-12-29T03:53:01.891+01:00  INFO 4460 --- [    Test worker] o.s.s.web.DefaultSecurityFilterChain     : Will secure any request with [org.springframework.security.web.session.DisableEncodeUrlFilter@6ae30b05, org.springframework.security.web.context.request.async.WebAsyncManagerIntegrationFilter@52602c48, org.springframework.security.web.context.SecurityContextHolderFilter@3e8a1137, org.springframework.security.web.header.HeaderWriterFilter@3934574f, org.springframework.security.web.authentication.logout.LogoutFilter@5f50f63e, org.springframework.security.web.authentication.www.BasicAuthenticationFilter@32daea66, org.springframework.security.web.savedrequest.RequestCacheAwareFilter@103d64a0, org.springframework.security.web.servletapi.SecurityContextHolderAwareRequestFilter@ba8d7c7, org.springframework.security.web.authentication.AnonymousAuthenticationFilter@78c7a736, org.springframework.security.web.session.SessionManagementFilter@26338386, org.springframework.security.web.access.ExceptionTranslationFilter@2e00032d, org.springframework.security.web.access.intercept.AuthorizationFilter@69e87cbe]
2023-12-29T03:53:01.934+01:00  INFO 4460 --- [    Test worker] c.e.s.FacadeTest.OrderFacadeTest         : Started OrderFacadeTest in 0.443 seconds (process running for 8.214)
2023-12-29T03:53:01.939+01:00  INFO 4460 --- [    Test worker] c.example.serverjava.Config.AdminConfig  : Creating admin
]]></system-out>
  <system-err><![CDATA[]]></system-err>
</testsuite>
