<?xml version="1.0" encoding="UTF-8"?>
<testsuite name="com.example.serverjava.ServiceTests.OrderServiceTest" tests="2" skipped="0" failures="0" errors="0" timestamp="2023-12-29T00:20:47" hostname="bar-Latitude-3420" time="0.005">
  <properties/>
  <testcase name="testGetOrderById()" classname="com.example.serverjava.ServiceTests.OrderServiceTest" time="0.003"/>
  <testcase name="testGetOrderByUserId()" classname="com.example.serverjava.ServiceTests.OrderServiceTest" time="0.002"/>
  <system-out><![CDATA[2023-12-29T01:20:46.610+01:00  INFO 7947 --- [    Test worker] t.c.s.AnnotationConfigContextLoaderUtils : Could not detect default configuration classes for test class [com.example.serverjava.ServiceTests.OrderServiceTest]: OrderServiceTest does not declare any static, non-private, non-final, nested classes annotated with @Configuration.
2023-12-29T01:20:46.614+01:00  INFO 7947 --- [    Test worker] .b.t.c.SpringBootTestContextBootstrapper : Found @SpringBootConfiguration com.example.serverjava.ServerJavaApplication for test class com.example.serverjava.ServiceTests.OrderServiceTest

  .   ____          _            __ _ _
 /\\ / ___'_ __ _ _(_)_ __  __ _ \ \ \ \
( ( )\___ | '_ | '_| | '_ \/ _` | \ \ \ \
 \\/  ___)| |_)| | | | | || (_| |  ) ) ) )
  '  |____| .__|_| |_|_| |_\__, | / / / /
 =========|_|==============|___/=/_/_/_/
 :: Spring Boot ::                (v3.1.4)

2023-12-29T01:20:46.626+01:00  INFO 7947 --- [    Test worker] c.e.s.ServiceTests.OrderServiceTest      : Starting OrderServiceTest using Java 17.0.9 with PID 7947 (started by bar in /home/bar/FIT/java-server/Server-Java)
2023-12-29T01:20:46.626+01:00  INFO 7947 --- [    Test worker] c.e.s.ServiceTests.OrderServiceTest      : No active profile set, falling back to 1 default profile: "default"
2023-12-29T01:20:46.698+01:00  INFO 7947 --- [    Test worker] .s.d.r.c.RepositoryConfigurationDelegate : Bootstrapping Spring Data JPA repositories in DEFAULT mode.
2023-12-29T01:20:46.703+01:00  INFO 7947 --- [    Test worker] .s.d.r.c.RepositoryConfigurationDelegate : Finished Spring Data repository scanning in 4 ms. Found 3 JPA repository interfaces.
2023-12-29T01:20:46.749+01:00  INFO 7947 --- [    Test worker] o.hibernate.jpa.internal.util.LogHelper  : HHH000204: Processing PersistenceUnitInfo [name: default]
2023-12-29T01:20:46.752+01:00  INFO 7947 --- [    Test worker] o.h.b.i.BytecodeProviderInitiator        : HHH000021: Bytecode provider name : bytebuddy
2023-12-29T01:20:46.752+01:00  INFO 7947 --- [    Test worker] o.s.o.j.p.SpringPersistenceUnitInfo      : No LoadTimeWeaver setup: ignoring JPA class transformer
2023-12-29T01:20:46.753+01:00  INFO 7947 --- [    Test worker] com.zaxxer.hikari.HikariDataSource       : HikariPool-5 - Starting...
2023-12-29T01:20:46.754+01:00  INFO 7947 --- [    Test worker] com.zaxxer.hikari.pool.HikariPool        : HikariPool-5 - Added connection conn51: url=jdbc:h2:mem:testdb user=SA
2023-12-29T01:20:46.754+01:00  INFO 7947 --- [    Test worker] com.zaxxer.hikari.HikariDataSource       : HikariPool-5 - Start completed.
2023-12-29T01:20:46.767+01:00  INFO 7947 --- [    Test worker] o.h.b.i.BytecodeProviderInitiator        : HHH000021: Bytecode provider name : bytebuddy
2023-12-29T01:20:46.802+01:00  INFO 7947 --- [    Test worker] o.h.e.t.j.p.i.JtaPlatformInitiator       : HHH000490: Using JtaPlatform implementation: [org.hibernate.engine.transaction.jta.platform.internal.NoJtaPlatform]
2023-12-29T01:20:46.813+01:00  INFO 7947 --- [    Test worker] j.LocalContainerEntityManagerFactoryBean : Initialized JPA EntityManagerFactory for persistence unit 'default'
2023-12-29T01:20:46.858+01:00  WARN 7947 --- [    Test worker] JpaBaseConfiguration$JpaWebConfiguration : spring.jpa.open-in-view is enabled by default. Therefore, database queries may be performed during view rendering. Explicitly configure spring.jpa.open-in-view to disable this warning
2023-12-29T01:20:46.898+01:00  INFO 7947 --- [    Test worker] o.s.s.web.DefaultSecurityFilterChain     : Will secure any request with [org.springframework.security.web.session.DisableEncodeUrlFilter@5b4e3618, org.springframework.security.web.context.request.async.WebAsyncManagerIntegrationFilter@352b23dd, org.springframework.security.web.context.SecurityContextHolderFilter@1af1aae9, org.springframework.security.web.header.HeaderWriterFilter@21ca613b, org.springframework.security.web.authentication.logout.LogoutFilter@3f47094a, org.springframework.security.web.authentication.www.BasicAuthenticationFilter@5c447983, org.springframework.security.web.savedrequest.RequestCacheAwareFilter@31ca510a, org.springframework.security.web.servletapi.SecurityContextHolderAwareRequestFilter@437b2db1, org.springframework.security.web.authentication.AnonymousAuthenticationFilter@24f90b34, org.springframework.security.web.session.SessionManagementFilter@1dbecb0a, org.springframework.security.web.access.ExceptionTranslationFilter@39124055, org.springframework.security.web.access.intercept.AuthorizationFilter@46eaf531]
2023-12-29T01:20:46.938+01:00  INFO 7947 --- [    Test worker] c.e.s.ServiceTests.OrderServiceTest      : Started OrderServiceTest in 0.321 seconds (process running for 9.186)
2023-12-29T01:20:46.941+01:00  INFO 7947 --- [    Test worker] c.example.serverjava.Config.AdminConfig  : Creating admin
2023-12-29T01:20:47.226+01:00  INFO 7947 --- [    Test worker] c.e.serverjava.Service.OrderService      : Getting order with id 1 from the database
2023-12-29T01:20:47.228+01:00  INFO 7947 --- [    Test worker] c.e.serverjava.Service.OrderService      : Getting order with user id 1 from the database
]]></system-out>
  <system-err><![CDATA[]]></system-err>
</testsuite>
