<?xml version="1.0" encoding="UTF-8"?>
<testsuite name="com.example.serverjava.ServiceTests.OrderServiceTest" tests="2" skipped="0" failures="0" errors="0" timestamp="2023-12-29T02:53:03" hostname="bar-Latitude-3420" time="0.009">
  <properties/>
  <testcase name="testGetOrderById()" classname="com.example.serverjava.ServiceTests.OrderServiceTest" time="0.004"/>
  <testcase name="testGetOrderByUserId()" classname="com.example.serverjava.ServiceTests.OrderServiceTest" time="0.004"/>
  <system-out><![CDATA[2023-12-29T03:53:02.651+01:00  INFO 4460 --- [    Test worker] t.c.s.AnnotationConfigContextLoaderUtils : Could not detect default configuration classes for test class [com.example.serverjava.ServiceTests.OrderServiceTest]: OrderServiceTest does not declare any static, non-private, non-final, nested classes annotated with @Configuration.
2023-12-29T03:53:02.654+01:00  INFO 4460 --- [    Test worker] .b.t.c.SpringBootTestContextBootstrapper : Found @SpringBootConfiguration com.example.serverjava.ServerJavaApplication for test class com.example.serverjava.ServiceTests.OrderServiceTest

  .   ____          _            __ _ _
 /\\ / ___'_ __ _ _(_)_ __  __ _ \ \ \ \
( ( )\___ | '_ | '_| | '_ \/ _` | \ \ \ \
 \\/  ___)| |_)| | | | | || (_| |  ) ) ) )
  '  |____| .__|_| |_|_| |_\__, | / / / /
 =========|_|==============|___/=/_/_/_/
 :: Spring Boot ::                (v3.1.4)

2023-12-29T03:53:02.667+01:00  INFO 4460 --- [    Test worker] c.e.s.ServiceTests.OrderServiceTest      : Starting OrderServiceTest using Java 17.0.9 with PID 4460 (started by bar in /home/bar/FIT/java-server)
2023-12-29T03:53:02.667+01:00  INFO 4460 --- [    Test worker] c.e.s.ServiceTests.OrderServiceTest      : No active profile set, falling back to 1 default profile: "default"
2023-12-29T03:53:02.754+01:00  INFO 4460 --- [    Test worker] .s.d.r.c.RepositoryConfigurationDelegate : Bootstrapping Spring Data JPA repositories in DEFAULT mode.
2023-12-29T03:53:02.761+01:00  INFO 4460 --- [    Test worker] .s.d.r.c.RepositoryConfigurationDelegate : Finished Spring Data repository scanning in 6 ms. Found 3 JPA repository interfaces.
2023-12-29T03:53:02.813+01:00  INFO 4460 --- [    Test worker] o.hibernate.jpa.internal.util.LogHelper  : HHH000204: Processing PersistenceUnitInfo [name: default]
2023-12-29T03:53:02.816+01:00  INFO 4460 --- [    Test worker] o.h.b.i.BytecodeProviderInitiator        : HHH000021: Bytecode provider name : bytebuddy
2023-12-29T03:53:02.816+01:00  INFO 4460 --- [    Test worker] o.s.o.j.p.SpringPersistenceUnitInfo      : No LoadTimeWeaver setup: ignoring JPA class transformer
2023-12-29T03:53:02.817+01:00  INFO 4460 --- [    Test worker] com.zaxxer.hikari.HikariDataSource       : HikariPool-5 - Starting...
2023-12-29T03:53:02.818+01:00  INFO 4460 --- [    Test worker] com.zaxxer.hikari.pool.HikariPool        : HikariPool-5 - Added connection conn51: url=jdbc:h2:mem:testdb user=SA
2023-12-29T03:53:02.818+01:00  INFO 4460 --- [    Test worker] com.zaxxer.hikari.HikariDataSource       : HikariPool-5 - Start completed.
2023-12-29T03:53:02.833+01:00  INFO 4460 --- [    Test worker] o.h.b.i.BytecodeProviderInitiator        : HHH000021: Bytecode provider name : bytebuddy
2023-12-29T03:53:02.868+01:00  INFO 4460 --- [    Test worker] o.h.e.t.j.p.i.JtaPlatformInitiator       : HHH000490: Using JtaPlatform implementation: [org.hibernate.engine.transaction.jta.platform.internal.NoJtaPlatform]
2023-12-29T03:53:02.881+01:00  INFO 4460 --- [    Test worker] j.LocalContainerEntityManagerFactoryBean : Initialized JPA EntityManagerFactory for persistence unit 'default'
2023-12-29T03:53:02.950+01:00  WARN 4460 --- [    Test worker] JpaBaseConfiguration$JpaWebConfiguration : spring.jpa.open-in-view is enabled by default. Therefore, database queries may be performed during view rendering. Explicitly configure spring.jpa.open-in-view to disable this warning
2023-12-29T03:53:03.011+01:00  INFO 4460 --- [    Test worker] o.s.s.web.DefaultSecurityFilterChain     : Will secure any request with [org.springframework.security.web.session.DisableEncodeUrlFilter@186f51bb, org.springframework.security.web.context.request.async.WebAsyncManagerIntegrationFilter@dc4fa78, org.springframework.security.web.context.SecurityContextHolderFilter@1d0305fb, org.springframework.security.web.header.HeaderWriterFilter@5b8ee649, org.springframework.security.web.authentication.logout.LogoutFilter@7e24d565, org.springframework.security.web.authentication.www.BasicAuthenticationFilter@40383b24, org.springframework.security.web.savedrequest.RequestCacheAwareFilter@714f1dc4, org.springframework.security.web.servletapi.SecurityContextHolderAwareRequestFilter@5d5f010a, org.springframework.security.web.authentication.AnonymousAuthenticationFilter@2d6dbcec, org.springframework.security.web.session.SessionManagementFilter@71daf5d6, org.springframework.security.web.access.ExceptionTranslationFilter@24f90b34, org.springframework.security.web.access.intercept.AuthorizationFilter@52fe4ef2]
2023-12-29T03:53:03.061+01:00  INFO 4460 --- [    Test worker] c.e.s.ServiceTests.OrderServiceTest      : Started OrderServiceTest in 0.404 seconds (process running for 9.341)
2023-12-29T03:53:03.066+01:00  INFO 4460 --- [    Test worker] c.example.serverjava.Config.AdminConfig  : Creating admin
2023-12-29T03:53:03.370+01:00  INFO 4460 --- [    Test worker] c.e.serverjava.Service.OrderService      : Getting order with id 1 from the database
2023-12-29T03:53:03.375+01:00  INFO 4460 --- [    Test worker] c.e.serverjava.Service.OrderService      : Getting order with user id 1 from the database
]]></system-out>
  <system-err><![CDATA[]]></system-err>
</testsuite>
