<?xml version="1.0" encoding="UTF-8"?>
<testsuite name="com.example.serverjava.ServiceTests.ProductServiceTest" tests="1" skipped="0" failures="0" errors="0" timestamp="2024-01-01T20:15:23" hostname="DESKTOP-D5705G5" time="0.003">
  <properties/>
  <testcase name="testGetProductById()" classname="com.example.serverjava.ServiceTests.ProductServiceTest" time="0.003"/>
  <system-out><![CDATA[2024-01-01T21:15:22.522+01:00  INFO 27280 --- [    Test worker] t.c.s.AnnotationConfigContextLoaderUtils : Could not detect default configuration classes for test class [com.example.serverjava.ServiceTests.ProductServiceTest]: ProductServiceTest does not declare any static, non-private, non-final, nested classes annotated with @Configuration.
2024-01-01T21:15:22.523+01:00  INFO 27280 --- [    Test worker] .b.t.c.SpringBootTestContextBootstrapper : Found @SpringBootConfiguration com.example.serverjava.ServerJavaApplication for test class com.example.serverjava.ServiceTests.ProductServiceTest

  .   ____          _            __ _ _
 /\\ / ___'_ __ _ _(_)_ __  __ _ \ \ \ \
( ( )\___ | '_ | '_| | '_ \/ _` | \ \ \ \
 \\/  ___)| |_)| | | | | || (_| |  ) ) ) )
  '  |____| .__|_| |_|_| |_\__, | / / / /
 =========|_|==============|___/=/_/_/_/
 :: Spring Boot ::                (v3.1.4)

2024-01-01T21:15:22.542+01:00  INFO 27280 --- [    Test worker] c.e.s.ServiceTests.ProductServiceTest    : Starting ProductServiceTest using Java 17.0.9 with PID 27280 (started by bareldan in /home/bareldan/FIT/java-server)
2024-01-01T21:15:22.542+01:00  INFO 27280 --- [    Test worker] c.e.s.ServiceTests.ProductServiceTest    : No active profile set, falling back to 1 default profile: "default"
2024-01-01T21:15:22.625+01:00  INFO 27280 --- [    Test worker] .s.d.r.c.RepositoryConfigurationDelegate : Bootstrapping Spring Data JPA repositories in DEFAULT mode.
2024-01-01T21:15:22.631+01:00  INFO 27280 --- [    Test worker] .s.d.r.c.RepositoryConfigurationDelegate : Finished Spring Data repository scanning in 5 ms. Found 3 JPA repository interfaces.
2024-01-01T21:15:22.688+01:00  INFO 27280 --- [    Test worker] o.hibernate.jpa.internal.util.LogHelper  : HHH000204: Processing PersistenceUnitInfo [name: default]
2024-01-01T21:15:22.691+01:00  INFO 27280 --- [    Test worker] o.h.b.i.BytecodeProviderInitiator        : HHH000021: Bytecode provider name : bytebuddy
2024-01-01T21:15:22.691+01:00  INFO 27280 --- [    Test worker] o.s.o.j.p.SpringPersistenceUnitInfo      : No LoadTimeWeaver setup: ignoring JPA class transformer
2024-01-01T21:15:22.692+01:00  INFO 27280 --- [    Test worker] com.zaxxer.hikari.HikariDataSource       : HikariPool-6 - Starting...
2024-01-01T21:15:22.693+01:00  INFO 27280 --- [    Test worker] com.zaxxer.hikari.pool.HikariPool        : HikariPool-6 - Added connection conn61: url=jdbc:h2:mem:testdb user=SA
2024-01-01T21:15:22.693+01:00  INFO 27280 --- [    Test worker] com.zaxxer.hikari.HikariDataSource       : HikariPool-6 - Start completed.
2024-01-01T21:15:22.713+01:00  INFO 27280 --- [    Test worker] o.h.b.i.BytecodeProviderInitiator        : HHH000021: Bytecode provider name : bytebuddy
2024-01-01T21:15:22.754+01:00  INFO 27280 --- [    Test worker] o.h.e.t.j.p.i.JtaPlatformInitiator       : HHH000490: Using JtaPlatform implementation: [org.hibernate.engine.transaction.jta.platform.internal.NoJtaPlatform]
2024-01-01T21:15:22.769+01:00  INFO 27280 --- [    Test worker] j.LocalContainerEntityManagerFactoryBean : Initialized JPA EntityManagerFactory for persistence unit 'default'
2024-01-01T21:15:22.840+01:00  WARN 27280 --- [    Test worker] JpaBaseConfiguration$JpaWebConfiguration : spring.jpa.open-in-view is enabled by default. Therefore, database queries may be performed during view rendering. Explicitly configure spring.jpa.open-in-view to disable this warning
2024-01-01T21:15:22.881+01:00  WARN 27280 --- [    Test worker] .s.s.UserDetailsServiceAutoConfiguration : 

Using generated security password: a952b743-5f9d-4fb6-b54c-7fd4a4caf1cc

This generated password is for development use only. Your security configuration must be updated before running your application in production.

2024-01-01T21:15:22.887+01:00  INFO 27280 --- [    Test worker] o.s.s.web.DefaultSecurityFilterChain     : Will secure any request with [org.springframework.security.web.session.DisableEncodeUrlFilter@44b3d336, org.springframework.security.web.context.request.async.WebAsyncManagerIntegrationFilter@43bc1d67, org.springframework.security.web.context.SecurityContextHolderFilter@22d2d248, org.springframework.security.web.header.HeaderWriterFilter@197cf24e, org.springframework.security.web.authentication.logout.LogoutFilter@2b2bcb4a, org.springframework.security.web.authentication.www.BasicAuthenticationFilter@31373fc1, org.springframework.security.web.savedrequest.RequestCacheAwareFilter@7c269f21, org.springframework.security.web.servletapi.SecurityContextHolderAwareRequestFilter@236ec69, org.springframework.security.web.authentication.AnonymousAuthenticationFilter@760c63d0, org.springframework.security.web.session.SessionManagementFilter@2c663246, org.springframework.security.web.access.ExceptionTranslationFilter@5930e350, org.springframework.security.web.access.intercept.AuthorizationFilter@56dc6b33]
2024-01-01T21:15:22.929+01:00  INFO 27280 --- [    Test worker] c.e.s.ServiceTests.ProductServiceTest    : Started ProductServiceTest in 0.402 seconds (process running for 10.69)
2024-01-01T21:15:22.933+01:00  INFO 27280 --- [    Test worker] c.example.serverjava.Config.AdminConfig  : Creating admin
2024-01-01T21:15:23.221+01:00  INFO 27280 --- [    Test worker] c.e.serverjava.Service.ProductService    : getting product with id 1
]]></system-out>
  <system-err><![CDATA[]]></system-err>
</testsuite>
