<?xml version="1.0" encoding="UTF-8"?>
<testsuite name="com.example.serverjava.ServiceTests.ProductServiceTest" tests="1" skipped="0" failures="0" errors="0" timestamp="2023-12-29T19:51:55" hostname="bar-Latitude-3420" time="0.003">
  <properties/>
  <testcase name="testGetProductById()" classname="com.example.serverjava.ServiceTests.ProductServiceTest" time="0.003"/>
  <system-out><![CDATA[2023-12-29T20:51:54.895+01:00  INFO 28648 --- [    Test worker] t.c.s.AnnotationConfigContextLoaderUtils : Could not detect default configuration classes for test class [com.example.serverjava.ServiceTests.ProductServiceTest]: ProductServiceTest does not declare any static, non-private, non-final, nested classes annotated with @Configuration.
2023-12-29T20:51:54.896+01:00  INFO 28648 --- [    Test worker] .b.t.c.SpringBootTestContextBootstrapper : Found @SpringBootConfiguration com.example.serverjava.ServerJavaApplication for test class com.example.serverjava.ServiceTests.ProductServiceTest

  .   ____          _            __ _ _
 /\\ / ___'_ __ _ _(_)_ __  __ _ \ \ \ \
( ( )\___ | '_ | '_| | '_ \/ _` | \ \ \ \
 \\/  ___)| |_)| | | | | || (_| |  ) ) ) )
  '  |____| .__|_| |_|_| |_\__, | / / / /
 =========|_|==============|___/=/_/_/_/
 :: Spring Boot ::                (v3.1.4)

2023-12-29T20:51:54.907+01:00  INFO 28648 --- [    Test worker] c.e.s.ServiceTests.ProductServiceTest    : Starting ProductServiceTest using Java 17.0.9 with PID 28648 (started by bar in /home/bar/FIT/java-server)
2023-12-29T20:51:54.907+01:00  INFO 28648 --- [    Test worker] c.e.s.ServiceTests.ProductServiceTest    : No active profile set, falling back to 1 default profile: "default"
2023-12-29T20:51:54.968+01:00  INFO 28648 --- [    Test worker] .s.d.r.c.RepositoryConfigurationDelegate : Bootstrapping Spring Data JPA repositories in DEFAULT mode.
2023-12-29T20:51:54.973+01:00  INFO 28648 --- [    Test worker] .s.d.r.c.RepositoryConfigurationDelegate : Finished Spring Data repository scanning in 4 ms. Found 3 JPA repository interfaces.
2023-12-29T20:51:55.020+01:00  INFO 28648 --- [    Test worker] o.hibernate.jpa.internal.util.LogHelper  : HHH000204: Processing PersistenceUnitInfo [name: default]
2023-12-29T20:51:55.023+01:00  INFO 28648 --- [    Test worker] o.h.b.i.BytecodeProviderInitiator        : HHH000021: Bytecode provider name : bytebuddy
2023-12-29T20:51:55.023+01:00  INFO 28648 --- [    Test worker] o.s.o.j.p.SpringPersistenceUnitInfo      : No LoadTimeWeaver setup: ignoring JPA class transformer
2023-12-29T20:51:55.024+01:00  INFO 28648 --- [    Test worker] com.zaxxer.hikari.HikariDataSource       : HikariPool-6 - Starting...
2023-12-29T20:51:55.024+01:00  INFO 28648 --- [    Test worker] com.zaxxer.hikari.pool.HikariPool        : HikariPool-6 - Added connection conn61: url=jdbc:h2:mem:testdb user=SA
2023-12-29T20:51:55.024+01:00  INFO 28648 --- [    Test worker] com.zaxxer.hikari.HikariDataSource       : HikariPool-6 - Start completed.
2023-12-29T20:51:55.035+01:00  INFO 28648 --- [    Test worker] o.h.b.i.BytecodeProviderInitiator        : HHH000021: Bytecode provider name : bytebuddy
2023-12-29T20:51:55.058+01:00  INFO 28648 --- [    Test worker] o.h.e.t.j.p.i.JtaPlatformInitiator       : HHH000490: Using JtaPlatform implementation: [org.hibernate.engine.transaction.jta.platform.internal.NoJtaPlatform]
2023-12-29T20:51:55.065+01:00  INFO 28648 --- [    Test worker] j.LocalContainerEntityManagerFactoryBean : Initialized JPA EntityManagerFactory for persistence unit 'default'
2023-12-29T20:51:55.125+01:00  WARN 28648 --- [    Test worker] JpaBaseConfiguration$JpaWebConfiguration : spring.jpa.open-in-view is enabled by default. Therefore, database queries may be performed during view rendering. Explicitly configure spring.jpa.open-in-view to disable this warning
2023-12-29T20:51:55.163+01:00  WARN 28648 --- [    Test worker] .s.s.UserDetailsServiceAutoConfiguration : 

Using generated security password: d7e52016-0355-4a17-962c-c461ac934c9f

This generated password is for development use only. Your security configuration must be updated before running your application in production.

2023-12-29T20:51:55.170+01:00  INFO 28648 --- [    Test worker] o.s.s.web.DefaultSecurityFilterChain     : Will secure any request with [org.springframework.security.web.session.DisableEncodeUrlFilter@c1add62, org.springframework.security.web.context.request.async.WebAsyncManagerIntegrationFilter@723c7f2f, org.springframework.security.web.context.SecurityContextHolderFilter@39383f9c, org.springframework.security.web.header.HeaderWriterFilter@3dd6aede, org.springframework.security.web.authentication.logout.LogoutFilter@5b7bd551, org.springframework.security.web.authentication.www.BasicAuthenticationFilter@9ce4057, org.springframework.security.web.savedrequest.RequestCacheAwareFilter@2f9404a7, org.springframework.security.web.servletapi.SecurityContextHolderAwareRequestFilter@273cefd5, org.springframework.security.web.authentication.AnonymousAuthenticationFilter@5cb077e3, org.springframework.security.web.session.SessionManagementFilter@5b0bfe86, org.springframework.security.web.access.ExceptionTranslationFilter@408ad61a, org.springframework.security.web.access.intercept.AuthorizationFilter@14c75caf]
2023-12-29T20:51:55.209+01:00  INFO 28648 --- [    Test worker] c.e.s.ServiceTests.ProductServiceTest    : Started ProductServiceTest in 0.311 seconds (process running for 8.516)
2023-12-29T20:51:55.212+01:00  INFO 28648 --- [    Test worker] c.example.serverjava.Config.AdminConfig  : Creating admin
2023-12-29T20:51:55.516+01:00  INFO 28648 --- [    Test worker] c.e.serverjava.Service.ProductService    : getting product with id 1
]]></system-out>
  <system-err><![CDATA[]]></system-err>
</testsuite>
