<?xml version="1.0" encoding="UTF-8"?>
<testsuite name="com.example.serverjava.ControllerTest.UserControllerTest" tests="3" skipped="0" failures="0" errors="0" timestamp="2024-02-12T23:15:27" hostname="DESKTOP-D5705G5" time="0.015">
  <properties/>
  <testcase name="testGetUserByEmail()" classname="com.example.serverjava.ControllerTest.UserControllerTest" time="0.005"/>
  <testcase name="testAddNewUser()" classname="com.example.serverjava.ControllerTest.UserControllerTest" time="0.005"/>
  <testcase name="testGetAllUsers()" classname="com.example.serverjava.ControllerTest.UserControllerTest" time="0.003"/>
  <system-out><![CDATA[2024-02-13T00:15:26.469+01:00  INFO 29751 --- [    Test worker] t.c.s.AnnotationConfigContextLoaderUtils : Could not detect default configuration classes for test class [com.example.serverjava.ControllerTest.UserControllerTest]: UserControllerTest does not declare any static, non-private, non-final, nested classes annotated with @Configuration.
2024-02-13T00:15:26.471+01:00  INFO 29751 --- [    Test worker] .b.t.c.SpringBootTestContextBootstrapper : Found @SpringBootConfiguration com.example.serverjava.ServerJavaApplication for test class com.example.serverjava.ControllerTest.UserControllerTest

  .   ____          _            __ _ _
 /\\ / ___'_ __ _ _(_)_ __  __ _ \ \ \ \
( ( )\___ | '_ | '_| | '_ \/ _` | \ \ \ \
 \\/  ___)| |_)| | | | | || (_| |  ) ) ) )
  '  |____| .__|_| |_|_| |_\__, | / / / /
 =========|_|==============|___/=/_/_/_/
 :: Spring Boot ::                (v3.1.4)

2024-02-13T00:15:26.492+01:00  INFO 29751 --- [    Test worker] c.e.s.ControllerTest.UserControllerTest  : Starting UserControllerTest using Java 17.0.9 with PID 29751 (started by bareldan in /home/bareldan/FOODURA)
2024-02-13T00:15:26.492+01:00  INFO 29751 --- [    Test worker] c.e.s.ControllerTest.UserControllerTest  : No active profile set, falling back to 1 default profile: "default"
2024-02-13T00:15:26.618+01:00  INFO 29751 --- [    Test worker] .s.d.r.c.RepositoryConfigurationDelegate : Bootstrapping Spring Data JPA repositories in DEFAULT mode.
2024-02-13T00:15:26.626+01:00  INFO 29751 --- [    Test worker] .s.d.r.c.RepositoryConfigurationDelegate : Finished Spring Data repository scanning in 6 ms. Found 3 JPA repository interfaces.
2024-02-13T00:15:26.820+01:00  INFO 29751 --- [    Test worker] o.hibernate.jpa.internal.util.LogHelper  : HHH000204: Processing PersistenceUnitInfo [name: default]
2024-02-13T00:15:26.826+01:00  INFO 29751 --- [    Test worker] o.h.b.i.BytecodeProviderInitiator        : HHH000021: Bytecode provider name : bytebuddy
2024-02-13T00:15:26.826+01:00  INFO 29751 --- [    Test worker] o.s.o.j.p.SpringPersistenceUnitInfo      : No LoadTimeWeaver setup: ignoring JPA class transformer
2024-02-13T00:15:26.827+01:00  INFO 29751 --- [    Test worker] com.zaxxer.hikari.HikariDataSource       : HikariPool-3 - Starting...
2024-02-13T00:15:26.828+01:00  INFO 29751 --- [    Test worker] com.zaxxer.hikari.pool.HikariPool        : HikariPool-3 - Added connection conn20: url=jdbc:h2:mem:testdb user=SA
2024-02-13T00:15:26.829+01:00  INFO 29751 --- [    Test worker] com.zaxxer.hikari.HikariDataSource       : HikariPool-3 - Start completed.
2024-02-13T00:15:26.852+01:00  INFO 29751 --- [    Test worker] o.h.b.i.BytecodeProviderInitiator        : HHH000021: Bytecode provider name : bytebuddy
2024-02-13T00:15:26.894+01:00  INFO 29751 --- [    Test worker] o.h.e.t.j.p.i.JtaPlatformInitiator       : HHH000490: Using JtaPlatform implementation: [org.hibernate.engine.transaction.jta.platform.internal.NoJtaPlatform]
2024-02-13T00:15:26.909+01:00  INFO 29751 --- [    Test worker] j.LocalContainerEntityManagerFactoryBean : Initialized JPA EntityManagerFactory for persistence unit 'default'
2024-02-13T00:15:27.000+01:00  WARN 29751 --- [    Test worker] JpaBaseConfiguration$JpaWebConfiguration : spring.jpa.open-in-view is enabled by default. Therefore, database queries may be performed during view rendering. Explicitly configure spring.jpa.open-in-view to disable this warning
2024-02-13T00:15:27.042+01:00  WARN 29751 --- [    Test worker] .s.s.UserDetailsServiceAutoConfiguration : 

Using generated security password: 08c4c6f7-0143-4c9a-a855-9dcd0b02d688

This generated password is for development use only. Your security configuration must be updated before running your application in production.

2024-02-13T00:15:27.050+01:00  INFO 29751 --- [    Test worker] o.s.s.web.DefaultSecurityFilterChain     : Will secure any request with [org.springframework.security.web.session.DisableEncodeUrlFilter@3200f6e5, org.springframework.security.web.context.request.async.WebAsyncManagerIntegrationFilter@1703b09a, org.springframework.security.web.context.SecurityContextHolderFilter@44bd4b94, org.springframework.security.web.header.HeaderWriterFilter@18fb5226, org.springframework.security.web.authentication.logout.LogoutFilter@6671ec3b, org.springframework.security.web.authentication.www.BasicAuthenticationFilter@5bf9c995, org.springframework.security.web.savedrequest.RequestCacheAwareFilter@1bcb2501, org.springframework.security.web.servletapi.SecurityContextHolderAwareRequestFilter@59632e3c, org.springframework.security.web.authentication.AnonymousAuthenticationFilter@64476bb5, org.springframework.security.web.session.SessionManagementFilter@403a2ed5, org.springframework.security.web.access.ExceptionTranslationFilter@4613274d, org.springframework.security.web.access.intercept.AuthorizationFilter@6402f6b1]
2024-02-13T00:15:27.097+01:00  INFO 29751 --- [    Test worker] c.e.s.ControllerTest.UserControllerTest  : Started UserControllerTest in 0.623 seconds (process running for 7.857)
2024-02-13T00:15:27.099+01:00  INFO 29751 --- [    Test worker] c.example.serverjava.Config.AdminConfig  : Creating admin
]]></system-out>
  <system-err><![CDATA[]]></system-err>
</testsuite>
